do run
loading script "felix_analysis120_60.py"
loading script "felix_pump_ms.py"
loading script "felix_diode.py"
loading script "felix_pump_extraction_line.py"
testing...
no interpolation path defined
executed snippet estimated_duration=268.240832, duration=0.000258922576904
script duration name:analysis120_60 seconds:268.0
loading script "felix_analysis120_60.py"
loading script "felix_pump_ms.py"
loading script "felix_diode.py"
loading script "felix_pump_extraction_line.py"
testing...
no interpolation path defined
executed snippet estimated_duration=0, duration=2.38418579102e-05
loading script "felix_analysis120_60.py"
loading script "felix_pump_ms.py"
loading script "felix_diode.py"
loading script "felix_pump_extraction_line.py"
testing...
no interpolation path defined
calculate duration
testing...
no interpolation path defined
executed snippet estimated_duration=0, duration=9.10758972168e-05
calculate duration
testing...
no interpolation path defined
executed snippet estimated_duration=0, duration=2.59876251221e-05
calculate duration
testing...
no interpolation path defined
executed snippet estimated_duration=42.0, duration=0.000108003616333
executed snippet estimated_duration=42.0, duration=0.00349688529968
script duration name:diode seconds:42.0
loading script "felix_analysis120_60.py"
loading script "felix_pump_ms.py"
loading script "felix_diode.py"
loading script "felix_pump_extraction_line.py"
testing...
no interpolation path defined
calculate duration
testing...
no interpolation path defined
executed snippet estimated_duration=4.0, duration=0.000200033187866
executed snippet estimated_duration=4.0, duration=0.00131607055664
Script duration 310.0
Run total estimated duration= 311.000
run duration: 0:05:11
doing event level: 2
14:37:02 -- Setting default integration. t=1.048576
setting integration time = 1.048576
SetIntegrationTime 1.048576 ===>> OK
----------------- start -----------------
**************** Experiment Type: Ar/Ar, Ar/Ar
create new session 4701247152
close session 4701247152
$$$$$ Clearing conditionals
adding conditionals 
Add queue conditionals
add default conditionals
adding default conditionals from /Users/obama/PychronDev/setupfiles/spectrometer/default_conditionals.yaml
Start automated run be-01-F-01
loading script "felix_analysis120_60.py"
loading script "felix_pump_ms.py"
loading script "felix_diode.py"
loading script "felix_pump_extraction_line.py"
%%%%%%%%%%%%%%%%%% setting automated run be-01-F-01
No value "sensitivity_multiplier" in metadata
$$$$$$$$$$$$$$$ auto_save_detector_ic=False
============================= Pre Extraction Check =============================
loading queue conditionals pre_run_terminations
loading system conditionals pre_run_terminations
loading conditionals from /Users/obama/PychronDev/setupfiles/spectrometer/default_conditionals.yaml
14:37:02 -- ******* Pre Extraction Check *******
Get a measurement from the spectrometer
GetData ===>> L2(CDD),0.00157244725244406,H2,0.224560560865681,H1,0.0656210495353006,AX,-0.183882937654551,L1,-...
Pre Extraction Termination data. keys=L2(CDD),H2,H1,AX,L1,L2, signals=0.00157,0.22456,0.06562,-0.18388,-0.32216,-0.33369
14:37:02 -- testing system defined conditionals
Checking default pre extraction terminations n=2
testing L2_CDD_
evaluate ot="L2(CDD).inactive" t="L2_CDD_", ctx="{'L2_CDD_': False}"
GetDeflection L2 (CDD) ===>> 0
testing L2_CDD_==3250
evaluate ot="L2(CDD).deflection==3250" t="L2_CDD_==3250", ctx="{'L2_CDD_': 0.0}"
14:37:02 -- ******* Pre Extraction Check Passed *******
=================================================================================
14:37:02 -- stopping status monitor
stop 4723581488
Alive clients [4673391504]
14:37:02 -- starting status monitor
start 4723581488
Monitor already running
start extraction
do extraction
Analysis started at 14:37:02.663554
Extraction Started felix_diode.py
14:37:02 -- ******* Extraction Started felix_diode.py *******
state changed from not run to extraction
DO EXTRACTION <pychron.extraction_line.pyscript_runner.RemotePyScriptRunner object at 0x11a256590>
testing...
no interpolation path defined
calculate duration
testing...
no interpolation path defined
executed snippet estimated_duration=0, duration=0.000104904174805
calculate duration
testing...
no interpolation path defined
executed snippet estimated_duration=0, duration=2.59876251221e-05
calculate duration
testing...
no interpolation path defined
executed snippet estimated_duration=42.0, duration=0.000103950500488
executed snippet estimated_duration=162.0, duration=0.00420808792114
Felix unknown laser analysis
set_motor ('beam', '') {}
setting motor "beam" to 
doing GOSUB
testing...
no interpolation path defined
executed snippet estimated_duration=0, duration=8.89301300049e-05
Prepare for Diode Analysis
close () {'description': 'Felix Inlet'}
closing name=--- desc=Felix Inlet
checking ownership. requestor=129.138.12.137
check software interlocks H
interlocks []
actuate state mode=None-script, software_lock=False
doing actuation None-script close_channel False
Close H ===>> OK
GetIndicatorState H ===>> False
change switch state (True, True)
update switch state H False args=() kw={} ncanvase=2
14:37:02 -- CLOSE  VALVE-H (Felix Inlet)
---------------------------------------- close None (Felix Inlet) result=[(True, True)]
action=close, ok=True, locked=[False]
open () {'description': 'Felix Ion Pump'}
opening name=--- desc=Felix Ion Pump
checking ownership. requestor=129.138.12.137
check software interlocks V
interlocks []
actuate state mode=None-script, software_lock=False
doing actuation None-script open_channel False
Open V ===>> OK
GetIndicatorState V ===>> OK
change switch state (True, True)
update switch state V True args=() kw={} ncanvase=2
14:37:03 -- OPEN   VALVE-V (Felix Ion Pump)
---------------------------------------- open None (Felix Ion Pump) result=[(True, True)], time=0.12 sec
action=open, ok=True, locked=[False]
close () {'description': 'Bone to Minibone'}
closing name=--- desc=Bone to Minibone
checking ownership. requestor=129.138.12.137
check software interlocks E
interlocks []
actuate state mode=None-script, software_lock=False
doing actuation None-script close_channel True
Close E ===>> OK
GetIndicatorState E ===>> False
change switch state (True, True)
update switch state E False args=() kw={} ncanvase=2
14:37:03 -- CLOSE  VALVE-E (Bone to Minibone)
---------------------------------------- close None (Bone to Minibone) result=[(True, True)]
action=close, ok=True, locked=[False]
open () {'description': 'Bone to Getter GP-50'}
opening name=--- desc=Bone to Getter GP-50
checking ownership. requestor=129.138.12.137
check software interlocks N
interlocks []
actuate state mode=None-script, software_lock=False
doing actuation None-script open_channel False
Open N ===>> OK
GetIndicatorState N ===>> OK
change switch state (True, True)
update switch state N True args=() kw={} ncanvase=2
14:37:04 -- OPEN   VALVE-N (Bone to Getter GP-50)
---------------------------------------- open None (Bone to Getter GP-50) result=[(True, True)], time=0.15 sec
action=open, ok=True, locked=[False]
close () {'description': 'Bone to CO2 Laser'}
closing name=--- desc=Bone to CO2 Laser
checking ownership. requestor=129.138.12.137
check software interlocks D
interlocks []
actuate state mode=None-script, software_lock=False
doing actuation None-script close_channel True
Close D ===>> OK
GetIndicatorState D ===>> False
change switch state (True, True)
update switch state D False args=() kw={} ncanvase=2
14:37:04 -- CLOSE  VALVE-D (Bone to CO2 Laser)
---------------------------------------- close None (Bone to CO2 Laser) result=[(True, True)]
action=close, ok=True, locked=[False]
open () {'description': 'Bone to Diode Laser'}
opening name=--- desc=Bone to Diode Laser
checking ownership. requestor=129.138.12.137
check software interlocks B
interlocks []
actuate state mode=None-script, software_lock=False
doing actuation None-script open_channel False
Open B ===>> OK
GetIndicatorState B ===>> OK
change switch state (True, True)
update switch state B True args=() kw={} ncanvase=2
14:37:04 -- OPEN   VALVE-B (Bone to Diode Laser)
---------------------------------------- open None (Bone to Diode Laser) result=[(True, True)], time=0.14 sec
action=open, ok=True, locked=[False]
executed snippet estimated_duration=0, duration=2.55324411392
PrepareForDiodeAnalysis.py completed successfully
gosub finished
doing GOSUB
testing...
no interpolation path defined
executed snippet estimated_duration=0, duration=4.31537628174e-05
Isolate coldfinger
close () {'name': 'B', 'description': 'Bone to Diode Laser'}
closing name=B desc=Bone to Diode Laser
checking ownership. requestor=129.138.12.137
check software interlocks B
interlocks []
actuate state mode=None-script, software_lock=False
doing actuation None-script close_channel True
Close B ===>> OK
GetIndicatorState B ===>> False
change switch state (True, True)
update switch state B False args=() kw={} ncanvase=2
14:37:05 -- CLOSE  VALVE-B (Bone to Diode Laser)
---------------------------------------- close B (Bone to Diode Laser) result=[(True, True)]
action=close, ok=True, locked=[False]
executed snippet estimated_duration=0, duration=0.409322977066
IsolateDiodeColdfinger.py completed successfully
gosub finished
open () {'description': 'Bone to Turbo'}
opening name=--- desc=Bone to Turbo
checking ownership. requestor=129.138.12.137
check software interlocks C
interlocks []
actuate state mode=None-script, software_lock=False
doing actuation None-script open_channel False
Open C ===>> OK
GetIndicatorState C ===>> OK
change switch state (True, True)
update switch state C True args=() kw={} ncanvase=2
14:37:05 -- OPEN   VALVE-C (Bone to Turbo)
---------------------------------------- open None (Bone to Turbo) result=[(True, True)], time=0.14 sec
action=open, ok=True, locked=[False]
Blank Analyis. No laser heating
sleep (30.0,) {}
SLEEP 30.0
block started
WaitControl setup for 30.0  
Join finished
block finished. duration 30.0563380718
doing GOSUB
testing...
no interpolation path defined
executed snippet estimated_duration=42.0, duration=0.000123023986816
Equilibrate then isolate coldfinger
close () {'name': 'C', 'description': 'Bone to Turbo'}
closing name=C desc=Bone to Turbo
checking ownership. requestor=129.138.12.137
check software interlocks C
interlocks []
actuate state mode=None-script, software_lock=False
doing actuation None-script close_channel True
Close C ===>> OK
GetIndicatorState C ===>> False
change switch state (True, True)
update switch state C False args=() kw={} ncanvase=2
14:37:36 -- CLOSE  VALVE-C (Bone to Turbo)
---------------------------------------- close C (Bone to Turbo) result=[(True, True)]
action=close, ok=True, locked=[False]
sleep (1,) {}
SLEEP 1.0
open () {'name': 'B', 'description': 'Bone to Diode Laser'}
opening name=B desc=Bone to Diode Laser
checking ownership. requestor=129.138.12.137
check software interlocks B
interlocks []
actuate state mode=None-script, software_lock=False
doing actuation None-script open_channel True
Open B ===>> OK
GetIndicatorState B ===>> OK
change switch state (True, True)
update switch state B True args=() kw={} ncanvase=2
14:37:37 -- OPEN   VALVE-B (Bone to Diode Laser)
---------------------------------------- open B (Bone to Diode Laser) result=[(True, True)], time=0.16 sec
action=open, ok=True, locked=[False]
sleep (20,) {}
SLEEP 20.0
block started
WaitControl setup for 20.0  
Join finished
block finished. duration 20.0634400845
close () {'name': 'B', 'description': 'Bone to Diode Laser'}
closing name=B desc=Bone to Diode Laser
checking ownership. requestor=129.138.12.137
check software interlocks B
interlocks []
actuate state mode=None-script, software_lock=False
doing actuation None-script close_channel True
Close B ===>> OK
GetIndicatorState B ===>> False
change switch state (True, True)
update switch state B False args=() kw={} ncanvase=2
14:37:58 -- CLOSE  VALVE-B (Bone to Diode Laser)
---------------------------------------- close B (Bone to Diode Laser) result=[(True, True)]
action=close, ok=True, locked=[False]
executed snippet estimated_duration=63.0, duration=22.2942090034
EquilibrateThenIsolateDiodeColdfinger.py completed successfully
gosub finished
sleep (30.0,) {}
SLEEP 30.0
block started
WaitControl setup for 30.0  
Join finished
block finished. duration 30.1084709167
executed snippet estimated_duration=222.0, duration=85.8335092068
felix_diode.py completed successfully
GetAchievedOutput ===>> No Response
Requested Output= 0.000
Achieved Output=  0.000
GetResponseBlob ===>> P{[177]N[00][00][00][00][00][201][205]=[00][00][250]D[152][138][06]@[00][00][250]D[233]T[131]@[00...
GetOutputBlob ===>> P{[177]N[00][00][00][00][00][201][205]=[209][03][08]B[152][138][06]@[00][00][00][00][233]T[131]@[...
persistence save...
persistence save - db
AutomatedRunPersister post_extraction_save deprecated
persistence save - dvc
no extraction position for 
create new session 4672955408
close session 4672955408
Extraction Finished
14:38:28 -- ******* Extraction Finished *******
no overlap. not waiting for min ms pumptime
14:38:28 -- Sending spectrometer configuration
======== Sending configuration ========
SetZFocus 9.84 ===>> OK
SetHV 9000.0 ===>> OK
SetZSymmetry 18.34 ===>> OK
SetExtractionLens 42.35 ===>> OK
SetIonRepeller -4.08 ===>> OK
SetElectronEnergy 107.0 ===>> OK
SetYSymmetry 12.72 ===>> OK
send trap current 400.0
GetParameter Trap Current Readback ===>> 398.979307819081
SetParameter Trap Current Set,400.0 ===>> OK
updating mftable name argon
Using mftable located at /Users/obama/PychronDev/setupfiles/spectrometer/mftables/argon.csv
============ MFtable ===========
Isotope  H2     H1     AX     L1     L2     L2(CDD)
Ar40     3.4934 3.5646 3.6389 3.7158 3.8117 3.7983
Ar39     3.4244 3.4947 3.5675 3.6458 3.7368 3.7231
Ar36     3.2143 3.2805 3.3489 3.4207 3.5174 3.4947
================================
get initial guess parabolic
get initial guess parabolic
get initial guess parabolic
get initial guess parabolic
get initial guess parabolic
get initial guess parabolic
======== Configuration Finished ========
GetYSymmetry ===>> 12.72
GetZSymmetry ===>> 18.34
GetParameter Trap Current Readback ===>> 397.412928035158
GetHighVoltage ===>> 9000
start measurement
do measurement
L#=be-01-F analysis type=blank_extractionline
Measurement Started felix_analysis120_60.py
14:38:28 -- ******* Measurement Started felix_analysis120_60.py *******
state changed from extraction to measurement
setting spec, defl, and gains
GetExtractionLens ===>> 42.35
GetYSymmetry ===>> 12.72
GetZSymmetry ===>> 18.34
GetZFocus ===>> 9.84
GetDeflection H2 (CDD) ===>> 3250
GetDeflection H1 (CDD) ===>> 3250
GetDeflection AX (CDD) ===>> 3250
GetDeflection L1 (CDD) ===>> 3250
GetDeflection L2 (CDD) ===>> 0
GetGain H2 ===>> 0.9809305
GetGain H1 ===>> 0.96484
GetGain AX ===>> 0.96253
GetGain L1 ===>> 0.970094835296087
GetGain L2 ===>> 0.967359864778375
GetGain H2(CDD) ===>> 0
GetGain H1(CDD) ===>> 0
GetGain AX(CDD) ===>> 0
GetGain L1(CDD) ===>> 0
GetGain L2(CDD) ===>> 0
pre measurement save
New frame /Users/obama/PychronDev/data/isotopes/ba/f86b5c-5133-4a94-8f60-150c2a6717ae.h5
flush and close file /Users/obama/PychronDev/data/isotopes/ba/f86b5c-5133-4a94-8f60-150c2a6717ae.h5
testing...
no interpolation path defined
executed snippet estimated_duration=294.240832, duration=0.000256061553955
unknown measurement script
activate_detectors ('H2', 'H1', 'AX', 'L1', 'L2(CDD)') {}
activate detectors
*************** Set Analysis View Ar/Ar
create graphs
clearing graphs
clear isotope group
setting isotope det=H2, iso=Ar40
setting isotope det=H1, iso=Ar39
setting isotope det=AX, iso=Ar38
setting isotope det=L1, iso=Ar37
setting isotope det=L2(CDD), iso=Ar36
load analysis view
position_magnet ('Ar40',) {'detector': 'H2'}
detector Detector(H2)
POSITION Ar40 H2
setting detector H2 to Ar40 (39.9624)
setting detector H1 to Ar39 (38.8624)
setting detector AX to Ar38 (37.9624)
setting detector L1 to Ar37 (36.9624)
setting detector L2 to Ar36 (35.8624)
setting detector H2(CDD) to Ar40 (39.8624)
setting detector H1(CDD) to Ar39 (38.8624)
setting detector AX(CDD) to Ar38 (37.8624)
setting detector L1(CDD) to Ar37 (36.8624)
setting detector L2(CDD) to Ar36 (35.9624)
Mapping mass to dac mass func: "parabolic"
H2 map mass coeffs = [ -2.38925034e-04   8.80081338e-02   3.57945459e-01]
H2 map mass to dac 39.9624 >> 3.4934
GetHighVoltage ===>> 9000
positioning Ar40 (3.4934) on H2
setting magnet DAC
current  : 3.493397
requested: 3.493400
Delta Dac: 0.000003
Checking detector protection. dv=0.00000
SetMagnetDAC 3.4934 ===>> OK
Magnet settling time: 0.500
update labels <pychron.experiment.plot_panel.PlotPanel object at 0x11f43add0>
update labels "<pychron.graph.stacked_regression_graph.StackedRegressionGraph object at 0x1241a9d70>"
setting label 0 H2 Ar40
setting label 1 H1 Ar39
setting label 2 AX Ar38
setting label 3 L1 Ar37
setting label 4 L2(CDD) Ar36
update labels "<pychron.graph.stacked_graph.StackedGraph object at 0x1241d2b30>"
setting label 0 H2 Ar40
setting label 1 H1 Ar39
setting label 2 AX Ar38
setting label 3 L1 Ar37
setting label 4 L2(CDD) Ar36
equilibrate () {'delay': 3, 'inlet': 'H', 'outlet': 'V', 'eqtime': 25.0}
Equilibration Started
14:38:29 -- ******* Equilibration Started *******
checking ownership. requestor=129.138.12.137
check software interlocks V
interlocks []
actuate state mode=None-script, software_lock=False
doing actuation None-script close_channel True
Close V ===>> OK
GetIndicatorState V ===>> False
change switch state (True, True)
update switch state V False args=() kw={} ncanvase=2
14:38:30 -- CLOSE  VALVE-V (Felix Ion Pump)
waiting 3s before opening inlet value ('H',)
checking ownership. requestor=129.138.12.137
check software interlocks H
interlocks []
actuate state mode=None-script, software_lock=False
doing actuation None-script open_channel True
Open H ===>> OK
GetIndicatorState H ===>> OK
change switch state (True, True)
update switch state H True args=() kw={} ncanvase=2
14:38:33 -- OPEN   VALVE-H (Felix Inlet)
set_time_zero () {}
equilibrating for 25.0sec
sniff (25.0,) {}
py_sniff
build tables- sniff [Detector(H2), Detector(H1), Detector(AX), Detector(L1), Detector(L2(CDD))]
add group /sniff/Ar40 (Group) u'' table H2
add group /sniff/Ar39 (Group) u'' table H1
add group /sniff/Ar38 (Group) u'' table AX
add group /sniff/Ar37 (Group) u'' table L1
add group /sniff/Ar36 (Group) u'' table L2(CDD)
flush and close file /Users/obama/PychronDev/data/isotopes/ba/f86b5c-5133-4a94-8f60-150c2a6717ae.h5
measuring sniff. ncounts=25.0
"sniff" increment series count="1" fit count="0" regressing="False"
starting measurement
GetData ===>> L2(CDD),0.000628978828996695,H2,0.363302741957628,H1,0.264806137478047,AX,-0.104315430997133,L1,-...
GetData ===>> L2(CDD),0.00125795775396796,H2,0.457635343560502,H1,-0.0282678707160085,AX,-0.0546683943427979,L1...
GetData ===>> L2(CDD),0.0020441815451463,H2,0.566787998289229,H1,-0.111002061550865,AX,0.172846397367058,L1,-0....
GetData ===>> L2(CDD),0.000943468279485503,H2,0.699513506783875,H1,-0.166843628925891,AX,-0.0102934711208725,L1...
GetData ===>> L2(CDD),0.00125795775396796,H2,0.4221866736996,H1,0.0434408351474487,AX,-0.0574202601878661,L1,-0...
GetData ===>> L2(CDD),0.00110071301372752,H2,0.529469481399553,H1,0.0967661492245381,AX,0.0902743279952936,L1,-...
GetData ===>> L2(CDD),0.0020441815451463,H2,0.643062144690158,H1,-0.413610853634548,AX,-0.0281812832252949,L1,-...
GetData ===>> L2(CDD),0.0014152025002068,H2,0.543813617917541,H1,0.113660775260451,AX,-0.15522104924395,L1,-0.5...
GetData ===>> L2(CDD),0.00157244725244406,H2,0.450172358956205,H1,0.0599897550913478,AX,-0.104200775664335,L1,-...
GetData ===>> L2(CDD),0.0020441815451463,H2,0.515592021014449,H1,-0.0603282118027303,AX,-0.0829893041054727,L1,...
GetData ===>> L2(CDD),0.00157244725244406,H2,0.652509356469692,H1,0.0699881984712233,AX,0.0598850025225458,L1,-...
GetData ===>> L2(CDD),0.000786223551241894,H2,0.521073011261152,H1,0.0442452899683569,AX,-0.272041555162065,L1,...
GetData ===>> L2(CDD),0.00188693677491381,H2,0.54311389906172,H1,-0.172013980896126,AX,-0.141233737753523,L1,-0...
GetData ===>> L2(CDD),0.0020441815451463,H2,0.623351589112713,H1,-0.225324438346342,AX,-0.239369927549343,L1,-0...
GetData ===>> L2(CDD),0.00110071301372752,H2,0.62545091933425,H1,0.0367753781519249,AX,-0.141004435871153,L1,-0...
GetData ===>> L2(CDD),0.00157244725244406,H2,0.689249380516094,H1,-0.0602133020888918,AX,-0.282817217144221,L1,...
GetData ===>> L2(CDD),0.00188693677491381,H2,0.695314533024352,H1,-0.20315040339714,AX,0.0863752665405178,L1,-0...
GetData ===>> L2(CDD),0.00110071301372752,H2,0.660440419505686,H1,-0.235779376424708,AX,0.0153921738716065,L1,-...
GetData ===>> L2(CDD),0.000943468279485503,H2,0.547895321214592,H1,-0.0799775715837608,AX,-0.115436933335956,L1...
GetData ===>> L2(CDD),0.0014152025002068,H2,0.360504385895004,H1,0.0414871619462172,AX,-0.167603089771974,L1,-0...
GetData ===>> L2(CDD),0.00188693677491381,H2,0.380093046428261,H1,0.0413722401161759,AX,-0.0410236099580594,L1,...
GetData ===>> L2(CDD),0.000786223551241894,H2,0.637580471032412,H1,0.0598748310576594,AX,-0.131832315784387,L1,...
GetData ===>> L2(CDD),0.00110071301372752,H2,0.609239541754731,H1,-0.156502841838128,AX,0.0567887854877373,L1,-...
GetData ===>> L2(CDD),0.00220142632137721,H2,0.452154708689423,H1,-0.197405751615106,AX,-0.0591401723453991,L1,...
Equilibration Finished
14:38:58 -- ******* Equilibration Finished *******
checking ownership. requestor=129.138.12.137
check software interlocks H
interlocks []
actuate state mode=None-script, software_lock=False
doing actuation None-script close_channel True
Close H ===>> OK
GetIndicatorState H ===>> False
change switch state (True, True)
update switch state H False args=() kw={} ncanvase=2
14:38:58 -- CLOSE  VALVE-H (Felix Inlet)
Post Equilibration Started felix_pump_extraction_line.py
14:38:58 -- ******* Post Equilibration Started felix_pump_extraction_line.py *******
testing...
no interpolation path defined
calculate duration
testing...
no interpolation path defined
executed snippet estimated_duration=4.0, duration=0.000264167785645
executed snippet estimated_duration=4.0, duration=0.00811696052551
Pump after analysis
doing GOSUB
testing...
no interpolation path defined
executed snippet estimated_duration=4.0, duration=0.000287055969238
Pump Bone
close () {'description': 'Felix Inlet'}
closing name=--- desc=Felix Inlet
checking ownership. requestor=129.138.12.137
check software interlocks H
interlocks []
actuate state mode=None-script, software_lock=False
doing actuation None-script close_channel False
Close H ===>> OK
GetIndicatorState H ===>> False
change switch state (True, True)
update switch state H False args=() kw={} ncanvase=2
14:38:58 -- CLOSE  VALVE-H (Felix Inlet)
---------------------------------------- close None (Felix Inlet) result=[(True, True)]
action=close, ok=True, locked=[False]
is_closed ('A',) {}
is A () closed?
is closed False
close () {'description': 'CO2 Laser to Bone'}
closing name=--- desc=CO2 Laser to Bone
checking ownership. requestor=129.138.12.137
check software interlocks F
interlocks []
actuate state mode=None-script, software_lock=True
VALVE-F(CO2 Laser to Bone) software locked
change switch state (True, False)
---------------------------------------- close None (CO2 Laser to Bone) result=[(True, False)]
action=close, ok=True, locked=[True]
sleep (1,) {}
SLEEP 1.0
14:38:59 -- collecting point 25
GetData ===>> L2(CDD),0.0014152025002068,H2,0.699513506783875,H1,-0.0592940238839375,AX,-0.152584112628723,L1,-...
set states for children of O. state=True
handle state [('O', True)]
update switch state O True args=() kw={'refresh': False} ncanvase=2
refresh_canvas_needed fired
close () {'description': 'CO2 Laser to Roughing'}
closing name=--- desc=CO2 Laser to Roughing
checking ownership. requestor=129.138.12.137
check software interlocks G
interlocks []
actuate state mode=None-script, software_lock=True
VALVE-G(CO2 Laser to Roughing) software locked
change switch state (True, False)
---------------------------------------- close None (CO2 Laser to Roughing) result=[(True, False)]
action=close, ok=True, locked=[True]
open () {'description': 'Bone to Turbo'}
opening name=--- desc=Bone to Turbo
checking ownership. requestor=129.138.12.137
check software interlocks C
interlocks []
actuate state mode=None-script, software_lock=False
doing actuation None-script open_channel True
Open C ===>> OK
GetIndicatorState C ===>> OK
change switch state (True, True)
update switch state C True args=() kw={} ncanvase=2
14:39:00 -- OPEN   VALVE-C (Bone to Turbo)
---------------------------------------- open None (Bone to Turbo) result=[(True, True)], time=0.16 sec
measurement finished
estimated time: 26.214 actual time: :26.364
flush and close file /Users/obama/PychronDev/data/isotopes/ba/f86b5c-5133-4a94-8f60-150c2a6717ae.h5
set_fits () {}
using default fits file=/Users/obama/PychronDev/scripts/measurement/fits/nominal.yaml
set "Ar40" to "('Parabolic', 'SEM')"
set "Ar36" to "('Parabolic', 'SEM')"
set "Ar37" to "('linear', 'SEM')"
set "Ar38" to "('linear', 'SEM')"
set "Ar39" to "('Parabolic', 'SEM')"
set_baseline_fits () {}
using default fits file=/Users/obama/PychronDev/scripts/measurement/fits/nominal.yaml
set "H2" to "('average', 'SEM')"
set "L2(CDD)" to "('average', 'SEM')"
set "L1" to "('average', 'SEM')"
set "AX" to "('average', 'SEM')"
set "H1" to "('average', 'SEM')"
multicollect () {'integration_time': 1.048576, 'ncounts': 120}
build tables- signal [Detector(H2), Detector(H1), Detector(AX), Detector(L1), Detector(L2(CDD))]
add group /signal/Ar40 (Group) u'' table H2
add group /signal/Ar39 (Group) u'' table H1
add group /signal/Ar38 (Group) u'' table AX
add group /signal/Ar37 (Group) u'' table L1
add group /signal/Ar36 (Group) u'' table L2(CDD)
flush and close file /Users/obama/PychronDev/data/isotopes/ba/f86b5c-5133-4a94-8f60-150c2a6717ae.h5
measuring signal. ncounts=120
"signal" increment series count="2" fit count="1" regressing="True"
action=open, ok=True, locked=[False]
open () {'description': 'Bone to Getter GP-50'}
opening name=--- desc=Bone to Getter GP-50
checking ownership. requestor=129.138.12.137
check software interlocks N
interlocks []
actuate state mode=None-script, software_lock=False
doing actuation None-script open_channel False
Open N ===>> OK
GetIndicatorState N ===>> OK
change switch state (True, True)
update switch state N True args=() kw={} ncanvase=2
14:39:00 -- OPEN   VALVE-N (Bone to Getter GP-50)
---------------------------------------- open None (Bone to Getter GP-50) result=[(True, True)], time=0.16 sec
action=open, ok=True, locked=[False]
open () {'description': 'Bone to Diode Laser'}
opening name=--- desc=Bone to Diode Laser
checking ownership. requestor=129.138.12.137
check software interlocks B
interlocks []
actuate state mode=None-script, software_lock=False
doing actuation None-script open_channel True
Open B ===>> OK
starting measurement
GetData ===>> L2(CDD),0.00220142632137721,H2,0.808602235072526,H1,-0.074002370027001,AX,0.0264005172951658,L1,-...
GetIndicatorState B ===>> OK
change switch state (True, True)
update switch state B True args=() kw={} ncanvase=2
14:39:00 -- OPEN   VALVE-B (Bone to Diode Laser)
---------------------------------------- open None (Bone to Diode Laser) result=[(True, True)], time=0.18 sec
action=open, ok=True, locked=[False]
open () {'description': 'Bone to CO2 Laser'}
opening name=--- desc=Bone to CO2 Laser
checking ownership. requestor=129.138.12.137
check software interlocks D
interlocks []
actuate state mode=None-script, software_lock=False
doing actuation None-script open_channel True
Open D ===>> OK
GetIndicatorState D ===>> OK
change switch state (True, True)
update switch state D True args=() kw={} ncanvase=2
14:39:01 -- OPEN   VALVE-D (Bone to CO2 Laser)
---------------------------------------- open None (Bone to CO2 Laser) result=[(True, True)], time=0.15 sec
action=open, ok=True, locked=[False]
sleep (1,) {}
SLEEP 1.0
GetData ===>> L2(CDD),0.00172969201067973,H2,0.649243643316559,H1,-0.197061071420222,AX,-0.197411052432344,L1,-...
set_resource () {'name': 'CO2PumpTimeFlag', 'value': 30}
Set CO2PumpTimeFlag 30 ===>> OK
release ('FelixCO2Flag',) {}
release FelixCO2Flag
Set FelixCO2Flag 0 ===>> OK
executed snippet estimated_duration=6.0, duration=4.14803099632
PumpBone.py completed successfully
gosub finished
get_resource_value () {'name': 'FelixMiniboneFlag'}
Read FelixMiniboneFlag ===>> 0
Get Resource Value FelixMiniboneFlag=0.0
executed snippet estimated_duration=4.0, duration=4.15655303001
felix_pump_extraction_line.py completed successfully
Post Equilibration Finished
14:39:02 -- ******* Post Equilibration Finished *******
GetData ===>> L2(CDD),0.00157244725244406,H2,0.702312832634338,H1,-0.0905489913563834,AX,-0.291070834074168,L1,...
GetData ===>> L2(CDD),0.0020441815451463,H2,0.794617535061287,H1,-0.196256817153051,AX,-0.1351572194171,L1,-0.6...
GetData ===>> L2(CDD),0.00220142632137721,H2,0.52865315475175,H1,-0.00608930513564798,AX,-0.0875756078410566,L1...
GetData ===>> L2(CDD),0.00220142632137721,H2,0.619269571020497,H1,0.00678139162023699,AX,-0.195691387375919,L1,...
GetData ===>> L2(CDD),0.00110071301372752,H2,0.878295636565373,H1,0.0324083795756039,AX,0.0508257288927415,L1,-...
GetData ===>> L2(CDD),0.00172969201067973,H2,0.581715803607935,H1,-0.12111353155401,AX,-0.0299012476374224,L1,-...
GetData ===>> L2(CDD),0.00172969201067973,H2,0.620669118162225,H1,0.227908392767111,AX,-0.000776102251512794,L1...
GetData ===>> L2(CDD),0.0020441815451463,H2,1.02527407986238,H1,-0.086527269227949,AX,0.0532338819162873,L1,-0....
GetData ===>> L2(CDD),0.00267316068606042,H2,0.762733567425017,H1,0.135382872082199,AX,-0.140889784909878,L1,-0...
GetData ===>> L2(CDD),0.00251591589183427,H2,0.859764632338211,H1,0.0683792465629159,AX,-0.123233373807644,L1,-...
GetData ===>> L2(CDD),0.00172969201067973,H2,0.593844813133726,H1,0.0507958756283368,AX,-0.135386522692313,L1,-...
GetData ===>> L2(CDD),0.00188693677491381,H2,0.874333002391034,H1,-0.157307129254269,AX,-0.234669707395273,L1,-...
GetDeflection L2 (CDD) ===>> 0
testing L2_CDD_==3250
evaluate ot="L2(CDD).deflection==3250" t="L2_CDD_==3250", ctx="{'L2_CDD_': 0.0}"
GetData ===>> L2(CDD),0.000943468279485503,H2,1.02923732528698,H1,-0.0725085638545763,AX,-0.24097487551447,L1,-...
GetData ===>> L2(CDD),0.00188693677491381,H2,0.644461725864966,H1,0.157680136267786,AX,-0.11589554922978,L1,-0....
GetData ===>> L2(CDD),0.00235867110360653,H2,0.730539815808825,H1,0.0355112449518401,AX,-0.240401680119898,L1,-...
GetData ===>> L2(CDD),0.00125795775396796,H2,0.588246790053655,H1,-0.152366495961163,AX,-0.116124857094515,L1,-...
GetData ===>> L2(CDD),0.00251591589183427,H2,0.745120188031937,H1,0.177794089911356,AX,-0.231574427927298,L1,-0...
GetData ===>> L2(CDD),0.0014152025002068,H2,0.620902376213756,H1,-0.0613623986124155,AX,-0.225154557290897,L1,-...
GetData ===>> L2(CDD),0.0020441815451463,H2,0.797181381768177,H1,-0.0871018019870555,AX,0.00587464511231357,L1,...
GetData ===>> L2(CDD),0.00172969201067973,H2,0.723891238198017,H1,-0.122607262454511,AX,-0.157972627573658,L1,-...
GetData ===>> L2(CDD),0.00220142632137721,H2,0.588713290753608,H1,0.110097938347776,AX,-0.119335161467001,L1,-0...
GetData ===>> L2(CDD),0.00157244725244406,H2,0.994617753086303,H1,0.0441303678101037,AX,0.0148188261016586,L1,-...
GetDeflection L2 (CDD) ===>> 0
testing L2_CDD_==3250
evaluate ot="L2(CDD).deflection==3250" t="L2_CDD_==3250", ctx="{'L2_CDD_': 0.0}"
14:39:26 -- collecting point 25
GetData ===>> L2(CDD),0.00220142632137721,H2,0.960349079691121,H1,-0.168911773039894,AX,-0.261953592030308,L1,-...
GetData ===>> L2(CDD),0.00251591589183427,H2,0.624167994774914,H1,-0.17029053331926,AX,-0.147768818425241,L1,-0...
GetData ===>> L2(CDD),0.0014152025002068,H2,0.899973860469725,H1,-0.128237458135085,AX,0.11802692762523,L1,-0.4...
GetData ===>> L2(CDD),0.00157244725244406,H2,0.846245378951716,H1,0.0245937998872293,AX,-0.0412529356636684,L1,...
GetData ===>> L2(CDD),0.00235867110360653,H2,0.759934068714399,H1,0.218138198239035,AX,-0.228937700527289,L1,-0...
GetData ===>> L2(CDD),0.0020441815451463,H2,1.11480071356286,H1,-0.355830707559077,AX,0.0761689745817092,L1,-0....
GetData ===>> L2(CDD),0.0014152025002068,H2,0.843215227092153,H1,0.132854348884945,AX,-0.114863663161073,L1,-0....
GetData ===>> L2(CDD),0.00251591589183427,H2,1.00697341945364,H1,-0.00436556106562747,AX,0.00220526157272809,L1...
GetData ===>> L2(CDD),0.00267316068606042,H2,0.802309095334202,H1,-0.181320544599147,AX,0.0448627092432475,L1,-...
GetData ===>> L2(CDD),0.00188693677491381,H2,1.23138412663698,H1,0.00540238018230389,AX,-0.227447373149112,L1,-...
GetDeflection L2 (CDD) ===>> 0
testing L2_CDD_==3250
evaluate ot="L2(CDD).deflection==3250" t="L2_CDD_==3250", ctx="{'L2_CDD_': 0.0}"
GetData ===>> L2(CDD),0.00235867110360653,H2,0.683650811569588,H1,0.0372350633624931,AX,0.0198642982014469,L1,-...
GetData ===>> L2(CDD),0.0014152025002068,H2,0.8310947134831,H1,-0.162247737240568,AX,-0.0781736616597795,L1,-0....
GetData ===>> L2(CDD),0.000943468279485503,H2,0.822936760006598,H1,-0.270360287311841,AX,-0.142150944735226,L1,...
GetData ===>> L2(CDD),0.00188693677491381,H2,0.91407661879344,H1,-0.0499862827193134,AX,0.0539219267438442,L1,-...
GetData ===>> L2(CDD),0.00235867110360653,H2,1.02492438250735,H1,-0.0952601302383351,AX,-0.162673222353599,L1,-...
GetData ===>> L2(CDD),0.00157244725244406,H2,0.76145046285525,H1,-0.0111456033043442,AX,0.0724993230272088,L1,-...
GetData ===>> L2(CDD),0.00172969201067973,H2,0.822820218306546,H1,-0.196027030096449,AX,-0.0707208341792834,L1,...
GetData ===>> L2(CDD),0.0020441815451463,H2,0.990771209549703,H1,-0.0892850233518485,AX,-0.0513432126144226,L1,...
GetData ===>> L2(CDD),0.00188693677491381,H2,0.853587708910481,H1,0.0448199009659334,AX,0.0347715293860185,L1,-...
GetData ===>> L2(CDD),0.00188693677491381,H2,0.800444469110457,H1,-0.0297617454039475,AX,-0.0624653271335756,L1...
GetDeflection L2 (CDD) ===>> 0
testing L2_CDD_==3250
evaluate ot="L2(CDD).deflection==3250" t="L2_CDD_==3250", ctx="{'L2_CDD_': 0.0}"
GetData ===>> L2(CDD),0.00314489510472937,H2,0.9617477775636,H1,-0.110542446759526,AX,-0.100990420804758,L1,-0....
GetData ===>> L2(CDD),0.00220142632137721,H2,1.09719782495509,H1,0.159978852601322,AX,-0.00169344310880523,L1,-...
GetData ===>> L2(CDD),0.0014152025002068,H2,1.0992961659161,H1,0.167449718515322,AX,-0.268373217168534,L1,-0.53...
len selected runs 1
cloning run a-01-F-00. set_labnumber=True, set_position=True
labnumber changed old:be-01-F, new:a-01-F
load meta for a-01-F
create new session 4701247152
close session 4701247152
name=Measurement, new=analysis400_120, suppress=True
name=Extraction, new=air_x1, suppress=True
calculating time of run a-01-F-00
loading script "felix_analysis400_120.py"
loading script "felix_pump_ms.py"
loading script "felix_air_x1.py"
loading script "felix_pump_extraction_line.py"
testing...
no interpolation path defined
executed snippet estimated_duration=624.242112, duration=0.000189065933228
script duration name:analysis400_120 seconds:624.0
loading script "felix_analysis400_120.py"
loading script "felix_pump_ms.py"
loading script "felix_air_x1.py"
loading script "felix_pump_extraction_line.py"
testing...
no interpolation path defined
executed snippet estimated_duration=0, duration=2.40802764893e-05
loading script "felix_analysis400_120.py"
loading script "felix_pump_ms.py"
loading script "felix_air_x1.py"
loading script "felix_pump_extraction_line.py"
testing...
no interpolation path defined
calculate duration
testing...
no interpolation path defined
executed snippet estimated_duration=0, duration=5.19752502441e-05
calculate duration
testing...
no interpolation path defined
executed snippet estimated_duration=0, duration=0.0001380443573
calculate duration
testing...
no interpolation path defined
executed snippet estimated_duration=32.0, duration=0.000103950500488
calculate duration
testing...
no interpolation path defined
executed snippet estimated_duration=34.0, duration=0.000126838684082
calculate duration
testing...
no interpolation path defined
executed snippet estimated_duration=2.0, duration=7.70092010498e-05
calculate duration
testing...
no interpolation path defined
executed snippet estimated_duration=34.0, duration=8.9168548584e-05
executed snippet estimated_duration=102.0, duration=0.00666308403015
script duration name:air_x1 seconds:102.0
loading script "felix_analysis400_120.py"
loading script "felix_pump_ms.py"
loading script "felix_air_x1.py"
loading script "felix_pump_extraction_line.py"
testing...
no interpolation path defined
calculate duration
testing...
no interpolation path defined
executed snippet estimated_duration=4.0, duration=0.000207185745239
executed snippet estimated_duration=4.0, duration=0.00145101547241
Script duration 726.0
Run total estimated duration= 727.000
loading script "felix_analysis120_60.py"
loading script "felix_pump_ms.py"
loading script "felix_diode.py"
loading script "felix_pump_extraction_line.py"
testing...
no interpolation path defined
executed snippet estimated_duration=268.240832, duration=0.000178813934326
script duration name:analysis120_60 seconds:268.0
pump_ms in script context. using previous estimated duration
loading script "felix_analysis120_60.py"
loading script "felix_pump_ms.py"
loading script "felix_diode.py"
loading script "felix_pump_extraction_line.py"
testing...
no interpolation path defined
calculate duration
testing...
no interpolation path defined
executed snippet estimated_duration=0, duration=0.00010085105896
calculate duration
testing...
no interpolation path defined
executed snippet estimated_duration=0, duration=2.19345092773e-05
calculate duration
testing...
no interpolation path defined
executed snippet estimated_duration=42.0, duration=0.000108003616333
executed snippet estimated_duration=42.0, duration=0.00366401672363
script duration name:diode seconds:42.0
pump_extraction_line in script context. using previous estimated duration
Script duration 310.0
Run total estimated duration= 311.000
nruns=2 before=5.0, run_dur=1038.0, btw=60.0
loading script "felix_analysis400_120.py"
loading script "felix_pump_ms.py"
loading script "felix_air_x1.py"
loading script "felix_pump_extraction_line.py"
testing...
no interpolation path defined
executed snippet estimated_duration=624.242112, duration=0.000190019607544
script duration name:analysis400_120 seconds:624.0
loading script "felix_analysis400_120.py"
loading script "felix_pump_ms.py"
loading script "felix_air_x1.py"
loading script "felix_pump_extraction_line.py"
testing...
no interpolation path defined
executed snippet estimated_duration=0, duration=2.40802764893e-05
loading script "felix_analysis400_120.py"
loading script "felix_pump_ms.py"
loading script "felix_air_x1.py"
loading script "felix_pump_extraction_line.py"
testing...
no interpolation path defined
calculate duration
testing...
no interpolation path defined
executed snippet estimated_duration=0, duration=5.19752502441e-05
calculate duration
testing...
no interpolation path defined
executed snippet estimated_duration=0, duration=0.000134944915771
calculate duration
testing...
no interpolation path defined
executed snippet estimated_duration=32.0, duration=0.000101089477539
calculate duration
testing...
no interpolation path defined
executed snippet estimated_duration=34.0, duration=0.000127077102661
calculate duration
testing...
no interpolation path defined
executed snippet estimated_duration=2.0, duration=7.79628753662e-05
calculate duration
testing...
no interpolation path defined
executed snippet estimated_duration=34.0, duration=9.08374786377e-05
executed snippet estimated_duration=102.0, duration=0.00680494308472
script duration name:air_x1 seconds:102.0
loading script "felix_analysis400_120.py"
loading script "felix_pump_ms.py"
loading script "felix_air_x1.py"
loading script "felix_pump_extraction_line.py"
testing...
no interpolation path defined
calculate duration
testing...
no interpolation path defined
executed snippet estimated_duration=4.0, duration=0.000193119049072
executed snippet estimated_duration=4.0, duration=0.00127601623535
Script duration 726.0
Run total estimated duration= 727.000
run duration: 727.0
GetData ===>> L2(CDD),0.00172969201067973,H2,0.843215227092153,H1,-0.0343582683928161,AX,-0.209333978974753,L1,...
SSSSSSSSSSSSSS set AR scroll to 1
update runs
executor executable True
stats calculated
get all runs n=17
updating stats
setting executable True
create new session 4701247152
Info for a-01-F=('REFERENCES', 'air', 'Gas', 'NoIrradiation', 'A', 15)
Info for be-01-F=('REFERENCES', 'blank_extraction_line', 'Blank', 'NoIrradiation', 'A', 21)
Info for ba-01-F=('REFERENCES', 'blank_air', 'Blank', 'NoIrradiation', 'A', 16)
Info for bc-02-F=('REFERENCES', 'blank_cocktail', 'Blank', 'NoIrradiation', 'A', 25)
Info for c-02-F=('REFERENCES', 'cocktail', 'Gas', 'Cocktail-02', 'A', 1)
close session 4701247152
info updated
GetData ===>> L2(CDD),0.00220142632137721,H2,1.01198566821132,H1,0.0410274747091762,AX,-0.397329829122122,L1,-0...
14:39:52 -- collecting point 50
GetData ===>> L2(CDD),0.00251591589183427,H2,0.992053389048526,H1,-0.288397014604167,AX,0.028005911231708,L1,-0...
GetData ===>> L2(CDD),0.00188693677491381,H2,0.99624962460903,H1,0.0245937998872293,AX,0.0733020581090936,L1,-0...
loading script "felix_analysis400_120.py"
loading script "felix_pump_ms.py"
loading script "felix_air_x1.py"
loading script "felix_pump_extraction_line.py"
testing...
no interpolation path defined
executed snippet estimated_duration=624.242112, duration=0.000214099884033
loading script "felix_analysis400_120.py"
loading script "felix_pump_ms.py"
loading script "felix_air_x1.py"
loading script "felix_pump_extraction_line.py"
testing...
no interpolation path defined
executed snippet estimated_duration=0, duration=2.40802764893e-05
loading script "felix_analysis400_120.py"
loading script "felix_pump_ms.py"
loading script "felix_air_x1.py"
loading script "felix_pump_extraction_line.py"
testing...
no interpolation path defined
calculate duration
testing...
no interpolation path defined
executed snippet estimated_duration=0, duration=5.19752502441e-05
calculate duration
testing...
no interpolation path defined
executed snippet estimated_duration=0, duration=0.000197172164917
calculate duration
testing...
no interpolation path defined
executed snippet estimated_duration=32.0, duration=0.000104904174805
calculate duration
testing...
no interpolation path defined
executed snippet estimated_duration=34.0, duration=0.000126838684082
calculate duration
testing...
no interpolation path defined
executed snippet estimated_duration=2.0, duration=7.70092010498e-05
calculate duration
testing...
no interpolation path defined
executed snippet estimated_duration=34.0, duration=8.79764556885e-05
executed snippet estimated_duration=102.0, duration=0.00686979293823
loading script "felix_analysis400_120.py"
loading script "felix_pump_ms.py"
loading script "felix_air_x1.py"
loading script "felix_pump_extraction_line.py"
testing...
no interpolation path defined
calculate duration
testing...
no interpolation path defined
executed snippet estimated_duration=4.0, duration=0.00019097328186
executed snippet estimated_duration=4.0, duration=0.00127005577087
analysis400_120 in script context. using previous estimated duration
pump_ms in script context. using previous estimated duration
air_x1 in script context. using previous estimated duration
pump_extraction_line in script context. using previous estimated duration
loading script "felix_analysis120_60.py"
loading script "felix_pump_ms.py"
loading script "felix_diode.py"
loading script "felix_pump_extraction_line.py"
testing...
no interpolation path defined
executed snippet estimated_duration=268.240832, duration=0.000274896621704
loading script "felix_analysis120_60.py"
loading script "felix_pump_ms.py"
loading script "felix_diode.py"
loading script "felix_pump_extraction_line.py"
testing...
no interpolation path defined
calculate duration
testing...
no interpolation path defined
GetData ===>> L2(CDD),0.00267316068606042,H2,1.03215148657435,H1,0.151933369397161,AX,-0.159233765012209,L1,-0....
executed snippet estimated_duration=0, duration=0.000128984451294
calculate duration
testing...
no interpolation path defined
executed snippet estimated_duration=0, duration=3.19480895996e-05
calculate duration
testing...
no interpolation path defined
executed snippet estimated_duration=42.0, duration=0.000134944915771
executed snippet estimated_duration=42.0, duration=0.0162320137024
loading script "felix_analysis400_120.py"
loading script "felix_pump_ms.py"
loading script "felix_air_x2.py"
loading script "felix_pump_extraction_line.py"
testing...
no interpolation path defined
calculate duration
testing...
no interpolation path defined
executed snippet estimated_duration=0, duration=5.60283660889e-05
calculate duration
testing...
no interpolation path defined
executed snippet estimated_duration=0, duration=0.000138998031616
calculate duration
testing...
no interpolation path defined
executed snippet estimated_duration=32.0, duration=9.67979431152e-05
calculate duration
testing...
no interpolation path defined
executed snippet estimated_duration=34.0, duration=0.000127077102661
calculate duration
testing...
no interpolation path defined
executed snippet estimated_duration=2.0, duration=7.70092010498e-05
calculate duration
testing...
no interpolation path defined
executed snippet estimated_duration=34.0, duration=9.3936920166e-05
calculate duration
testing...
no interpolation path defined
executed snippet estimated_duration=34.0, duration=0.00018310546875
calculate duration
testing...
no interpolation path defined
executed snippet estimated_duration=34.0, duration=9.3936920166e-05
executed snippet estimated_duration=174.0, duration=0.00983619689941
air_x2 in script context. using previous estimated duration
loading script "felix_analysis400_120.py"
loading script "felix_pump_ms.py"
loading script "felix_cocktail_x3.py"
loading script "felix_pump_extraction_line.py"
testing...
no interpolation path defined
calculate duration
testing...
no interpolation path defined
executed snippet estimated_duration=0, duration=5.19752502441e-05
calculate duration
testing...
no interpolation path defined
executed snippet estimated_duration=0, duration=0.000136137008667
calculate duration
testing...
no interpolation path defined
executed snippet estimated_duration=32.0, duration=0.000101089477539
calculate duration
testing...
no interpolation path defined
executed snippet estimated_duration=34.0, duration=0.000128030776978
calculate duration
testing...
no interpolation path defined
executed snippet estimated_duration=2.0, duration=7.79628753662e-05
calculate duration
testing...
no interpolation path defined
executed snippet estimated_duration=34.0, duration=9.48905944824e-05
calculate duration
testing...
no interpolation path defined
executed snippet estimated_duration=34.0, duration=0.000125885009766
calculate duration
testing...
no interpolation path defined
executed snippet estimated_duration=34.0, duration=8.89301300049e-05
calculate duration
testing...
no interpolation path defined
executed snippet estimated_duration=34.0, duration=0.000128030776978
calculate duration
testing...
no interpolation path defined
executed snippet estimated_duration=34.0, duration=8.89301300049e-05
executed snippet estimated_duration=244.0, duration=0.0114588737488
cocktail_x3 in script context. using previous estimated duration
check queue Load_cocktails_airs
saving experiment to /Users/obama/PychronDev/experiments/Load_cocktails_airs.txt
setting executable True
queues saved
Queue modified. Reset run generator
GetData ===>> L2(CDD),0.00251591589183427,H2,0.946944993119473,H1,-0.0699805789070162,AX,-0.292561062919751,L1,...
GetData ===>> L2(CDD),0.00172969201067973,H2,0.993452132236442,H1,-0.287018423149963,AX,-0.221142116393838,L1,-...
GetDeflection L2 (CDD) ===>> 0
testing L2_CDD_==3250
evaluate ot="L2(CDD).deflection==3250" t="L2_CDD_==3250", ctx="{'L2_CDD_': 0.0}"
GetData ===>> L2(CDD),0.00125795775396796,H2,1.19640764453151,H1,0.286186784861721,AX,-0.287517202130067,L1,-0....
GetData ===>> L2(CDD),0.00125795775396796,H2,1.11130342572271,H1,0.0525197213527735,AX,-0.07863229531198,L1,-0....
GetData ===>> L2(CDD),0.00188693677491381,H2,0.968275060737399,H1,-0.183158867549078,AX,0.115503930954437,L1,-0...
GetData ===>> L2(CDD),0.00235867110360653,H2,1.06852094937649,H1,-0.150528114321721,AX,-0.386555449437303,L1,-0...
GetData ===>> L2(CDD),0.00330213992294918,H2,0.928296134607776,H1,-0.119619798339743,AX,-0.218276076938168,L1,-...
GetData ===>> L2(CDD),0.00314489510472937,H2,1.06479068585979,H1,0.0940078710300403,AX,0.0535779042687268,L1,-0...
GetData ===>> L2(CDD),0.0014152025002068,H2,1.08285928212992,H1,-0.0573405547902159,AX,-0.284536726509332,L1,-0...
GetData ===>> L2(CDD),0.00267316068606042,H2,0.978066067129813,H1,0.0195373408816457,AX,0.116880110136646,L1,-0...
GetData ===>> L2(CDD),0.00298765029250797,H2,1.12529265206884,H1,-0.389718091725468,AX,0.0598850025225458,L1,-0...
GetData ===>> L2(CDD),0.00220142632137721,H2,0.961631219331527,H1,0.16974845812855,AX,-0.396412865335497,L1,-0....
GetDeflection L2 (CDD) ===>> 0
testing L2_CDD_==3250
evaluate ot="L2(CDD).deflection==3250" t="L2_CDD_==3250", ctx="{'L2_CDD_': 0.0}"
GetData ===>> L2(CDD),0.00220142632137721,H2,0.9165242256464,H1,-0.170750119641004,AX,-0.187666243146166,L1,-0....
GetData ===>> L2(CDD),0.00267316068606042,H2,1.27032608054144,H1,0.0980303626996345,AX,-0.190073793442207,L1,-0...
GetData ===>> L2(CDD),0.00361662957738405,H2,1.35765962857256,H1,-0.0457345685995954,AX,-0.324313852135165,L1,-...
GetData ===>> L2(CDD),0.00267316068606042,H2,1.12867341177023,H1,-0.0076981301551448,AX,-0.23948456677842,L1,-0...
GetData ===>> L2(CDD),0.00157244725244406,H2,1.04917036181048,H1,0.144807426022025,AX,0.104265207950152,L1,-0.4...
GetData ===>> L2(CDD),0.00220142632137721,H2,0.993801818345489,H1,-0.183733342752633,AX,-0.0245120155396137,L1,...
GetData ===>> L2(CDD),0.00267316068606042,H2,1.18976225423459,H1,-0.173622529189736,AX,-0.148227418911445,L1,-0...
GetData ===>> L2(CDD),0.00172969201067973,H2,0.997531811285356,H1,0.0635524069398712,AX,0.03511554513907,L1,-0....
GetData ===>> L2(CDD),0.00157244725244406,H2,1.28501716027172,H1,0.213655436217514,AX,-0.205894688401381,L1,-0....
GetData ===>> L2(CDD),0.00188693677491381,H2,1.263330405792,H1,0.252966520460569,AX,0.00403995159393306,L1,-0.5...
GetDeflection L2 (CDD) ===>> 0
testing L2_CDD_==3250
evaluate ot="L2(CDD).deflection==3250" t="L2_CDD_==3250", ctx="{'L2_CDD_': 0.0}"
14:40:18 -- collecting point 75
GetData ===>> L2(CDD),0.00283040548628499,H2,1.12470976364549,H1,0.0399931792270823,AX,-0.204862898832748,L1,-0...
GetData ===>> L2(CDD),0.00267316068606042,H2,1.0376301332865,H1,0.152737914698071,AX,-0.182277894467637,L1,-0.7...
GetData ===>> L2(CDD),0.0020441815451463,H2,1.02830479550763,H1,-0.256344253587634,AX,0.097613780643759,L1,-0.1...
GetData ===>> L2(CDD),0.00251591589183427,H2,1.23907912044355,H1,-0.0293020919003174,AX,-0.136418386755509,L1,-...
GetData ===>> L2(CDD),0.00267316068606042,H2,1.08169355617482,H1,-0.00804287802444716,AX,-0.297604897270847,L1,...
GetData ===>> L2(CDD),0.0020441815451463,H2,1.16341430874628,H1,0.123200048549727,AX,-0.173220814880438,L1,-0.2...
GetData ===>> L2(CDD),0.00251591589183427,H2,1.20037158303466,H1,-0.19430362542643,AX,-0.0378130443408131,L1,-0...
GetData ===>> L2(CDD),0.00267316068606042,H2,1.17635502519511,H1,0.0981452912792288,AX,0.013786800975823,L1,-0....
GetData ===>> L2(CDD),0.0045600986846507,H2,1.16656203483683,H1,-0.205563146942554,AX,-0.0875756078410566,L1,-0...
GetData ===>> L2(CDD),0.00267316068606042,H2,1.10069506238934,H1,-0.0848036688965196,AX,-0.300012172527487,L1,-...
GetDeflection L2 (CDD) ===>> 0
testing L2_CDD_==3250
evaluate ot="L2(CDD).deflection==3250" t="L2_CDD_==3250", ctx="{'L2_CDD_': 0.0}"
GetData ===>> L2(CDD),0.00298765029250797,H2,1.15816812109183,H1,0.253196414553234,AX,-0.0324238565474714,L1,-0...
GetData ===>> L2(CDD),0.00361662957738405,H2,1.45083177720552,H1,-0.265535118364368,AX,0.0763983282681421,L1,-0...
GetData ===>> L2(CDD),0.00330213992294918,H2,1.31568258482347,H1,0.0351664816392264,AX,-0.0445781522554406,L1,-...
GetData ===>> L2(CDD),0.00283040548628499,H2,1.29947526355025,H1,-0.0892850233518485,AX,0.239597331172988,L1,-0...
GetData ===>> L2(CDD),0.00220142632137721,H2,1.16947660505896,H1,0.110787518659211,AX,-0.0443488273416812,L1,-0...
GetData ===>> L2(CDD),0.00314489510472937,H2,1.31568258482347,H1,0.0966512208090497,AX,-0.206926476864204,L1,-0...
GetData ===>> L2(CDD),0.00235867110360653,H2,1.32594347371801,H1,-0.0347030067341191,AX,-0.087690265154654,L1,-...
GetData ===>> L2(CDD),0.00283040548628499,H2,1.24665758256629,H1,0.221816377506644,AX,0.0278912401476213,L1,-0....
GetData ===>> L2(CDD),0.00251591589183427,H2,1.39299170235357,H1,-0.0413679237804028,AX,-0.225383839122481,L1,-...
GetData ===>> L2(CDD),0.00298765029250797,H2,1.19745692080816,H1,-0.0850334824519464,AX,-0.31583126011053,L1,-0...
GetDeflection L2 (CDD) ===>> 0
testing L2_CDD_==3250
evaluate ot="L2(CDD).deflection==3250" t="L2_CDD_==3250", ctx="{'L2_CDD_': 0.0}"
GetData ===>> L2(CDD),0.00377387441359912,H2,1.53013420913995,H1,-0.00264181391508565,AX,-0.0694595807414948,L1...
GetData ===>> L2(CDD),0.0039311192558126,H2,1.19594129988067,H1,-0.209699264692555,AX,-0.205321472110957,L1,-0....
GetData ===>> L2(CDD),0.00251591589183427,H2,1.21844268257752,H1,-0.283112403327412,AX,-0.122774761410569,L1,-0...
set states for children of U. state=False
handle state [('U', False)]
update switch state U False args=() kw={'refresh': False} ncanvase=2
refresh_canvas_needed fired
GetData ===>> L2(CDD),0.00172969201067973,H2,1.31148497946058,H1,0.0411423964980839,AX,-0.089066151848986,L1,-0...
GetData ===>> L2(CDD),0.00267316068606042,H2,1.42109502151597,H1,0.098605005735789,AX,-0.190417728707431,L1,-0....
14:40:44 -- collecting point 100
GetData ===>> L2(CDD),0.00361662957738405,H2,1.25691774786292,H1,-0.37478481493874,AX,-0.0656758105108806,L1,-0...
GetData ===>> L2(CDD),0.00298765029250797,H2,1.34145161221345,H1,-0.132603709710389,AX,-0.195347453995746,L1,-0...
GetData ===>> L2(CDD),0.00251591589183427,H2,1.09358402606821,H1,-0.0486073504635665,AX,-0.0868876636741499,L1,...
GetData ===>> L2(CDD),0.00345938474716741,H2,1.16341430874628,H1,-0.0542379780981763,AX,-0.240172401866492,L1,-...
GetData ===>> L2(CDD),0.00235867110360653,H2,1.28233543878979,H1,-0.119045284949422,AX,-0.324886997547675,L1,-0...
GetDeflection L2 (CDD) ===>> 0
testing L2_CDD_==3250
evaluate ot="L2(CDD).deflection==3250" t="L2_CDD_==3250", ctx="{'L2_CDD_': 0.0}"
GetData ===>> L2(CDD),0.00345938474716741,H2,1.50214438190549,H1,0.0690687970527031,AX,-0.270322023468718,L1,-0...
GetData ===>> L2(CDD),0.00283040548628499,H2,1.30763719035908,H1,0.0336725087094605,AX,0.135573405593182,L1,-0....
GetData ===>> L2(CDD),0.00345938474716741,H2,1.34413349567003,H1,-0.222681963527918,AX,-0.0595988150682851,L1,-...
GetData ===>> L2(CDD),0.00345938474716741,H2,1.36232385567216,H1,-0.0190747447893292,AX,-0.206926476864204,L1,-...
GetData ===>> L2(CDD),0.00330213992294918,H2,1.46412614843328,H1,-0.116517421965351,AX,0.108737745261521,L1,-0....
GetData ===>> L2(CDD),0.0020441815451463,H2,1.33923614881298,H1,0.154921683897116,AX,-0.0241680209769282,L1,-0....
GetData ===>> L2(CDD),0.00440285381844355,H2,1.3314237652636,H1,0.210666939775277,AX,-0.255648561368297,L1,-0.5...
GetData ===>> L2(CDD),0.00283040548628499,H2,1.15968368352548,H1,-0.0442407186492339,AX,0.0313313786183908,L1,-...
GetData ===>> L2(CDD),0.0045600986846507,H2,1.26181468285349,H1,-0.240374917745996,AX,-0.27089520104101,L1,-0.4...
GetData ===>> L2(CDD),0.0020441815451463,H2,1.24689076694697,H1,-0.00689371798057104,AX,-0.0461834251184967,L1,...
GetDeflection L2 (CDD) ===>> 0
testing L2_CDD_==3250
evaluate ot="L2(CDD).deflection==3250" t="L2_CDD_==3250", ctx="{'L2_CDD_': 0.0}"
GetData ===>> L2(CDD),0.00267316068606042,H2,1.44080280962069,H1,0.0564271164006499,AX,-0.238796731198568,L1,-0...
GetData ===>> L2(CDD),0.00283040548628499,H2,1.48546749033598,H1,0.073780738587508,AX,-0.0528338127413008,L1,-0...
GetData ===>> L2(CDD),0.00267316068606042,H2,1.34448330709755,H1,0.204230209650512,AX,-0.137335598326734,L1,-0....
GetData ===>> L2(CDD),0.00361662957738405,H2,1.23872934668545,H1,-0.0204537192640066,AX,-0.0670517286797923,L1,...
GetData ===>> L2(CDD),0.00377387441359912,H2,1.24852305916576,H1,-0.149608922188189,AX,-0.0124721326838459,L1,-...
GetData ===>> L2(CDD),0.00220142632137721,H2,1.25831686964569,H1,-0.377197129156027,AX,0.0723846466414699,L1,-0...
measurement finished
estimated time: 125.829 actual time: :126.220
flush and close file /Users/obama/PychronDev/data/isotopes/ba/f86b5c-5133-4a94-8f60-150c2a6717ae.h5
baselines () {'settling_time': 15.0, 'detector': 'H2', 'mass': 40.062, 'ncounts': 60}
%%%%%%%%%%%%%%%%%%%%%%%%%%%%%%%% Baseline
build tables- baseline [Detector(H2), Detector(H1), Detector(AX), Detector(L1), Detector(L2(CDD))]
add group baseline table H2
add group baseline table H1
add group baseline table AX
add group baseline table L1
add group baseline table L2(CDD)
flush and close file /Users/obama/PychronDev/data/isotopes/ba/f86b5c-5133-4a94-8f60-150c2a6717ae.h5
detector Detector(H2)
POSITION 40.062 H2
Mapping mass to dac mass func: "parabolic"
H2 map mass coeffs = [ -2.38925034e-04   8.80081338e-02   3.57945459e-01]
H2 map mass to dac 40.062 >> 3.50026127481
GetHighVoltage ===>> 9000
positioning 40.062 (3.50026127481) on H2
setting magnet DAC
current  : 3.493400
requested: 3.500261
Delta Dac: 0.006861
Checking detector protection. dv=0.00686
SetMagnetDAC 3.50026127481 ===>> OK
Magnet settling time: 0.500
Delaying 15.0s for detectors to settle
Join finished
measuring baseline. ncounts=60
"baseline" increment series count="2" fit count="1" regressing="True"
starting measurement
GetData ===>> L2(CDD),0,H2,-0.116614864859933,H1,0.0160897703932021,AX,-0.12231614879528,L1,-0.453073064655834,...
GetData ===>> L2(CDD),0,H2,0.0179994203843962,H1,-0.109623216519352,AX,-0.0257733278846022,L1,-0.45653314666203...
GetData ===>> L2(CDD),0,H2,0.0415442551670702,H1,0.104006667009519,AX,0.146124382951855,L1,-0.496784525244595,L...
GetData ===>> L2(CDD),0,H2,-0.0359650676926907,H1,0.1323946181067,AX,-0.0888368375368212,L1,-0.3667976881694,L2...
GetData ===>> L2(CDD),0,H2,0.135962404530085,H1,-0.314934516040101,AX,-0.136189083725652,L1,-0.598039904764752,...
GetData ===>> L2(CDD),0,H2,0.104255540476029,H1,-0.0934216397535953,AX,-0.289351336385472,L1,-0.503012382736209...
GetData ===>> L2(CDD),0,H2,-0.121393040124087,H1,-0.258871750132143,AX,-0.0784029785129158,L1,-0.60542029277607...
GetData ===>> L2(CDD),0,H2,-0.16124910484457,H1,-0.0858378294648941,AX,0.0520871416299421,L1,-0.643013270901833...
GetData ===>> L2(CDD),0,H2,-0.161132569011021,H1,0.0696434228365245,AX,-0.278919651207626,L1,-0.435311115671028...
GetData ===>> L2(CDD),0,H2,-0.0825842585702778,H1,0.158944429573137,AX,-0.28786110256951,L1,-0.461953916940963,...
GetData ===>> L2(CDD),0,H2,0.0273240396464286,H1,-0.025854683641091,AX,-0.0770270765733949,L1,-0.50808690366082...
GetData ===>> L2(CDD),0,H2,0.169069197603999,H1,0.0670001470637228,AX,-0.104544741621266,L1,-0.615106966645537,...
GetData ===>> L2(CDD),0,H2,-0.0978515605744327,H1,0.177104461700697,AX,-0.0560443282491063,L1,-0.46772066051094...
GetData ===>> L2(CDD),0,H2,-0.0437739370887566,H1,-0.110657350477928,AX,-0.207499692198639,L1,-0.46310726840295...
GetDeflection L2 (CDD) ===>> 0
testing L2_CDD_==3250
evaluate ot="L2(CDD).deflection==3250" t="L2_CDD_==3250", ctx="{'L2_CDD_': 0.0}"
GetData ===>> L2(CDD),0,H2,-0.0850317047018707,H1,-0.311258368934667,AX,-0.151781565267988,L1,-0.62018089998764...
GetData ===>> L2(CDD),0,H2,-0.135727425861681,H1,-0.0891701170872339,AX,-0.127360875545722,L1,-0.58639261546218...
GetData ===>> L2(CDD),0,H2,-0.0422587882002472,H1,-0.0438959837168782,AX,-0.310558259811462,L1,-0.5400327086319...
GetData ===>> L2(CDD),0,H2,-0.0254754435183405,H1,0.0166643646189805,AX,0.00128791787396713,L1,-0.4921712716420...
GetData ===>> L2(CDD),0,H2,0.0444582592794645,H1,-0.019994061324803,AX,-0.174825873173834,L1,-0.532651822070754...
GetData ===>> L2(CDD),0,H2,-0.168590834356681,H1,0.0871122100485688,AX,-0.0202694073388659,L1,-0.61153213400302...
GetData ===>> L2(CDD),0,H2,-0.225458237488377,H1,0.0429811469793315,AX,-0.0816134087225949,L1,-0.4519197012389,...
set states for children of O. state=False
handle state [('O', False)]
update switch state O False args=() kw={'refresh': False} ncanvase=2
refresh_canvas_needed fired
GetData ===>> L2(CDD),0,H2,-0.0137036202073877,H1,0.0541286468085321,AX,-0.300814596274619,L1,-0.51639060779600...
GetData ===>> L2(CDD),0,H2,-0.0215126673314516,H1,-0.260595039433117,AX,0.01711221923171,L1,-0.746444083925432,...
GetData ===>> L2(CDD),0,H2,-0.158219168662315,H1,0.0550480339883984,AX,-0.0504259190815257,L1,-0.65293019354065...
set states for children of R. state=True
handle state [('R', True)]
update switch state R True args=() kw={'refresh': False} ncanvase=2
refresh_canvas_needed fired
GetDeflection L2 (CDD) ===>> 0
testing L2_CDD_==3250
evaluate ot="L2(CDD).deflection==3250" t="L2_CDD_==3250", ctx="{'L2_CDD_': 0.0}"
14:41:48 -- collecting point 25
GetData ===>> L2(CDD),0,H2,-0.00834214877176526,H1,0.00425320548993757,AX,-0.146049064656226,L1,-0.805361267010...
GetData ===>> L2(CDD),0,H2,-0.130949320625288,H1,0.169173772711715,AX,-0.174940520092508,L1,-0.65096987968028,L...
GetData ===>> L2(CDD),0,H2,-0.105077223476333,H1,0.065161350797347,AX,-0.0219893858910124,L1,-0.489633972789282...
GetData ===>> L2(CDD),0,H2,-0.0296713066872231,H1,-0.190512124312826,AX,-0.32110423151446,L1,-0.317197400208116...
GetData ===>> L2(CDD),0,H2,-0.0130042995129806,H1,0.0813658635511572,AX,-0.111194725956449,L1,-0.57486050778466...
GetData ===>> L2(CDD),0,H2,-0.0351492120693001,H1,-0.159145497973474,AX,0.0192909477669945,L1,-0.58281767677504...
GetData ===>> L2(CDD),0,H2,-0.169523113526299,H1,0.0953870091412609,AX,-0.0395329915389206,L1,-0.59677139490821...
GetData ===>> L2(CDD),0,H2,-0.250511474433982,H1,0.0853883025052538,AX,-0.0219893858910124,L1,-0.43058223016544...
GetData ===>> L2(CDD),0,H2,-0.0680160001130097,H1,-0.0702103959945769,AX,0.25576964578452,L1,-0.501859078816103...
GetData ===>> L2(CDD),0,H2,0.164056477374737,H1,-0.076760159960273,AX,-0.22045426770305,L1,-0.359876870308149,L...
GetDeflection L2 (CDD) ===>> 0
testing L2_CDD_==3250
evaluate ot="L2(CDD).deflection==3250" t="L2_CDD_==3250", ctx="{'L2_CDD_': 0.0}"
GetData ===>> L2(CDD),0,H2,-0.0232609529223907,H1,0.0750449219395242,AX,-0.0864290339561917,L1,-0.7444839594425...
GetData ===>> L2(CDD),0,H2,-0.0937725337504803,H1,0.136072470467783,AX,-0.0640705701608921,L1,-0.47291070035296...
set states for children of R. state=False
handle state [('R', False)]
update switch state R False args=() kw={'refresh': False} ncanvase=2
refresh_canvas_needed fired
GetData ===>> L2(CDD),0,H2,-0.0661512473656436,H1,-0.228426464765249,AX,0.000714578505960544,L1,-0.550873283740...
GetData ===>> L2(CDD),0,H2,0.0706846869479809,H1,0.106994833048659,AX,-0.332452485002517,L1,-0.634018764832566,...
GetData ===>> L2(CDD),0,H2,-0.0790878963294902,H1,-0.0903191791155182,AX,0.00449862464562121,L1,-0.648432997027...
set states for children of U. state=True
handle state [('U', True)]
update switch state U True args=() kw={'refresh': False} ncanvase=2
refresh_canvas_needed fired
GetData ===>> L2(CDD),0,H2,-0.0722116807962643,H1,-0.0882508664790713,AX,-0.292446430013288,L1,-0.4138579375835...
GetData ===>> L2(CDD),0,H2,-0.0457552820943078,H1,0.0280414007691209,AX,-0.292904961555999,L1,-0.60069223818384...
GetData ===>> L2(CDD),0,H2,-0.171271134573527,H1,-0.197750431687232,AX,-0.264131683930681,L1,-0.465644636782832...
GetData ===>> L2(CDD),0,H2,0.0240604127934174,H1,0.328604632977384,AX,0.104150527779565,L1,-0.408898264238573,L...
GetData ===>> L2(CDD),0,H2,-0.15192619429256,H1,0.0925138069679196,AX,-0.112111961569126,L1,-0.49355525003096,L...
GetDeflection L2 (CDD) ===>> 0
testing L2_CDD_==3250
evaluate ot="L2(CDD).deflection==3250" t="L2_CDD_==3250", ctx="{'L2_CDD_': 0.0}"
GetData ===>> L2(CDD),0,H2,0.110899908485845,H1,0.0628628603941967,AX,-0.099385239358977,L1,-0.500129120359923,...
GetData ===>> L2(CDD),0,H2,-0.238509306118629,H1,-0.086642175807064,AX,-0.0771417351432655,L1,-0.46760532597640...
GetData ===>> L2(CDD),0,H2,0.119759136038344,H1,0.0110333559650897,AX,0.220328545109319,L1,-0.415703390946626,L...
GetData ===>> L2(CDD),0,H2,0.0794269857691227,H1,-0.147425837359965,AX,0.0155068434666739,L1,-0.622717856684621...
GetData ===>> L2(CDD),0,H2,-0.106941902011366,H1,-0.203265296084023,AX,0.137637718149261,L1,-0.57912740363759,L...
14:42:14 -- collecting point 50
GetData ===>> L2(CDD),0,H2,-0.104377968109122,H1,0.0548181871111111,AX,0.0575915074663809,L1,-0.508317563070735...
GetData ===>> L2(CDD),0,H2,-0.119528389139882,H1,0.0941227991308136,AX,-0.00215211320938421,L1,-0.4052073280493...
GetData ===>> L2(CDD),0,H2,-0.0834000746277694,H1,0.00287419766597714,AX,0.0929119373482182,L1,-0.5152373198143...
GetData ===>> L2(CDD),0,H2,-0.0396946847335376,H1,-0.133408017055333,AX,-0.106264569561692,L1,-0.57347664563134...
GetData ===>> L2(CDD),0,H2,-0.0141698337259514,H1,0.220092229228703,AX,-0.0545537330949582,L1,-0.65246894357783...
GetDeflection L2 (CDD) ===>> 0
testing L2_CDD_==3250
evaluate ot="L2(CDD).deflection==3250" t="L2_CDD_==3250", ctx="{'L2_CDD_': 0.0}"
GetData ===>> L2(CDD),0,H2,-0.279176251331184,H1,-0.170865016186948,AX,-0.141921643071924,L1,-0.391596879232867...
GetData ===>> L2(CDD),0,H2,-0.0625382788004802,H1,-0.039184593957867,AX,0.00151725371674744,L1,-0.4845593551332...
GetData ===>> L2(CDD),0,H2,-0.250627999618131,H1,-0.0976731436812438,AX,0.125595957320495,L1,-0.457455833108437...
GetData ===>> L2(CDD),0,H2,-0.07932098753461,H1,0.0822852766899692,AX,-0.325001626589356,L1,-0.76765929493292,L...
GetData ===>> L2(CDD),0,H2,-0.0280395842604566,H1,-0.0519397667070414,AX,-0.162673222353599,L1,-0.5158139639771...
GetData ===>> L2(CDD),0,H2,0.0133371440881622,H1,0.146071702457457,AX,-0.0715234491428172,L1,-0.544991710182488...
measurement finished
estimated time: 62.915 actual time: :63.128
flush and close file /Users/obama/PychronDev/data/isotopes/ba/f86b5c-5133-4a94-8f60-150c2a6717ae.h5
activate_detectors ('H1', 'L2(CDD)') {'peak_center': True}
peak_center () {'detector': 'H2', 'integration_time': 1.048576, 'isotope': 'Ar40'}
peak center: mean=1.30161357811 threshold=100.0
Skipping peak center. intensities to small. 1.30161357811<100.0
finished measure script
executed snippet estimated_duration=294.240832, duration=237.547614098
felix_analysis120_60.py completed successfully
Measurement Finished
14:42:26 -- ******* Measurement Finished *******
Post Measurement Started felix_pump_ms.py
14:42:26 -- ******* Post Measurement Started felix_pump_ms.py *******
testing...
no interpolation path defined
executed snippet estimated_duration=0, duration=2.59876251221e-05
Pumping spectrometer
open () {'name': 'V'}
opening name=V desc=---
checking ownership. requestor=129.138.12.137
check software interlocks V
interlocks []
actuate state mode=None-script, software_lock=False
doing actuation None-script open_channel True
Open V ===>> OK
GetIndicatorState V ===>> OK
change switch state (True, True)
update switch state V True args=() kw={} ncanvase=2
14:42:26 -- OPEN   VALVE-V (Felix Ion Pump)
---------------------------------------- open V () result=[(True, True)], time=0.12 sec
action=open, ok=True, locked=[False]
executed snippet estimated_duration=0, duration=0.37592792511
felix_pump_ms.py completed successfully
setting _ms_pumptime
Post Measurement Finished
14:42:26 -- ******* Post Measurement Finished *******
$$$$$$$$$$$$$$$$$$$$ state at run end measurement
state changed from measurement to success
post measurement save measured=True aborted=False
Set filtering
setting fod for Ar40= {'filter_outliers': True, 'std_devs': 2, 'iterations': 2}
setting fod for H2= {'filter_outliers': True, 'std_devs': 2, 'iterations': 1}
setting fod for Ar36= {'filter_outliers': True, 'std_devs': 2, 'iterations': 2}
setting fod for L2(CDD)= {'filter_outliers': True, 'std_devs': 2, 'iterations': 1}
setting fod for Ar37= {'filter_outliers': True, 'std_devs': 2, 'iterations': 2}
setting fod for L1= {'filter_outliers': True, 'std_devs': 2, 'iterations': 1}
setting fod for Ar38= {'filter_outliers': True, 'std_devs': 2, 'iterations': 2}
setting fod for AX= {'filter_outliers': True, 'std_devs': 2, 'iterations': 1}
setting fod for Ar39= {'filter_outliers': True, 'std_devs': 2, 'iterations': 2}
setting fod for H1= {'filter_outliers': True, 'std_devs': 2, 'iterations': 1}
persistence save...
persistence save - db
post measurement save
4772729680 connecting to database sqlite:////Users/obama/PychronDev/.appdata/local_lab.db
connected to db sqlite:////Users/obama/PychronDev/.appdata/local_lab.db
create new session 4772729680
close session 4772729680
No database instance. Not saving post measurement to isotopedb database
$$$$$$$$$$$$$$$ auto_save_detector_ic=False
massspec enabled True
create new session 4723779824
MassSpec Database Version: 16.0
close session 4723779824
saving post measurement to secondary database
saving to massspec database 129.138.12.160/massspecdata
setting labnumber to be-01-F
setting aliquot to 1
setting step to 
setting uuid to baf86b5c-5133-4a94-8f60-150c2a6717ae
setting irradpos to be-01-F
setting extract_device to Fusions Diode
setting tray to 
setting position to 
setting power_requested to 0.0
setting extract_value to 0.0
setting duration to 30.0
setting duration_at_request to 30.0
setting first_stage_delay to 30.0
setting cleanup to 30.0
setting comment to 
setting irradiation to NoIrradiation
setting level to A
setting irradiation_level to A
setting sample to blank_extraction_line
setting material to Blank
setting project to REFERENCES
setting mass_spectrometer to Felix
no attribute chron_dosages
no attribute production_ratios
no attribute interference_corrections
no attribute production_name
no attribute j
no row found for RunScriptTable ('RunScriptID',) (-1173976246,)
Reference Isotope=Ar40
Reference Detector=H2
%%%%%%%%%%%%%%%%%%%% Comment:  %%%%%%%%%%%%%%%%%%%
adding isotope Ar40 H2
add baseline dbdet= Ar40. original det= H2
get baseline data Ar40 H2
Get data baseline <pychron.processing.isotope.Baseline object at 0x126346750> len t=60
baseline Ar40. v=-0.0622396513949, e=0.0121001073423
get signal data Ar40 H2
Get data signal Ar40 0.48+/-0.06 len t=120
adding isotope Ar39 H1
add baseline dbdet= Ar39. original det= H1
get baseline data Ar39 H1
Get data baseline <pychron.processing.isotope.Baseline object at 0x126346650> len t=60
baseline Ar39. v=-0.00938640655295, e=0.0157893783278
get signal data Ar39 H1
Get data signal Ar39 -0.03+/-0.08 len t=120
adding isotope Ar38 AX
add baseline dbdet= Ar38. original det= AX
get baseline data Ar38 AX
Get data baseline <pychron.processing.isotope.Baseline object at 0x126346b10> len t=60
baseline Ar38. v=-0.0989104773031, e=0.016671316192
get signal data Ar38 AX
Get data signal Ar38 0.001+/-0.030 len t=120
adding isotope Ar37 L1
add baseline dbdet= Ar37. original det= L1
get baseline data Ar37 L1
Get data baseline <pychron.processing.isotope.Baseline object at 0x126346cd0> len t=60
baseline Ar37. v=-0.519796861555, e=0.0108391014237
get signal data Ar37 L1
Get data signal Ar37 0.018+/-0.023 len t=120
adding isotope Ar36 L2(CDD)
add baseline dbdet= Ar36. original det= L2(CDD)
get baseline data Ar36 L2(CDD)
Get data baseline <pychron.processing.isotope.Baseline object at 0x126346e90> len t=60
baseline Ar36. v=0.0, e=0.0
get signal data Ar36 L2(CDD)
Get data signal Ar36 0.00177+/-0.00030 len t=120
be-01-F-01 added analysis time 0.575247049332s
analysis added to mass spec database
mass spec save time= 0.586
persistence save - dvc
================= post measurement started
create new session 4672955408
close session 4672955408
---------------- Experiment Queue saving disabled
DVC saving peakcenter
Smart pull ahead: 0 behind: 0
Up-to-date with origin
add to repo msg=modified - 1e2ad98a77a0f8b97e0df49be2474708cb221738.json
add to repo msg=modified - -F-01.json
add to repo msg=modified - -F-01.dat.json
add to repo msg=modified - -F-01.blan.json
add to repo msg=modified - -F-01.inte.json
add to repo msg=modified - -F-01.icfa.json
add to repo msg=modified - -F-01.base.json
not at valid file /Users/obama/PychronDev/data/.dvc/repositories/Felix_blank170/be-01/tags/-F-01.tags.json
add to repo msg=modified - -F-01.peak.json
add to repo msg=modified - -F-01.extr.json
not at valid file /Users/obama/PychronDev/data/.dvc/repositories/Felix_blank170/be-01/monitor/-F-01.moni.json
commit message=<COLLECTION>
add to repo msg=modified - -F-01.inte.json
add to repo msg=modified - -F-01.base.json
commit message=<ISOEVO> default collection fits
add to repo msg=modified - -F-01.blan.json
commit message=<BLANKS> preceding 
add to repo msg=modified - -F-01.icfa.json
commit message=<ICFactor> default
push repository <pychron.git_archive.repo_manager.GitRepoManager object at 0x11d2ff410>
pushing to remote=origin, url=https://github.com
no changes to meta repo
create new session 4672955408
add association Felix_blank170
get identifier "be-01-F"
setting analysis irradiation position=<pychron.dvc.dvc_orm.IrradiationPositionTbl object at 0x11af6f910>
close session 4672955408
================= post measurement finished
14:42:38 -- ******* Post Run Check *******
loading queue conditionals post_run_actions
loading system conditionals post_run_actions
loading conditionals from /Users/obama/PychronDev/setupfiles/spectrometer/default_conditionals.yaml
loading queue conditionals post_run_terminations
loading system conditionals post_run_terminations
loading conditionals from /Users/obama/PychronDev/setupfiles/spectrometer/default_conditionals.yaml
Checking default post run terminations n=1
GetDeflection L2 (CDD) ===>> 0
testing L2_CDD_==3250
evaluate ot="L2(CDD).deflection==3250" t="L2_CDD_==3250", ctx="{'L2_CDD_': 0.0}"
14:42:38 -- ******* Post Run Check Passed *******
14:42:38 -- Automated run be-01-F-01 success duration: 336.276 s
----------------- finish -----------------
----------------- stop -----------------
retroactive repository identifiers disabled
finish run. runs completed=2
update duration runid=be-01-F-01, duration=336.276456833, md5=a4fe37ac
loading script "felix_analysis400_120.py"
loading script "felix_pump_ms.py"
loading script "felix_air_x1.py"
loading script "felix_pump_extraction_line.py"
testing...
no interpolation path defined
executed snippet estimated_duration=624.242112, duration=0.00031304359436
script duration name:analysis400_120 seconds:624.0
loading script "felix_analysis400_120.py"
loading script "felix_pump_ms.py"
loading script "felix_air_x1.py"
loading script "felix_pump_extraction_line.py"
testing...
no interpolation path defined
executed snippet estimated_duration=0, duration=3.50475311279e-05
loading script "felix_analysis400_120.py"
loading script "felix_pump_ms.py"
loading script "felix_air_x1.py"
loading script "felix_pump_extraction_line.py"
testing...
no interpolation path defined
calculate duration
testing...
no interpolation path defined
executed snippet estimated_duration=0, duration=7.00950622559e-05
calculate duration
testing...
no interpolation path defined
executed snippet estimated_duration=0, duration=0.000173807144165
calculate duration
testing...
no interpolation path defined
executed snippet estimated_duration=32.0, duration=0.000144958496094
calculate duration
testing...
no interpolation path defined
executed snippet estimated_duration=34.0, duration=0.000164031982422
calculate duration
testing...
no interpolation path defined
executed snippet estimated_duration=2.0, duration=0.000114917755127
calculate duration
testing...
no interpolation path defined
executed snippet estimated_duration=34.0, duration=0.00011682510376
executed snippet estimated_duration=102.0, duration=0.0223050117493
script duration name:air_x1 seconds:102.0
loading script "felix_analysis400_120.py"
loading script "felix_pump_ms.py"
loading script "felix_air_x1.py"
loading script "felix_pump_extraction_line.py"
testing...
no interpolation path defined
calculate duration
testing...
no interpolation path defined
executed snippet estimated_duration=4.0, duration=0.000247955322266
executed snippet estimated_duration=4.0, duration=0.00694298744202
Script duration 726.0
Run total estimated duration= 727.000
analysis400_120 in script context. using previous estimated duration
script duration name:analysis400_120 seconds:624.0
pump_ms in script context. using previous estimated duration
air_x1 in script context. using previous estimated duration
script duration name:air_x1 seconds:102.0
pump_extraction_line in script context. using previous estimated duration
Script duration 726.0
Run total estimated duration= 727.000
loading script "felix_analysis120_60.py"
loading script "felix_pump_ms.py"
loading script "felix_diode.py"
loading script "felix_pump_extraction_line.py"
testing...
no interpolation path defined
executed snippet estimated_duration=268.240832, duration=0.000247955322266
script duration name:analysis120_60 seconds:268.0
loading script "felix_analysis120_60.py"
loading script "felix_pump_ms.py"
loading script "felix_diode.py"
loading script "felix_pump_extraction_line.py"
testing...
no interpolation path defined
calculate duration
testing...
no interpolation path defined
executed snippet estimated_duration=0, duration=0.000110149383545
calculate duration
testing...
no interpolation path defined
executed snippet estimated_duration=0, duration=3.00407409668e-05
calculate duration
testing...
no interpolation path defined
executed snippet estimated_duration=42.0, duration=0.000157117843628
executed snippet estimated_duration=42.0, duration=0.0101988315582
script duration name:diode seconds:42.0
Script duration 310.0
Run total estimated duration= 311.000
script duration name:analysis400_120 seconds:624.0
loading script "felix_analysis400_120.py"
loading script "felix_pump_ms.py"
loading script "felix_air_x2.py"
loading script "felix_pump_extraction_line.py"
testing...
no interpolation path defined
calculate duration
testing...
no interpolation path defined
executed snippet estimated_duration=0, duration=6.48498535156e-05
calculate duration
testing...
no interpolation path defined
executed snippet estimated_duration=0, duration=0.000172853469849
calculate duration
testing...
no interpolation path defined
executed snippet estimated_duration=32.0, duration=0.000133991241455
calculate duration
testing...
no interpolation path defined
executed snippet estimated_duration=34.0, duration=0.00017786026001
calculate duration
testing...
no interpolation path defined
executed snippet estimated_duration=2.0, duration=0.000102996826172
calculate duration
testing...
no interpolation path defined
executed snippet estimated_duration=34.0, duration=0.000121116638184
calculate duration
testing...
no interpolation path defined
executed snippet estimated_duration=34.0, duration=0.000164031982422
calculate duration
testing...
no interpolation path defined
executed snippet estimated_duration=34.0, duration=0.000115871429443
executed snippet estimated_duration=174.0, duration=0.046355009079
script duration name:air_x2 seconds:174.0
Script duration 798.0
Run total estimated duration= 799.000
script duration name:analysis400_120 seconds:624.0
air_x2 in script context. using previous estimated duration
script duration name:air_x2 seconds:174.0
Script duration 798.0
Run total estimated duration= 799.000
script duration name:analysis400_120 seconds:624.0
script duration name:air_x2 seconds:174.0
Script duration 798.0
Run total estimated duration= 799.000
script duration name:analysis400_120 seconds:624.0
loading script "felix_analysis400_120.py"
loading script "felix_pump_ms.py"
loading script "felix_cocktail_x3.py"
loading script "felix_pump_extraction_line.py"
testing...
no interpolation path defined
calculate duration
testing...
no interpolation path defined
executed snippet estimated_duration=0, duration=7.39097595215e-05
calculate duration
testing...
no interpolation path defined
executed snippet estimated_duration=0, duration=0.000174999237061
calculate duration
testing...
no interpolation path defined
executed snippet estimated_duration=32.0, duration=0.000424146652222
calculate duration
testing...
no interpolation path defined
executed snippet estimated_duration=34.0, duration=0.000165939331055
calculate duration
testing...
no interpolation path defined
executed snippet estimated_duration=2.0, duration=0.00010085105896
calculate duration
testing...
no interpolation path defined
executed snippet estimated_duration=34.0, duration=0.000113010406494
calculate duration
testing...
no interpolation path defined
executed snippet estimated_duration=34.0, duration=0.000159978866577
calculate duration
testing...
no interpolation path defined
executed snippet estimated_duration=34.0, duration=0.000147819519043
calculate duration
testing...
no interpolation path defined
executed snippet estimated_duration=34.0, duration=0.000155925750732
calculate duration
testing...
no interpolation path defined
executed snippet estimated_duration=34.0, duration=0.000146865844727
executed snippet estimated_duration=244.0, duration=0.0497329235077
script duration name:cocktail_x3 seconds:244.0
Script duration 868.0
Run total estimated duration= 869.000
script duration name:analysis400_120 seconds:624.0
cocktail_x3 in script context. using previous estimated duration
script duration name:cocktail_x3 seconds:244.0
Script duration 868.0
Run total estimated duration= 869.000
script duration name:analysis400_120 seconds:624.0
script duration name:cocktail_x3 seconds:244.0
Script duration 868.0
Run total estimated duration= 869.000
script duration name:analysis400_120 seconds:624.0
script duration name:air_x2 seconds:174.0
Script duration 798.0
Run total estimated duration= 799.000
script duration name:analysis400_120 seconds:624.0
script duration name:air_x2 seconds:174.0
Script duration 798.0
Run total estimated duration= 799.000
script duration name:analysis400_120 seconds:624.0
script duration name:air_x2 seconds:174.0
Script duration 798.0
Run total estimated duration= 799.000
script duration name:analysis400_120 seconds:624.0
script duration name:cocktail_x3 seconds:244.0
Script duration 868.0
Run total estimated duration= 869.000
script duration name:analysis400_120 seconds:624.0
script duration name:cocktail_x3 seconds:244.0
Script duration 868.0
Run total estimated duration= 869.000
script duration name:analysis400_120 seconds:624.0
script duration name:cocktail_x3 seconds:244.0
Script duration 868.0
Run total estimated duration= 869.000
nruns=15 before=5.0, run_dur=11773.0, btw=840.0
write rem/ex queues
/Users/obama/PychronDev/experiments/rem/Load_cocktails_airs.rem.txt
/Users/obama/PychronDev/experiments/rem/Load_cocktails_airs.ex.txt
doing event level: 3
