do run
loading script "felix_analysis120_60.py"
loading script "felix_pump_ms.py"
loading script "felix_diode.py"
loading script "felix_pump_extraction_line.py"
testing...
no interpolation path defined
executed snippet estimated_duration=268.240832, duration=0.000288009643555
script duration name:analysis120_60 seconds:268.0
loading script "felix_analysis120_60.py"
loading script "felix_pump_ms.py"
loading script "felix_diode.py"
loading script "felix_pump_extraction_line.py"
testing...
no interpolation path defined
executed snippet estimated_duration=0, duration=2.40802764893e-05
loading script "felix_analysis120_60.py"
loading script "felix_pump_ms.py"
loading script "felix_diode.py"
loading script "felix_pump_extraction_line.py"
testing...
no interpolation path defined
calculate duration
testing...
no interpolation path defined
executed snippet estimated_duration=0, duration=9.20295715332e-05
calculate duration
testing...
no interpolation path defined
executed snippet estimated_duration=0, duration=2.38418579102e-05
calculate duration
testing...
no interpolation path defined
executed snippet estimated_duration=42.0, duration=0.000111818313599
executed snippet estimated_duration=42.0, duration=0.0035548210144
script duration name:diode seconds:42.0
loading script "felix_analysis120_60.py"
loading script "felix_pump_ms.py"
loading script "felix_diode.py"
loading script "felix_pump_extraction_line.py"
testing...
no interpolation path defined
calculate duration
testing...
no interpolation path defined
executed snippet estimated_duration=4.0, duration=0.000223875045776
executed snippet estimated_duration=4.0, duration=0.00170302391052
Script duration 310.0
Run total estimated duration= 311.000
run duration: 0:05:11
doing event level: 2
15:10:33 -- Setting default integration. t=1.048576
setting integration time = 1.048576
SetIntegrationTime 1.048576 ===>> OK
----------------- start -----------------
**************** Experiment Type: Ar/Ar, Ar/Ar
create new session 4701247152
close session 4701247152
$$$$$ Clearing conditionals
adding conditionals 
Add queue conditionals
add default conditionals
adding default conditionals from /Users/obama/PychronDev/setupfiles/spectrometer/default_conditionals.yaml
Start automated run be-01-F-02
loading script "felix_analysis120_60.py"
loading script "felix_pump_ms.py"
loading script "felix_diode.py"
loading script "felix_pump_extraction_line.py"
%%%%%%%%%%%%%%%%%% setting automated run be-01-F-02
No value "sensitivity_multiplier" in metadata
$$$$$$$$$$$$$$$ auto_save_detector_ic=False
============================= Pre Extraction Check =============================
loading queue conditionals pre_run_terminations
loading system conditionals pre_run_terminations
loading conditionals from /Users/obama/PychronDev/setupfiles/spectrometer/default_conditionals.yaml
15:10:33 -- ******* Pre Extraction Check *******
Get a measurement from the spectrometer
GetData ===>> L2(CDD),0.00110071301372752,H2,0.383124659892034,H1,0.00126535769655793,AX,-0.158201925412999,L1,...
Pre Extraction Termination data. keys=L2(CDD),H2,H1,AX,L1,L2, signals=0.00110,0.38312,0.00127,-0.15820,-0.51962,-0.31807
15:10:33 -- testing system defined conditionals
Checking default pre extraction terminations n=2
testing L2_CDD_
evaluate ot="L2(CDD).inactive" t="L2_CDD_", ctx="{'L2_CDD_': False}"
GetDeflection L2 (CDD) ===>> 0
testing L2_CDD_==3250
evaluate ot="L2(CDD).deflection==3250" t="L2_CDD_==3250", ctx="{'L2_CDD_': 0.0}"
15:10:33 -- ******* Pre Extraction Check Passed *******
=================================================================================
15:10:33 -- stopping status monitor
stop 4723581488
Alive clients [4673391504]
15:10:33 -- starting status monitor
start 4723581488
Monitor already running
start extraction
do extraction
Analysis started at 15:10:33.446769
Extraction Started felix_diode.py
15:10:33 -- ******* Extraction Started felix_diode.py *******
state changed from not run to extraction
DO EXTRACTION <pychron.extraction_line.pyscript_runner.RemotePyScriptRunner object at 0x11a256590>
testing...
no interpolation path defined
calculate duration
testing...
no interpolation path defined
executed snippet estimated_duration=0, duration=0.000128030776978
calculate duration
testing...
no interpolation path defined
executed snippet estimated_duration=0, duration=3.60012054443e-05
calculate duration
testing...
no interpolation path defined
executed snippet estimated_duration=42.0, duration=0.000148057937622
executed snippet estimated_duration=162.0, duration=0.0057430267334
Felix unknown laser analysis
set_motor ('beam', '') {}
setting motor "beam" to 
doing GOSUB
testing...
no interpolation path defined
executed snippet estimated_duration=0, duration=0.000125885009766
Prepare for Diode Analysis
close () {'description': 'Felix Inlet'}
closing name=--- desc=Felix Inlet
checking ownership. requestor=129.138.12.137
check software interlocks H
interlocks []
actuate state mode=None-script, software_lock=False
doing actuation None-script close_channel False
Close H ===>> OK
GetIndicatorState H ===>> False
change switch state (True, True)
update switch state H False args=() kw={} ncanvase=2
15:10:33 -- CLOSE  VALVE-H (Felix Inlet)
---------------------------------------- close None (Felix Inlet) result=[(True, True)]
action=close, ok=True, locked=[False]
open () {'description': 'Felix Ion Pump'}
opening name=--- desc=Felix Ion Pump
checking ownership. requestor=129.138.12.137
check software interlocks V
interlocks []
actuate state mode=None-script, software_lock=False
doing actuation None-script open_channel False
Open V ===>> OK
GetIndicatorState V ===>> OK
change switch state (True, True)
update switch state V True args=() kw={} ncanvase=2
15:10:34 -- OPEN   VALVE-V (Felix Ion Pump)
---------------------------------------- open None (Felix Ion Pump) result=[(True, True)], time=0.13 sec
action=open, ok=True, locked=[False]
close () {'description': 'Bone to Minibone'}
closing name=--- desc=Bone to Minibone
checking ownership. requestor=129.138.12.137
check software interlocks E
interlocks []
actuate state mode=None-script, software_lock=False
doing actuation None-script close_channel True
Close E ===>> OK
GetIndicatorState E ===>> False
change switch state (True, True)
update switch state E False args=() kw={} ncanvase=2
15:10:34 -- CLOSE  VALVE-E (Bone to Minibone)
---------------------------------------- close None (Bone to Minibone) result=[(True, True)]
action=close, ok=True, locked=[False]
open () {'description': 'Bone to Getter GP-50'}
opening name=--- desc=Bone to Getter GP-50
checking ownership. requestor=129.138.12.137
check software interlocks N
interlocks []
actuate state mode=None-script, software_lock=False
doing actuation None-script open_channel False
Open N ===>> OK
GetIndicatorState N ===>> OK
change switch state (True, True)
update switch state N True args=() kw={} ncanvase=2
15:10:34 -- OPEN   VALVE-N (Bone to Getter GP-50)
---------------------------------------- open None (Bone to Getter GP-50) result=[(True, True)], time=0.15 sec
action=open, ok=True, locked=[False]
close () {'description': 'Bone to CO2 Laser'}
closing name=--- desc=Bone to CO2 Laser
checking ownership. requestor=129.138.12.137
check software interlocks D
interlocks []
actuate state mode=None-script, software_lock=False
doing actuation None-script close_channel True
Close D ===>> OK
GetIndicatorState D ===>> False
change switch state (True, True)
update switch state D False args=() kw={} ncanvase=2
15:10:35 -- CLOSE  VALVE-D (Bone to CO2 Laser)
---------------------------------------- close None (Bone to CO2 Laser) result=[(True, True)]
action=close, ok=True, locked=[False]
open () {'description': 'Bone to Diode Laser'}
opening name=--- desc=Bone to Diode Laser
checking ownership. requestor=129.138.12.137
check software interlocks B
interlocks []
actuate state mode=None-script, software_lock=False
doing actuation None-script open_channel False
Open B ===>> OK
GetIndicatorState B ===>> OK
change switch state (True, True)
update switch state B True args=() kw={} ncanvase=2
15:10:35 -- OPEN   VALVE-B (Bone to Diode Laser)
---------------------------------------- open None (Bone to Diode Laser) result=[(True, True)], time=0.15 sec
action=open, ok=True, locked=[False]
executed snippet estimated_duration=0, duration=2.59528207779
PrepareForDiodeAnalysis.py completed successfully
gosub finished
doing GOSUB
testing...
no interpolation path defined
executed snippet estimated_duration=0, duration=4.60147857666e-05
Isolate coldfinger
close () {'name': 'B', 'description': 'Bone to Diode Laser'}
closing name=B desc=Bone to Diode Laser
checking ownership. requestor=129.138.12.137
check software interlocks B
interlocks []
actuate state mode=None-script, software_lock=False
doing actuation None-script close_channel True
Close B ===>> OK
GetIndicatorState B ===>> False
change switch state (True, True)
update switch state B False args=() kw={} ncanvase=2
15:10:36 -- CLOSE  VALVE-B (Bone to Diode Laser)
---------------------------------------- close B (Bone to Diode Laser) result=[(True, True)]
action=close, ok=True, locked=[False]
executed snippet estimated_duration=0, duration=0.421560049057
IsolateDiodeColdfinger.py completed successfully
gosub finished
open () {'description': 'Bone to Turbo'}
opening name=--- desc=Bone to Turbo
checking ownership. requestor=129.138.12.137
check software interlocks C
interlocks []
actuate state mode=None-script, software_lock=False
doing actuation None-script open_channel False
Open C ===>> OK
GetIndicatorState C ===>> OK
change switch state (True, True)
update switch state C True args=() kw={} ncanvase=2
15:10:36 -- OPEN   VALVE-C (Bone to Turbo)
---------------------------------------- open None (Bone to Turbo) result=[(True, True)], time=0.15 sec
action=open, ok=True, locked=[False]
Blank Analyis. No laser heating
sleep (30.0,) {}
SLEEP 30.0
block started
WaitControl setup for 30.0  
Join finished
block finished. duration 30.0899059772
doing GOSUB
testing...
no interpolation path defined
executed snippet estimated_duration=42.0, duration=0.000148057937622
Equilibrate then isolate coldfinger
close () {'name': 'C', 'description': 'Bone to Turbo'}
closing name=C desc=Bone to Turbo
checking ownership. requestor=129.138.12.137
check software interlocks C
interlocks []
actuate state mode=None-script, software_lock=False
doing actuation None-script close_channel True
Close C ===>> OK
GetIndicatorState C ===>> False
change switch state (True, True)
update switch state C False args=() kw={} ncanvase=2
15:11:07 -- CLOSE  VALVE-C (Bone to Turbo)
---------------------------------------- close C (Bone to Turbo) result=[(True, True)]
action=close, ok=True, locked=[False]
sleep (1,) {}
SLEEP 1.0
open () {'name': 'B', 'description': 'Bone to Diode Laser'}
opening name=B desc=Bone to Diode Laser
checking ownership. requestor=129.138.12.137
check software interlocks B
interlocks []
actuate state mode=None-script, software_lock=False
doing actuation None-script open_channel True
Open B ===>> OK
GetIndicatorState B ===>> OK
change switch state (True, True)
update switch state B True args=() kw={} ncanvase=2
15:11:08 -- OPEN   VALVE-B (Bone to Diode Laser)
---------------------------------------- open B (Bone to Diode Laser) result=[(True, True)], time=0.14 sec
action=open, ok=True, locked=[False]
sleep (20,) {}
SLEEP 20.0
block started
WaitControl setup for 20.0  
Join finished
block finished. duration 20.0580420494
close () {'name': 'B', 'description': 'Bone to Diode Laser'}
closing name=B desc=Bone to Diode Laser
checking ownership. requestor=129.138.12.137
check software interlocks B
interlocks []
actuate state mode=None-script, software_lock=False
doing actuation None-script close_channel True
Close B ===>> OK
GetIndicatorState B ===>> False
change switch state (True, True)
update switch state B False args=() kw={} ncanvase=2
15:11:29 -- CLOSE  VALVE-B (Bone to Diode Laser)
---------------------------------------- close B (Bone to Diode Laser) result=[(True, True)]
action=close, ok=True, locked=[False]
executed snippet estimated_duration=63.0, duration=22.2835550308
EquilibrateThenIsolateDiodeColdfinger.py completed successfully
gosub finished
sleep (30.0,) {}
SLEEP 30.0
block started
WaitControl setup for 30.0  
Join finished
block finished. duration 30.0832049847
executed snippet estimated_duration=222.0, duration=85.8956480026
felix_diode.py completed successfully
GetAchievedOutput ===>> No Response
Requested Output= 0.000
Achieved Output=  0.000
GetResponseBlob ===>> P{[177]N[00][00][00][00][00][201][205]=[00][00][250]D[152][138][06]@[00][00][250]D[233]T[131]@[00...
GetOutputBlob ===>> P{[177]N[00][00][00][00][00][201][205]=[209][03][08]B[152][138][06]@[00][00][00][00][233]T[131]@[...
persistence save...
persistence save - db
AutomatedRunPersister post_extraction_save deprecated
persistence save - dvc
no extraction position for 
create new session 4672955408
close session 4672955408
Extraction Finished
15:11:59 -- ******* Extraction Finished *******
no overlap. not waiting for min ms pumptime
15:11:59 -- Sending spectrometer configuration
======== Sending configuration ========
SetZFocus 9.84 ===>> OK
SetHV 9000.0 ===>> OK
SetZSymmetry 18.34 ===>> OK
SetExtractionLens 42.35 ===>> OK
SetIonRepeller -4.08 ===>> OK
SetElectronEnergy 107.0 ===>> OK
SetYSymmetry 12.72 ===>> OK
send trap current 400.0
GetParameter Trap Current Readback ===>> 398.979307819081
SetParameter Trap Current Set,400.0 ===>> OK
updating mftable name argon
Using mftable located at /Users/obama/PychronDev/setupfiles/spectrometer/mftables/argon.csv
============ MFtable ===========
Isotope  H2     H1     AX     L1     L2     L2(CDD)
Ar40     3.4933 3.5645 3.6387 3.7157 3.8115 3.7981
Ar39     3.4242 3.4946 3.5674 3.6456 3.7367 3.7229
Ar36     3.2142 3.2804 3.3488 3.4205 3.5173 3.4946
================================
get initial guess parabolic
get initial guess parabolic
get initial guess parabolic
get initial guess parabolic
get initial guess parabolic
get initial guess parabolic
======== Configuration Finished ========
GetYSymmetry ===>> 12.72
GetZSymmetry ===>> 18.34
GetParameter Trap Current Readback ===>> 398.3080021974
GetHighVoltage ===>> 9000
start measurement
do measurement
L#=be-01-F analysis type=blank_extractionline
Measurement Started felix_analysis120_60.py
15:11:59 -- ******* Measurement Started felix_analysis120_60.py *******
state changed from extraction to measurement
setting spec, defl, and gains
GetExtractionLens ===>> 42.35
GetYSymmetry ===>> 12.72
GetZSymmetry ===>> 18.34
GetZFocus ===>> 9.84
GetDeflection H2 (CDD) ===>> 3250
GetDeflection H1 (CDD) ===>> 3250
GetDeflection AX (CDD) ===>> 3250
GetDeflection L1 (CDD) ===>> 3250
GetDeflection L2 (CDD) ===>> 0
GetGain H2 ===>> 0.9809305
GetGain H1 ===>> 0.96484
GetGain AX ===>> 0.96253
GetGain L1 ===>> 0.970094835296087
GetGain L2 ===>> 0.967359864778375
GetGain H2(CDD) ===>> 0
GetGain H1(CDD) ===>> 0
GetGain AX(CDD) ===>> 0
GetGain L1(CDD) ===>> 0
GetGain L2(CDD) ===>> 0
pre measurement save
New frame /Users/obama/PychronDev/data/isotopes/d2/da3e9d-b15e-4533-9dc2-540a1eb0a108.h5
flush and close file /Users/obama/PychronDev/data/isotopes/d2/da3e9d-b15e-4533-9dc2-540a1eb0a108.h5
testing...
no interpolation path defined
executed snippet estimated_duration=294.240832, duration=0.000290870666504
unknown measurement script
activate_detectors ('H2', 'H1', 'AX', 'L1', 'L2(CDD)') {}
activate detectors
*************** Set Analysis View Ar/Ar
create graphs
clearing graphs
clear isotope group
setting isotope det=H2, iso=Ar40
setting isotope det=H1, iso=Ar39
setting isotope det=AX, iso=Ar38
setting isotope det=L1, iso=Ar37
setting isotope det=L2(CDD), iso=Ar36
load analysis view
position_magnet ('Ar40',) {'detector': 'H2'}
detector Detector(H2)
POSITION Ar40 H2
setting detector H2 to Ar40 (39.9624)
setting detector H1 to Ar39 (38.8624)
setting detector AX to Ar38 (37.9624)
setting detector L1 to Ar37 (36.9624)
setting detector L2 to Ar36 (35.8624)
setting detector H2(CDD) to Ar40 (39.8624)
setting detector H1(CDD) to Ar39 (38.8624)
setting detector AX(CDD) to Ar38 (37.8624)
setting detector L1(CDD) to Ar37 (36.8624)
setting detector L2(CDD) to Ar36 (35.9624)
Mapping mass to dac mass func: "parabolic"
H2 map mass coeffs = [ -2.38925034e-04   8.80081338e-02   3.57815459e-01]
H2 map mass to dac 39.9624 >> 3.49327
GetHighVoltage ===>> 9000
positioning Ar40 (3.49327) on H2
setting magnet DAC
current  : 3.493272
requested: 3.493270
Delta Dac: 0.000002
Checking detector protection. dv=0.00000
SetMagnetDAC 3.49327 ===>> OK
Magnet settling time: 0.500
update labels <pychron.experiment.plot_panel.PlotPanel object at 0x1264c0530>
update labels "<pychron.graph.stacked_regression_graph.StackedRegressionGraph object at 0x12674fdd0>"
setting label 0 H2 Ar40
setting label 1 H1 Ar39
setting label 2 AX Ar38
setting label 3 L1 Ar37
setting label 4 L2(CDD) Ar36
update labels "<pychron.graph.stacked_graph.StackedGraph object at 0x1262c28f0>"
setting label 0 H2 Ar40
setting label 1 H1 Ar39
setting label 2 AX Ar38
setting label 3 L1 Ar37
setting label 4 L2(CDD) Ar36
equilibrate () {'delay': 3, 'inlet': 'H', 'outlet': 'V', 'eqtime': 25.0}
Equilibration Started
15:12:00 -- ******* Equilibration Started *******
checking ownership. requestor=129.138.12.137
check software interlocks V
interlocks []
actuate state mode=None-script, software_lock=False
doing actuation None-script close_channel True
Close V ===>> OK
GetIndicatorState V ===>> False
change switch state (True, True)
update switch state V False args=() kw={} ncanvase=2
15:12:00 -- CLOSE  VALVE-V (Felix Ion Pump)
waiting 3s before opening inlet value ('H',)
checking ownership. requestor=129.138.12.137
check software interlocks H
interlocks []
actuate state mode=None-script, software_lock=False
doing actuation None-script open_channel True
Open H ===>> OK
GetIndicatorState H ===>> OK
change switch state (True, True)
update switch state H True args=() kw={} ncanvase=2
15:12:04 -- OPEN   VALVE-H (Felix Inlet)
set_time_zero () {}
equilibrating for 25.0sec
sniff (25.0,) {}
py_sniff
build tables- sniff [Detector(H2), Detector(H1), Detector(AX), Detector(L1), Detector(L2(CDD))]
add group /sniff/Ar40 (Group) u'' table H2
add group /sniff/Ar39 (Group) u'' table H1
add group /sniff/Ar38 (Group) u'' table AX
add group /sniff/Ar37 (Group) u'' table L1
add group /sniff/Ar36 (Group) u'' table L2(CDD)
flush and close file /Users/obama/PychronDev/data/isotopes/d2/da3e9d-b15e-4533-9dc2-540a1eb0a108.h5
measuring sniff. ncounts=25.0
"sniff" increment series count="1" fit count="0" regressing="False"
starting measurement
GetData ===>> L2(CDD),0.00110071301372752,H2,0.528419918691655,H1,0.135267939065532,AX,-0.129997881276705,L1,-0...
GetData ===>> L2(CDD),0.00172969201067973,H2,0.3495442350532,H1,-0.103533294053278,AX,-0.236160023588174,L1,-0....
GetData ===>> L2(CDD),0.000786223551241894,H2,0.549761248393273,H1,-0.0275783893107507,AX,-0.292446430013288,L1...
GetData ===>> L2(CDD),0.0014152025002068,H2,0.284718619788783,H1,-0.253816750419329,AX,0.0302993357859001,L1,-0...
GetData ===>> L2(CDD),0.0014152025002068,H2,0.619736086511949,H1,0.080906157309963,AX,0.0570181345560091,L1,-0....
GetData ===>> L2(CDD),0.00157244725244406,H2,0.475360160157142,H1,0.0783777768998712,AX,-0.151896214931954,L1,-...
GetData ===>> L2(CDD),0.00110071301372752,H2,0.726573992148155,H1,0.0712523768531433,AX,-0.193857074595293,L1,-...
GetData ===>> L2(CDD),0.00110071301372752,H2,0.426850898983537,H1,0.148255456566254,AX,-0.0462980873631479,L1,-...
GetData ===>> L2(CDD),0.00125795775396796,H2,0.616703739793854,H1,-0.0370012591935147,AX,-0.0321945287381712,L1...
GetData ===>> L2(CDD),0.00110071301372752,H2,0.64037961970158,H1,0.0248236395624941,AX,-0.0951429612212406,L1,-...
GetData ===>> L2(CDD),0.00157244725244406,H2,0.593494935752799,H1,-0.0708998469273331,AX,-0.104544741621266,L1,...
GetData ===>> L2(CDD),0.00157244725244406,H2,0.712577095938577,H1,-0.0851483892093072,AX,-0.0461834251184967,L1...
GetData ===>> L2(CDD),0.00125795775396796,H2,0.614487800057893,H1,0.0168942024050988,AX,-0.384721500454191,L1,-...
GetData ===>> L2(CDD),0.00157244725244406,H2,0.668488181533894,H1,-0.0725085638545763,AX,-0.142724198655499,L1,...
GetData ===>> L2(CDD),0.000943468279485503,H2,0.571919405678127,H1,-0.0526292306992883,AX,-0.0762244662000243,L...
GetData ===>> L2(CDD),0.00188693677491381,H2,0.615420826703322,H1,0.0829748371199487,AX,-0.136189083725652,L1,-...
GetData ===>> L2(CDD),0.00172969201067973,H2,0.515475404534232,H1,0.0829748371199487,AX,-0.226186325103008,L1,-...
GetData ===>> L2(CDD),0.00251591589183427,H2,0.982611924824986,H1,-0.113070325402216,AX,0.118600336882034,L1,-0...
GetData ===>> L2(CDD),0.000943468279485503,H2,0.807669915520437,H1,-0.0381503833695316,AX,0.0767423589006998,L1...
GetData ===>> L2(CDD),0.00125795775396796,H2,0.438628166785929,H1,-0.114104455664551,AX,-0.552054953415093,L1,-...
GetData ===>> L2(CDD),0.00172969201067973,H2,0.692165314529687,H1,0.0915943840795866,AX,-0.14788346856731,L1,-0...
GetData ===>> L2(CDD),0.00188693677491381,H2,0.794384458421144,H1,-0.104567434540742,AX,-0.0473300469529015,L1,...
GetData ===>> L2(CDD),0.0014152025002068,H2,0.732172806694099,H1,-0.112610711596369,AX,-0.186519788507228,L1,-0...
GetData ===>> L2(CDD),0.00157244725244406,H2,0.455186545461925,H1,0.1182580036242,AX,0.0034666105864451,L1,-0.5...
Equilibration Finished
15:12:29 -- ******* Equilibration Finished *******
checking ownership. requestor=129.138.12.137
check software interlocks H
interlocks []
actuate state mode=None-script, software_lock=False
doing actuation None-script close_channel True
Close H ===>> OK
GetIndicatorState H ===>> False
change switch state (True, True)
update switch state H False args=() kw={} ncanvase=2
15:12:29 -- CLOSE  VALVE-H (Felix Inlet)
Post Equilibration Started felix_pump_extraction_line.py
15:12:29 -- ******* Post Equilibration Started felix_pump_extraction_line.py *******
testing...
no interpolation path defined
calculate duration
testing...
no interpolation path defined
executed snippet estimated_duration=4.0, duration=0.000269889831543
executed snippet estimated_duration=4.0, duration=0.0148780345917
Pump after analysis
doing GOSUB
testing...
no interpolation path defined
executed snippet estimated_duration=4.0, duration=0.000277042388916
Pump Bone
close () {'description': 'Felix Inlet'}
closing name=--- desc=Felix Inlet
checking ownership. requestor=129.138.12.137
check software interlocks H
interlocks []
actuate state mode=None-script, software_lock=False
doing actuation None-script close_channel False
Close H ===>> OK
GetIndicatorState H ===>> False
change switch state (True, True)
update switch state H False args=() kw={} ncanvase=2
15:12:29 -- CLOSE  VALVE-H (Felix Inlet)
---------------------------------------- close None (Felix Inlet) result=[(True, True)]
action=close, ok=True, locked=[False]
is_closed ('A',) {}
is A () closed?
is closed False
close () {'description': 'CO2 Laser to Bone'}
closing name=--- desc=CO2 Laser to Bone
checking ownership. requestor=129.138.12.137
check software interlocks F
interlocks []
actuate state mode=None-script, software_lock=True
VALVE-F(CO2 Laser to Bone) software locked
change switch state (True, False)
---------------------------------------- close None (CO2 Laser to Bone) result=[(True, False)]
action=close, ok=True, locked=[True]
sleep (1,) {}
SLEEP 1.0
15:12:29 -- collecting point 25
GetData ===>> L2(CDD),0.00220142632137721,H2,0.833309026876412,H1,-0.16546486371992,AX,0.00851202317248299,L1,-...
close () {'description': 'CO2 Laser to Roughing'}
closing name=--- desc=CO2 Laser to Roughing
checking ownership. requestor=129.138.12.137
check software interlocks G
interlocks []
actuate state mode=None-script, software_lock=True
VALVE-G(CO2 Laser to Roughing) software locked
change switch state (True, False)
---------------------------------------- close None (CO2 Laser to Roughing) result=[(True, False)]
action=close, ok=True, locked=[True]
open () {'description': 'Bone to Turbo'}
opening name=--- desc=Bone to Turbo
checking ownership. requestor=129.138.12.137
check software interlocks C
interlocks []
actuate state mode=None-script, software_lock=False
doing actuation None-script open_channel True
Open C ===>> OK
GetIndicatorState C ===>> OK
change switch state (True, True)
update switch state C True args=() kw={} ncanvase=2
measurement finished
estimated time: 26.214 actual time: :26.328
flush and close file /Users/obama/PychronDev/data/isotopes/d2/da3e9d-b15e-4533-9dc2-540a1eb0a108.h5
set_fits () {}
15:12:31 -- OPEN   VALVE-C (Bone to Turbo)
using default fits file=/Users/obama/PychronDev/scripts/measurement/fits/nominal.yaml
---------------------------------------- open None (Bone to Turbo) result=[(True, True)], time=0.17 sec
set "Ar40" to "('Parabolic', 'SEM')"
set "Ar36" to "('Parabolic', 'SEM')"
set "Ar37" to "('linear', 'SEM')"
set "Ar38" to "('linear', 'SEM')"
set "Ar39" to "('Parabolic', 'SEM')"
set_baseline_fits () {}
using default fits file=/Users/obama/PychronDev/scripts/measurement/fits/nominal.yaml
set "H2" to "('average', 'SEM')"
set "L2(CDD)" to "('average', 'SEM')"
set "L1" to "('average', 'SEM')"
set "AX" to "('average', 'SEM')"
set "H1" to "('average', 'SEM')"
multicollect () {'integration_time': 1.048576, 'ncounts': 120}
build tables- signal [Detector(H2), Detector(H1), Detector(AX), Detector(L1), Detector(L2(CDD))]
add group /signal/Ar40 (Group) u'' table H2
add group /signal/Ar39 (Group) u'' table H1
add group /signal/Ar38 (Group) u'' table AX
add group /signal/Ar37 (Group) u'' table L1
add group /signal/Ar36 (Group) u'' table L2(CDD)
flush and close file /Users/obama/PychronDev/data/isotopes/d2/da3e9d-b15e-4533-9dc2-540a1eb0a108.h5
measuring signal. ncounts=120
"signal" increment series count="2" fit count="1" regressing="True"
action=open, ok=True, locked=[False]
open () {'description': 'Bone to Getter GP-50'}
opening name=--- desc=Bone to Getter GP-50
checking ownership. requestor=129.138.12.137
check software interlocks N
interlocks []
actuate state mode=None-script, software_lock=False
doing actuation None-script open_channel False
Open N ===>> OK
GetIndicatorState N ===>> OK
change switch state (True, True)
update switch state N True args=() kw={} ncanvase=2
15:12:31 -- OPEN   VALVE-N (Bone to Getter GP-50)
---------------------------------------- open None (Bone to Getter GP-50) result=[(True, True)], time=0.18 sec
action=open, ok=True, locked=[False]
open () {'description': 'Bone to Diode Laser'}
opening name=--- desc=Bone to Diode Laser
checking ownership. requestor=129.138.12.137
check software interlocks B
interlocks []
actuate state mode=None-script, software_lock=False
doing actuation None-script open_channel True
starting measurement
GetData ===>> L2(CDD),0.00125795775396796,H2,0.636764054179117,H1,0.00747089807885856,AX,-0.107869739533026,L1,...
Open B ===>> OK
GetIndicatorState B ===>> OK
change switch state (True, True)
update switch state B True args=() kw={} ncanvase=2
15:12:31 -- OPEN   VALVE-B (Bone to Diode Laser)
---------------------------------------- open None (Bone to Diode Laser) result=[(True, True)], time=0.21 sec
action=open, ok=True, locked=[False]
open () {'description': 'Bone to CO2 Laser'}
opening name=--- desc=Bone to CO2 Laser
checking ownership. requestor=129.138.12.137
check software interlocks D
interlocks []
actuate state mode=None-script, software_lock=False
doing actuation None-script open_channel True
Open D ===>> OK
set states for children of D. state=True
handle state [('D', True)]
update switch state D True args=() kw={'refresh': False} ncanvase=2
refresh_canvas_needed fired
GetIndicatorState D ===>> OK
change switch state (True, True)
update switch state D True args=() kw={} ncanvase=2
15:12:32 -- OPEN   VALVE-D (Bone to CO2 Laser)
---------------------------------------- open None (Bone to CO2 Laser) result=[(True, True)], time=0.19 sec
action=open, ok=True, locked=[False]
sleep (1,) {}
SLEEP 1.0
GetData ===>> L2(CDD),0.00235867110360653,H2,0.703829137481015,H1,0.109523288465448,AX,-0.0428582140733051,L1,-...
set_resource () {'name': 'CO2PumpTimeFlag', 'value': 30}
Set CO2PumpTimeFlag 30 ===>> OK
release ('FelixCO2Flag',) {}
release FelixCO2Flag
Set FelixCO2Flag 0 ===>> OK
executed snippet estimated_duration=6.0, duration=4.22156095505
PumpBone.py completed successfully
gosub finished
get_resource_value () {'name': 'FelixMiniboneFlag'}
Read FelixMiniboneFlag ===>> 0
Get Resource Value FelixMiniboneFlag=0.0
executed snippet estimated_duration=4.0, duration=4.22992706299
felix_pump_extraction_line.py completed successfully
Post Equilibration Finished
15:12:33 -- ******* Post Equilibration Finished *******
GetData ===>> L2(CDD),0.00188693677491381,H2,0.812448062614093,H1,-0.072048930720435,AX,-0.392630380477502,L1,-...
GetData ===>> L2(CDD),0.00251591589183427,H2,0.75316864656333,H1,0.0496466468564226,AX,-0.149373919170325,L1,-0...
GetData ===>> L2(CDD),0.00188693677491381,H2,0.743837106558122,H1,-0.34388368484663,AX,0.0331661241641766,L1,-0...
GetData ===>> L2(CDD),0.00157244725244406,H2,0.86838908121643,H1,-0.122607262454511,AX,-0.051572535861344,L1,-0...
set states for children of U. state=False
handle state [('U', False)]
update switch state U False args=() kw={'refresh': False} ncanvase=2
refresh_canvas_needed fired
GetData ===>> L2(CDD),0.00157244725244406,H2,0.675952831572568,H1,-0.00999644695692207,AX,0.0535779042687268,L1...
GetData ===>> L2(CDD),0.00220142632137721,H2,0.548478423075728,H1,0.220322115488201,AX,-0.234096508244919,L1,-0...
GetData ===>> L2(CDD),0.00251591589183427,H2,0.691932039488514,H1,0.0526346445108732,AX,-0.061892025403966,L1,-...
GetData ===>> L2(CDD),0.000786223551241894,H2,0.749669308632946,H1,0.0489571102502976,AX,-0.149144619227933,L1,...
GetData ===>> L2(CDD),0.00220142632137721,H2,0.936338411257407,H1,-0.163166917329667,AX,-0.199360002447997,L1,-...
GetData ===>> L2(CDD),0.00220142632137721,H2,0.883889970953528,H1,-0.229575360906854,AX,-0.164736890857668,L1,-...
GetData ===>> L2(CDD),0.00172969201067973,H2,0.727157200502204,H1,0.0744702929378553,AX,0.00759467346250414,L1,...
GetData ===>> L2(CDD),0.0014152025002068,H2,0.674436569923997,H1,0.0217208085643094,AX,-0.0589108509016721,L1,-...
GetDeflection L2 (CDD) ===>> 0
testing L2_CDD_==3250
evaluate ot="L2(CDD).deflection==3250" t="L2_CDD_==3250", ctx="{'L2_CDD_': 0.0}"
GetData ===>> L2(CDD),0.00172969201067973,H2,0.74768635602732,H1,-0.220499044086558,AX,-0.104315430997133,L1,-0...
GetData ===>> L2(CDD),0.0020441815451463,H2,0.617053625474008,H1,-0.0798626642104672,AX,-0.190532373767984,L1,-...
GetData ===>> L2(CDD),0.00267316068606042,H2,0.607723383486346,H1,-0.199358937059855,AX,-0.0667077493219018,L1,...
GetData ===>> L2(CDD),0.0020441815451463,H2,0.856617892889444,H1,0.0257429988122155,AX,-0.064873190670579,L1,-0...
GetData ===>> L2(CDD),0.00188693677491381,H2,0.791004853376281,H1,0.0566569636614225,AX,0.187870688374373,L1,-0...
GetData ===>> L2(CDD),0.0014152025002068,H2,0.593028432773025,H1,0.134578341255176,AX,-0.23340866881375,L1,-0.4...
GetData ===>> L2(CDD),0.00188693677491381,H2,0.694031516858351,H1,-0.336761350893542,AX,-0.121284269611283,L1,-...
GetData ===>> L2(CDD),0.00157244725244406,H2,0.889251238085897,H1,0.114005566627682,AX,-0.125411779708984,L1,-0...
GetData ===>> L2(CDD),0.00235867110360653,H2,0.869671100376796,H1,0.00551729772695218,AX,-0.136533038249813,L1,...
GetData ===>> L2(CDD),0.00188693677491381,H2,1.17379018491593,H1,0.0221804866009202,AX,-0.296802470847028,L1,-0...
GetDeflection L2 (CDD) ===>> 0
testing L2_CDD_==3250
evaluate ot="L2(CDD).deflection==3250" t="L2_CDD_==3250", ctx="{'L2_CDD_': 0.0}"
15:12:57 -- collecting point 25
GetData ===>> L2(CDD),0.0014152025002068,H2,0.976550785923928,H1,0.0125272938329579,AX,-0.0745045845743319,L1,-...
GetData ===>> L2(CDD),0.000314489402501528,H2,0.744187037702479,H1,-0.0622816748459561,AX,0.0362622652040765,L1...
GetData ===>> L2(CDD),0.00267316068606042,H2,0.836339148061094,H1,-0.074232186156063,AX,-0.258285215579601,L1,-...
GetData ===>> L2(CDD),0.0020441815451463,H2,0.70149636176735,H1,-0.0363117840304953,AX,-0.16255857397369,L1,-0....
GetData ===>> L2(CDD),0.00172969201067973,H2,0.697180741359571,H1,-0.142485153451532,AX,-0.302534073480163,L1,-...
GetData ===>> L2(CDD),0.000943468279485503,H2,1.13846602301744,H1,-0.0817011805388929,AX,-0.283963557062208,L1,...
GetData ===>> L2(CDD),0.00188693677491381,H2,0.799279079524848,H1,-0.0179255978880677,AX,0.114357116471889,L1,-...
GetData ===>> L2(CDD),0.0020441815451463,H2,0.933307980412222,H1,-0.0881359600919128,AX,-0.119793775503344,L1,-...
GetData ===>> L2(CDD),0.00267316068606042,H2,0.841233979026571,H1,0.0666553724967839,AX,-0.294739085541724,L1,-...
GetData ===>> L2(CDD),0.0014152025002068,H2,0.70476224932317,H1,0.182046808104042,AX,-0.148342068999014,L1,-0.4...
GetDeflection L2 (CDD) ===>> 0
testing L2_CDD_==3250
evaluate ot="L2(CDD).deflection==3250" t="L2_CDD_==3250", ctx="{'L2_CDD_': 0.0}"
GetData ===>> L2(CDD),0.00267316068606042,H2,0.903237290603203,H1,0.212391071208365,AX,-0.078746953690567,L1,-0...
GetData ===>> L2(CDD),0.00314489510472937,H2,1.22485508842621,H1,-0.174886386681348,AX,-0.179755678335944,L1,-0...
GetData ===>> L2(CDD),0.0020441815451463,H2,0.837970755662395,H1,0.0285010818179112,AX,0.0313313786183908,L1,-0...
GetData ===>> L2(CDD),0.000628978828996695,H2,1.06922037536913,H1,0.000920606623547751,AX,-0.115436933335956,L1...
GetData ===>> L2(CDD),0.0020441815451463,H2,0.867806345789802,H1,-0.0891701170872339,AX,-0.267685402237897,L1,-...
GetData ===>> L2(CDD),0.00125795775396796,H2,0.787508722509739,H1,-0.232677373654408,AX,-0.0440048398695228,L1,...
GetData ===>> L2(CDD),0.00251591589183427,H2,0.917573201885838,H1,-0.146736441124617,AX,0.105985412148664,L1,-0...
GetData ===>> L2(CDD),0.00235867110360653,H2,0.915475250530862,H1,0.104006667009519,AX,-0.147424867917606,L1,-0...
GetData ===>> L2(CDD),0.00345938474716741,H2,0.896477340260909,H1,-0.0838844141270074,AX,-0.233064748914041,L1,...
GetData ===>> L2(CDD),0.0020441815451463,H2,0.844497213272114,H1,-0.00735338216265592,AX,-0.10259559957321,L1,-...
GetDeflection L2 (CDD) ===>> 0
testing L2_CDD_==3250
evaluate ot="L2(CDD).deflection==3250" t="L2_CDD_==3250", ctx="{'L2_CDD_': 0.0}"
GetData ===>> L2(CDD),0.00220142632137721,H2,0.818974350000252,H1,0.108144130143702,AX,-0.356065593589696,L1,-0...
GetData ===>> L2(CDD),0.0039311192558126,H2,0.899740758733694,H1,0.0535540302664886,AX,-0.182163248422883,L1,-0...
GetData ===>> L2(CDD),0.0020441815451463,H2,1.16702836548922,H1,-0.258412205798595,AX,-0.107296464850264,L1,-0....
GetData ===>> L2(CDD),0.0020441815451463,H2,0.975035507064078,H1,0.0671150719468629,AX,-0.275022069484477,L1,-0...
GetData ===>> L2(CDD),0.00424560895823481,H2,1.05441596521661,H1,-0.0476880611979578,AX,-0.0785176369192871,L1,...
15:13:23 -- collecting point 50
GetData ===>> L2(CDD),0.00220142632137721,H2,1.00837218396649,H1,-0.19235042974434,AX,-0.2110536196514,L1,-0.32...
GetData ===>> L2(CDD),0.00267316068606042,H2,1.06537353859688,H1,-0.227162677428283,AX,-0.0191227532634649,L1,-...
GetData ===>> L2(CDD),0.00314489510472937,H2,0.925032620906359,H1,0.0876868465811149,AX,-0.0215307252443271,L1,...
GetData ===>> L2(CDD),0.00361662957738405,H2,0.873633715673295,H1,-0.208550344874492,AX,-0.15464780276856,L1,-0...
GetData ===>> L2(CDD),0.00314489510472937,H2,1.06315870004218,H1,0.134693274188934,AX,-0.170010690262518,L1,-0....
GetDeflection L2 (CDD) ===>> 0
testing L2_CDD_==3250
evaluate ot="L2(CDD).deflection==3250" t="L2_CDD_==3250", ctx="{'L2_CDD_': 0.0}"
GetData ===>> L2(CDD),0.00330213992294918,H2,0.965594207022695,H1,-0.178448157975115,AX,0.0395877611193593,L1,-...
GetData ===>> L2(CDD),0.00314489510472937,H2,1.2238057827761,H1,-0.00942186827000512,AX,0.0466974805847368,L1,-...
GetData ===>> L2(CDD),0.00330213992294918,H2,1.09440004400516,H1,-0.156387943581283,AX,-0.240172401866492,L1,-0...
GetData ===>> L2(CDD),0.00330213992294918,H2,1.08355871836966,H1,0.0316039346256893,AX,0.037179642240027,L1,-0....
GetData ===>> L2(CDD),0.00283040548628499,H2,1.2071336328289,H1,0.0641270294385746,AX,-0.279722092543865,L1,-0....
GetData ===>> L2(CDD),0.00267316068606042,H2,1.11643278549853,H1,-0.220958606484827,AX,-0.154303854719185,L1,-0...
GetData ===>> L2(CDD),0.00267316068606042,H2,1.0166482482421,H1,-0.0242458889038529,AX,-0.149717868981432,L1,-0...
GetData ===>> L2(CDD),0.00172969201067973,H2,1.13834944373552,H1,-0.199358937059855,AX,-0.398705273163968,L1,-0...
GetData ===>> L2(CDD),0.0039311192558126,H2,1.1438286849823,H1,-0.074462002230066,AX,-0.0127014651929499,L1,-0....
GetData ===>> L2(CDD),0.00314489510472937,H2,1.0586124681859,H1,0.00884991247391211,AX,-0.112111961569126,L1,-0...
GetDeflection L2 (CDD) ===>> 0
testing L2_CDD_==3250
evaluate ot="L2(CDD).deflection==3250" t="L2_CDD_==3250", ctx="{'L2_CDD_': 0.0}"
GetData ===>> L2(CDD),0.00377387441359912,H2,1.12774078723795,H1,-0.18775465959596,AX,-0.00467479485568305,L1,-...
GetData ===>> L2(CDD),0.00283040548628499,H2,1.22963527284534,H1,-0.0220625203259647,AX,-0.0897540944591227,L1,...
set states for children of O. state=False
handle state [('O', False)]
update switch state O False args=() kw={'refresh': False} ncanvase=2
refresh_canvas_needed fired
GetData ===>> L2(CDD),0.00424560895823481,H2,1.05744677111157,H1,0.142853547517838,AX,-0.102251632919751,L1,-0....
GetData ===>> L2(CDD),0.00188693677491381,H2,1.07982839753442,H1,-0.016201874969503,AX,-0.175628401316667,L1,-0...
set states for children of R. state=True
handle state [('R', True)]
update switch state R True args=() kw={'refresh': False} ncanvase=2
refresh_canvas_needed fired
GetData ===>> L2(CDD),0.00361662957738405,H2,1.08472444654642,H1,0.134808207137045,AX,-0.220339626206782,L1,-0....
GetData ===>> L2(CDD),0.00283040548628499,H2,1.19920571710267,H1,-0.202805725255079,AX,-0.127016917743881,L1,-0...
GetData ===>> L2(CDD),0.00361662957738405,H2,1.25248720874498,H1,0.158599622143662,AX,-0.0296719192264874,L1,-0...
GetData ===>> L2(CDD),0.00220142632137721,H2,1.21121420272117,H1,-0.204758899764503,AX,-0.327981976877715,L1,-0...
GetData ===>> L2(CDD),0.00298765029250797,H2,1.47613788472104,H1,-0.237847372729178,AX,0.0104613942106251,L1,-0...
GetData ===>> L2(CDD),0.00251591589183427,H2,1.10151108625575,H1,0.0133317228738087,AX,0.125481274608081,L1,-0....
GetDeflection L2 (CDD) ===>> 0
testing L2_CDD_==3250
evaluate ot="L2(CDD).deflection==3250" t="L2_CDD_==3250", ctx="{'L2_CDD_': 0.0}"
15:13:49 -- collecting point 75
GetData ===>> L2(CDD),0.00267316068606042,H2,1.19535836937942,H1,0.0121825387350675,AX,-0.312392350149669,L1,-0...
GetData ===>> L2(CDD),0.00283040548628499,H2,1.28968104122018,H1,-0.0310257914091487,AX,-0.204060395069693,L1,-...
GetData ===>> L2(CDD),0.00345938474716741,H2,1.30460560959909,H1,-0.0989371006943229,AX,-0.0536364426223838,L1,...
GetData ===>> L2(CDD),0.00330213992294918,H2,1.09964588984704,H1,-0.0482626170915027,AX,-0.213002542037592,L1,-...
GetData ===>> L2(CDD),0.00267316068606042,H2,1.16259823326406,H1,-0.0513652130034326,AX,-0.0621213461366312,L1,...
GetData ===>> L2(CDD),0.00471734355685627,H2,1.04893722453412,H1,0.0801016719152189,AX,-0.0555856838322392,L1,-...
GetData ===>> L2(CDD),0.00220142632137721,H2,1.1447613248456,H1,-0.30425067470023,AX,-0.182392540498286,L1,-0.4...
GetData ===>> L2(CDD),0.00267316068606042,H2,1.15152299043223,H1,0.11423542760801,AX,-0.27387571891467,L1,-0.77...
set states for children of R. state=False
handle state [('R', False)]
update switch state R False args=() kw={'refresh': False} ncanvase=2
refresh_canvas_needed fired
GetData ===>> L2(CDD),0.00283040548628499,H2,1.43124040134007,H1,-0.211307750138733,AX,-0.103398187953466,L1,-0...
GetData ===>> L2(CDD),0.00345938474716741,H2,1.3827301105666,H1,-0.123066871497215,AX,-0.347354028750387,L1,-0....
set states for children of U. state=True
handle state [('U', True)]
update switch state U True args=() kw={'refresh': False} ncanvase=2
refresh_canvas_needed fired
GetDeflection L2 (CDD) ===>> 0
testing L2_CDD_==3250
evaluate ot="L2(CDD).deflection==3250" t="L2_CDD_==3250", ctx="{'L2_CDD_': 0.0}"
GetData ===>> L2(CDD),0.00345938474716741,H2,1.0417099965069,H1,-0.0372310841384505,AX,-0.133322791247634,L1,-0...
GetData ===>> L2(CDD),0.00298765029250797,H2,1.33130716299638,H1,-0.0055147241212546,AX,-0.234669707395273,L1,-...
GetData ===>> L2(CDD),0.00377387441359912,H2,1.22275647825076,H1,-0.0141334034009543,AX,-0.0138481269192639,L1,...
GetData ===>> L2(CDD),0.00298765029250797,H2,1.15105666716753,H1,0.121131282477005,AX,-0.274334259306434,L1,-0....
GetData ===>> L2(CDD),0.00283040548628499,H2,1.41316537256886,H1,-0.0544677989357505,AX,-0.293478125676892,L1,-...
GetData ===>> L2(CDD),0.00314489510472937,H2,1.49246475290156,H1,-0.04435563026593,AX,-0.233064748914041,L1,-0....
GetData ===>> L2(CDD),0.00377387441359912,H2,1.38634497721806,H1,-0.289545839310842,AX,-0.147424867917606,L1,-0...
GetData ===>> L2(CDD),0.00330213992294918,H2,1.31626558699194,H1,0.127682390261021,AX,-0.127475528118908,L1,-0....
GetData ===>> L2(CDD),0.00345938474716741,H2,1.38716123927748,H1,-0.131684500494629,AX,-0.0898687515126173,L1,-...
GetData ===>> L2(CDD),0.00298765029250797,H2,1.40873412613673,H1,-0.0956048468141778,AX,0.0359182490411012,L1,-...
GetDeflection L2 (CDD) ===>> 0
testing L2_CDD_==3250
evaluate ot="L2(CDD).deflection==3250" t="L2_CDD_==3250", ctx="{'L2_CDD_': 0.0}"
GetData ===>> L2(CDD),0.00330213992294918,H2,1.50039504427696,H1,-0.0311407046004907,AX,-0.229854823920662,L1,-...
GetData ===>> L2(CDD),0.00377387441359912,H2,1.45677923675068,H1,-0.0923874873166057,AX,-0.0168294410138526,L1,...
GetData ===>> L2(CDD),0.00345938474716741,H2,1.41957905425069,H1,0.03539632383371,AX,-0.0240533560951292,L1,-0....
GetData ===>> L2(CDD),0.0040883641040245,H2,1.39019307574265,H1,-0.0669929517917757,AX,-0.0309332248088023,L1,-...
GetData ===>> L2(CDD),0.00471734355685627,H2,1.34471651478545,H1,-0.156962434729679,AX,0.0215843515537816,L1,-0...
15:14:15 -- collecting point 100
GetData ===>> L2(CDD),0.00283040548628499,H2,1.54238001022386,H1,-0.13030568502875,AX,0.0801826719902328,L1,-0....
GetData ===>> L2(CDD),0.0039311192558126,H2,1.44103604025818,H1,0.150439215618581,AX,0.0126401076898669,L1,-0.4...
GetData ===>> L2(CDD),0.00298765029250797,H2,1.37654988560132,H1,0.0298801262777724,AX,-0.225957043462922,L1,-0...
GetData ===>> L2(CDD),0.00298765029250797,H2,1.62448914786472,H1,0.0838942517924871,AX,-0.306890068648437,L1,-0...
GetData ===>> L2(CDD),0.0040883641040245,H2,1.47054016403358,H1,-0.28012543631888,AX,-0.0262319865092391,L1,-0....
GetDeflection L2 (CDD) ===>> 0
testing L2_CDD_==3250
evaluate ot="L2(CDD).deflection==3250" t="L2_CDD_==3250", ctx="{'L2_CDD_': 0.0}"
GetData ===>> L2(CDD),0.0040883641040245,H2,1.44651697623199,H1,0.0206865337827013,AX,-0.241548070567509,L1,-0....
GetData ===>> L2(CDD),0.00345938474716741,H2,1.15327170465254,H1,-0.133178215024813,AX,0.295685457554741,L1,-0....
GetData ===>> L2(CDD),0.00330213992294918,H2,1.39159238804804,H1,0.00701122705188503,AX,-0.268946395901564,L1,-...
GetData ===>> L2(CDD),0.00377387441359912,H2,1.45759555754788,H1,0.0692986473250124,AX,-0.152698762197155,L1,-0...
GetData ===>> L2(CDD),0.00251591589183427,H2,1.46342644018243,H1,0.00701122705188503,AX,-0.0956015867863162,L1,...
GetData ===>> L2(CDD),0.00298765029250797,H2,1.280819686419,H1,0.0127571306331551,AX,-0.138482111562329,L1,-0.4...
len selected runs 1
cloning run a-01-F-00. set_labnumber=True, set_position=True
name=Extraction, new=air_x2, suppress=True
calculating time of run a-01-F-00
loading script "felix_analysis400_120.py"
loading script "felix_pump_ms.py"
loading script "felix_air_x1.py"
loading script "felix_pump_extraction_line.py"
testing...
no interpolation path defined
executed snippet estimated_duration=624.242112, duration=0.000211954116821
script duration name:analysis400_120 seconds:624.0
loading script "felix_analysis400_120.py"
loading script "felix_pump_ms.py"
loading script "felix_air_x1.py"
loading script "felix_pump_extraction_line.py"
testing...
no interpolation path defined
executed snippet estimated_duration=0, duration=2.40802764893e-05
loading script "felix_analysis400_120.py"
loading script "felix_pump_ms.py"
loading script "felix_air_x1.py"
loading script "felix_pump_extraction_line.py"
testing...
no interpolation path defined
calculate duration
testing...
no interpolation path defined
executed snippet estimated_duration=0, duration=5.31673431396e-05
calculate duration
testing...
no interpolation path defined
executed snippet estimated_duration=0, duration=0.000137090682983
calculate duration
testing...
no interpolation path defined
executed snippet estimated_duration=32.0, duration=0.000104188919067
calculate duration
testing...
no interpolation path defined
executed snippet estimated_duration=34.0, duration=0.000132083892822
calculate duration
testing...
no interpolation path defined
executed snippet estimated_duration=2.0, duration=7.79628753662e-05
calculate duration
testing...
no interpolation path defined
executed snippet estimated_duration=34.0, duration=8.79764556885e-05
executed snippet estimated_duration=102.0, duration=0.00667881965637
script duration name:air_x1 seconds:102.0
loading script "felix_analysis400_120.py"
loading script "felix_pump_ms.py"
loading script "felix_air_x1.py"
loading script "felix_pump_extraction_line.py"
testing...
no interpolation path defined
calculate duration
testing...
no interpolation path defined
executed snippet estimated_duration=4.0, duration=0.000191211700439
executed snippet estimated_duration=4.0, duration=0.00128102302551
Script duration 726.0
Run total estimated duration= 727.000
loading script "felix_analysis120_60.py"
loading script "felix_pump_ms.py"
loading script "felix_diode.py"
loading script "felix_pump_extraction_line.py"
testing...
no interpolation path defined
executed snippet estimated_duration=268.240832, duration=0.000210046768188
script duration name:analysis120_60 seconds:268.0
pump_ms in script context. using previous estimated duration
loading script "felix_analysis120_60.py"
loading script "felix_pump_ms.py"
loading script "felix_diode.py"
loading script "felix_pump_extraction_line.py"
testing...
no interpolation path defined
calculate duration
testing...
no interpolation path defined
executed snippet estimated_duration=0, duration=8.9168548584e-05
calculate duration
testing...
no interpolation path defined
executed snippet estimated_duration=0, duration=2.28881835938e-05
calculate duration
testing...
no interpolation path defined
executed snippet estimated_duration=42.0, duration=0.000103950500488
executed snippet estimated_duration=42.0, duration=0.00333595275879
script duration name:diode seconds:42.0
pump_extraction_line in script context. using previous estimated duration
Script duration 310.0
Run total estimated duration= 311.000
analysis400_120 in script context. using previous estimated duration
script duration name:analysis400_120 seconds:624.0
air_x1 in script context. using previous estimated duration
script duration name:air_x1 seconds:102.0
Script duration 726.0
Run total estimated duration= 727.000
script duration name:analysis400_120 seconds:624.0
script duration name:air_x1 seconds:102.0
Script duration 726.0
Run total estimated duration= 727.000
analysis120_60 in script context. using previous estimated duration
script duration name:analysis120_60 seconds:268.0
diode in script context. using previous estimated duration
script duration name:diode seconds:42.0
Script duration 310.0
Run total estimated duration= 311.000
script duration name:analysis400_120 seconds:624.0
loading script "felix_analysis400_120.py"
loading script "felix_pump_ms.py"
loading script "felix_air_x2.py"
loading script "felix_pump_extraction_line.py"
testing...
no interpolation path defined
calculate duration
testing...
no interpolation path defined
executed snippet estimated_duration=0, duration=5.19752502441e-05
calculate duration
testing...
no interpolation path defined
executed snippet estimated_duration=0, duration=0.000135898590088
calculate duration
testing...
no interpolation path defined
executed snippet estimated_duration=32.0, duration=0.000101089477539
calculate duration
testing...
no interpolation path defined
executed snippet estimated_duration=34.0, duration=0.000125885009766
calculate duration
testing...
no interpolation path defined
executed snippet estimated_duration=2.0, duration=7.70092010498e-05
calculate duration
testing...
no interpolation path defined
executed snippet estimated_duration=34.0, duration=9.29832458496e-05
calculate duration
testing...
no interpolation path defined
executed snippet estimated_duration=34.0, duration=0.000126838684082
calculate duration
testing...
no interpolation path defined
executed snippet estimated_duration=34.0, duration=8.79764556885e-05
executed snippet estimated_duration=174.0, duration=0.00987195968628
script duration name:air_x2 seconds:174.0
Script duration 798.0
Run total estimated duration= 799.000
nruns=6 before=5.0, run_dur=3602.0, btw=300.0
loading script "felix_analysis400_120.py"
loading script "felix_pump_ms.py"
loading script "felix_air_x2.py"
loading script "felix_pump_extraction_line.py"
testing...
no interpolation path defined
executed snippet estimated_duration=624.242112, duration=0.000185966491699
script duration name:analysis400_120 seconds:624.0
loading script "felix_analysis400_120.py"
loading script "felix_pump_ms.py"
loading script "felix_air_x2.py"
loading script "felix_pump_extraction_line.py"
testing...
no interpolation path defined
executed snippet estimated_duration=0, duration=2.98023223877e-05
loading script "felix_analysis400_120.py"
loading script "felix_pump_ms.py"
loading script "felix_air_x2.py"
loading script "felix_pump_extraction_line.py"
testing...
no interpolation path defined
calculate duration
testing...
no interpolation path defined
executed snippet estimated_duration=0, duration=5.19752502441e-05
calculate duration
testing...
no interpolation path defined
executed snippet estimated_duration=0, duration=0.000135898590088
calculate duration
testing...
no interpolation path defined
executed snippet estimated_duration=32.0, duration=0.000103950500488
calculate duration
testing...
no interpolation path defined
executed snippet estimated_duration=34.0, duration=0.000126123428345
calculate duration
testing...
no interpolation path defined
executed snippet estimated_duration=2.0, duration=7.79628753662e-05
calculate duration
testing...
no interpolation path defined
executed snippet estimated_duration=34.0, duration=8.79764556885e-05
calculate duration
testing...
no interpolation path defined
executed snippet estimated_duration=34.0, duration=0.000124931335449
calculate duration
testing...
no interpolation path defined
executed snippet estimated_duration=34.0, duration=8.70227813721e-05
executed snippet estimated_duration=174.0, duration=0.00907492637634
script duration name:air_x2 seconds:174.0
loading script "felix_analysis400_120.py"
loading script "felix_pump_ms.py"
loading script "felix_air_x2.py"
loading script "felix_pump_extraction_line.py"
testing...
no interpolation path defined
calculate duration
testing...
no interpolation path defined
executed snippet estimated_duration=4.0, duration=0.000193119049072
executed snippet estimated_duration=4.0, duration=0.00146913528442
Script duration 798.0
Run total estimated duration= 799.000
run duration: 799.0
GetData ===>> L2(CDD),0.00314489510472937,H2,1.31626558699194,H1,-0.202346154207399,AX,0.0541512751290523,L1,-0...
GetData ===>> L2(CDD),0.00361662957738405,H2,1.48523424911182,H1,0.0137913969129616,AX,-0.0446928146911617,L1,-...
GetData ===>> L2(CDD),0.00330213992294918,H2,1.47438859356735,H1,0.0196522601102008,AX,-0.38563847538292,L1,-0....
GetData ===>> L2(CDD),0.00471734355685627,H2,1.65878108212323,H1,0.213310609232225,AX,-0.184112229319817,L1,-0....
SSSSSSSSSSSSSS set AR scroll to 2
update runs
executor executable True
stats calculated
get all runs n=18
updating stats
setting executable True
create new session 4701247152
Info for ba-01-F=('REFERENCES', 'blank_air', 'Blank', 'NoIrradiation', 'A', 16)
Info for a-01-F=('REFERENCES', 'air', 'Gas', 'NoIrradiation', 'A', 15)
Info for bc-02-F=('REFERENCES', 'blank_cocktail', 'Blank', 'NoIrradiation', 'A', 25)
Info for c-02-F=('REFERENCES', 'cocktail', 'Gas', 'Cocktail-02', 'A', 1)
close session 4701247152
info updated
SSSSSSSSSSSSSS set AR scroll to 2
update runs
executor executable False
stats calculated
get all runs n=19
updating stats
setting executable True
create new session 4701247152
Info for ba-01-F=('REFERENCES', 'blank_air', 'Blank', 'NoIrradiation', 'A', 16)
Info for a-01-F=('REFERENCES', 'air', 'Gas', 'NoIrradiation', 'A', 15)
Info for bc-02-F=('REFERENCES', 'blank_cocktail', 'Blank', 'NoIrradiation', 'A', 25)
Info for c-02-F=('REFERENCES', 'cocktail', 'Gas', 'Cocktail-02', 'A', 1)
close session 4701247152
info updated
GetDeflection L2 (CDD) ===>> 0
testing L2_CDD_==3250
evaluate ot="L2(CDD).deflection==3250" t="L2_CDD_==3250", ctx="{'L2_CDD_': 0.0}"
GetData ===>> L2(CDD),0.00377387441359912,H2,1.42505987007902,H1,-0.00229706411550327,AX,-0.120481696147722,L1,...
SSSSSSSSSSSSSS set AR scroll to 2
update runs
executor executable True
stats calculated
get all runs n=20
updating stats
setting executable True
create new session 4701247152
Info for ba-01-F=('REFERENCES', 'blank_air', 'Blank', 'NoIrradiation', 'A', 16)
Info for a-01-F=('REFERENCES', 'air', 'Gas', 'NoIrradiation', 'A', 15)
Info for bc-02-F=('REFERENCES', 'blank_cocktail', 'Blank', 'NoIrradiation', 'A', 25)
Info for c-02-F=('REFERENCES', 'cocktail', 'Gas', 'Cocktail-02', 'A', 1)
close session 4701247152
info updated
GetData ===>> L2(CDD),0.00330213992294918,H2,1.59859603428525,H1,-0.0787135897257711,AX,-0.193857074595293,L1,-...
SSSSSSSSSSSSSS set AR scroll to 2
update runs
executor executable True
stats calculated
get all runs n=21
updating stats
setting executable True
create new session 4701247152
Info for ba-01-F=('REFERENCES', 'blank_air', 'Blank', 'NoIrradiation', 'A', 16)
Info for a-01-F=('REFERENCES', 'air', 'Gas', 'NoIrradiation', 'A', 15)
Info for bc-02-F=('REFERENCES', 'blank_cocktail', 'Blank', 'NoIrradiation', 'A', 25)
Info for c-02-F=('REFERENCES', 'cocktail', 'Gas', 'Cocktail-02', 'A', 1)
close session 4701247152
info updated
GetData ===>> L2(CDD),0.00361662957738405,H2,1.43217331510878,H1,0.0240192009379423,AX,0.0993339729538402,L1,-0...
SSSSSSSSSSSSSS set AR scroll to 2
update runs
executor executable True
stats calculated
get all runs n=22
updating stats
setting executable True
create new session 4701247152
Info for ba-01-F=('REFERENCES', 'blank_air', 'Blank', 'NoIrradiation', 'A', 16)
Info for a-01-F=('REFERENCES', 'air', 'Gas', 'NoIrradiation', 'A', 15)
Info for bc-02-F=('REFERENCES', 'blank_cocktail', 'Blank', 'NoIrradiation', 'A', 25)
GetData ===>> L2(CDD),0.00440285381844355,H2,1.52325330242101,H1,-0.136395438464209,AX,-0.125755738084463,L1,-0...
Info for c-02-F=('REFERENCES', 'cocktail', 'Gas', 'Cocktail-02', 'A', 1)
close session 4701247152
info updated
GetData ===>> L2(CDD),0.0040883641040245,H2,1.49013232648857,H1,-0.109163601071161,AX,-0.327981976877715,L1,-0....
GetData ===>> L2(CDD),0.00330213992294918,H2,1.62402259921862,H1,-0.0794030345812517,AX,-0.156023593736073,L1,-...
loading script "felix_analysis400_120.py"
loading script "felix_pump_ms.py"
loading script "felix_air_x2.py"
loading script "felix_pump_extraction_line.py"
testing...
no interpolation path defined
executed snippet estimated_duration=624.242112, duration=0.000212907791138
loading script "felix_analysis400_120.py"
loading script "felix_pump_ms.py"
loading script "felix_air_x2.py"
loading script "felix_pump_extraction_line.py"
testing...
no interpolation path defined
executed snippet estimated_duration=0, duration=2.50339508057e-05
loading script "felix_analysis400_120.py"
loading script "felix_pump_ms.py"
loading script "felix_air_x2.py"
loading script "felix_pump_extraction_line.py"
testing...
no interpolation path defined
calculate duration
testing...
no interpolation path defined
executed snippet estimated_duration=0, duration=5.29289245605e-05
calculate duration
testing...
no interpolation path defined
executed snippet estimated_duration=0, duration=0.000137090682983
calculate duration
testing...
no interpolation path defined
executed snippet estimated_duration=32.0, duration=0.000103950500488
calculate duration
testing...
no interpolation path defined
executed snippet estimated_duration=34.0, duration=0.000125885009766
calculate duration
testing...
no interpolation path defined
executed snippet estimated_duration=2.0, duration=7.79628753662e-05
calculate duration
testing...
no interpolation path defined
executed snippet estimated_duration=34.0, duration=8.82148742676e-05
calculate duration
testing...
no interpolation path defined
executed snippet estimated_duration=34.0, duration=0.000125885009766
calculate duration
testing...
no interpolation path defined
executed snippet estimated_duration=34.0, duration=8.79764556885e-05
executed snippet estimated_duration=174.0, duration=0.00904178619385
loading script "felix_analysis400_120.py"
loading script "felix_pump_ms.py"
loading script "felix_air_x2.py"
loading script "felix_pump_extraction_line.py"
testing...
no interpolation path defined
calculate duration
testing...
no interpolation path defined
executed snippet estimated_duration=4.0, duration=0.000194072723389
executed snippet estimated_duration=4.0, duration=0.00161099433899
analysis400_120 in script context. using previous estimated duration
pump_ms in script context. using previous estimated duration
air_x2 in script context. using previous estimated duration
pump_extraction_line in script context. using previous estimated duration
loading script "felix_analysis400_120.py"
loading script "felix_pump_ms.py"
loading script "felix_cocktail_x3.py"
loading script "felix_pump_extraction_line.py"
testing...
no interpolation path defined
calculate duration
testing...
no interpolation path defined
executed snippet estimated_duration=0, duration=5.07831573486e-05
calculate duration
testing...
no interpolation path defined
executed snippet estimated_duration=0, duration=0.000137090682983
calculate duration
testing...
no interpolation path defined
executed snippet estimated_duration=32.0, duration=0.00010085105896
calculate duration
testing...
no interpolation path defined
executed snippet estimated_duration=34.0, duration=0.00012993812561
calculate duration
testing...
no interpolation path defined
executed snippet estimated_duration=2.0, duration=7.89165496826e-05
calculate duration
testing...
no interpolation path defined
executed snippet estimated_duration=34.0, duration=9.3936920166e-05
calculate duration
testing...
no interpolation path defined
executed snippet estimated_duration=34.0, duration=0.000125885009766
calculate duration
testing...
no interpolation path defined
executed snippet estimated_duration=34.0, duration=8.70227813721e-05
calculate duration
testing...
no interpolation path defined
executed snippet estimated_duration=34.0, duration=0.00014591217041
calculate duration
testing...
no interpolation path defined
executed snippet estimated_duration=34.0, duration=8.89301300049e-05
executed snippet estimated_duration=244.0, duration=0.0115430355072
cocktail_x3 in script context. using previous estimated duration
check queue Load_cocktails_airs
saving experiment to /Users/obama/PychronDev/experiments/Load_cocktails_airs.txt
setting executable True
queues saved
Queue modified. Reset run generator
measurement finished
estimated time: 125.829 actual time: :126.214
flush and close file /Users/obama/PychronDev/data/isotopes/d2/da3e9d-b15e-4533-9dc2-540a1eb0a108.h5
baselines () {'settling_time': 15.0, 'detector': 'H2', 'mass': 40.062, 'ncounts': 60}
%%%%%%%%%%%%%%%%%%%%%%%%%%%%%%%% Baseline
build tables- baseline [Detector(H2), Detector(H1), Detector(AX), Detector(L1), Detector(L2(CDD))]
add group baseline table H2
add group baseline table H1
add group baseline table AX
add group baseline table L1
add group baseline table L2(CDD)
flush and close file /Users/obama/PychronDev/data/isotopes/d2/da3e9d-b15e-4533-9dc2-540a1eb0a108.h5
detector Detector(H2)
POSITION 40.062 H2
Mapping mass to dac mass func: "parabolic"
H2 map mass coeffs = [ -2.38925034e-04   8.80081338e-02   3.57815459e-01]
H2 map mass to dac 40.062 >> 3.50013127481
GetHighVoltage ===>> 9000
positioning 40.062 (3.50013127481) on H2
setting magnet DAC
current  : 3.493270
requested: 3.500131
Delta Dac: 0.006861
Checking detector protection. dv=0.00686
SetMagnetDAC 3.50013127481 ===>> OK
Magnet settling time: 0.500
Delaying 15.0s for detectors to settle
Join finished
measuring baseline. ncounts=60
"baseline" increment series count="2" fit count="1" regressing="True"
starting measurement
GetData ===>> L2(CDD),0,H2,-0.048086271079598,H1,0.155266490012671,AX,0.0111494084606044,L1,-0.582702355952718,...
GetData ===>> L2(CDD),0,H2,-0.06428649106274,H1,-0.0352775703624953,AX,-0.0479033573575924,L1,-0.47694737877118...
GetData ===>> L2(CDD),0,H2,-0.0687152814765368,H1,0.0991796491145091,AX,-0.0219893858910124,L1,-0.4757940437979...
GetData ===>> L2(CDD),0,H2,-0.31634599142208,H1,-0.103648198606777,AX,-0.0537511039790093,L1,-0.565865368423883...
GetData ===>> L2(CDD),0,H2,-0.232216848342691,H1,-0.0831949724752346,AX,-0.184685458244143,L1,-0.66065609774557...
GetData ===>> L2(CDD),0,H2,-0.0253588915067118,H1,-0.139382850620809,AX,-0.28201477838892,L1,-0.430120874245671...
GetData ===>> L2(CDD),0,H2,0.0244100865783213,H1,-0.0746918182494384,AX,-0.405467844438886,L1,-0.38640640343662...
GetData ===>> L2(CDD),0,H2,0.0178828632065252,H1,0.104581313605872,AX,-0.0789762704075609,L1,-0.435311115671028...
GetData ===>> L2(CDD),0,H2,-0.0493683126539538,H1,-0.430496246649213,AX,-0.180902141033795,L1,-0.52492489615680...
GetData ===>> L2(CDD),0,H2,-0.0919078301082333,H1,0.185724849767537,AX,-0.00994947147602993,L1,-0.5550249612064...
GetData ===>> L2(CDD),0,H2,-0.00216476481154637,H1,-0.14317455272541,AX,-0.0620066857772446,L1,-0.3278097685273...
GetData ===>> L2(CDD),0,H2,-0.176049042829014,H1,-0.229115802614875,AX,-0.236733221509611,L1,-0.417779521775275...
GetData ===>> L2(CDD),0,H2,-0.0112559955891643,H1,-0.044585453458403,AX,0.13270631216558,L1,-0.412473845252795,...
GetData ===>> L2(CDD),0,H2,-0.074192968195778,H1,-0.0837695072196803,AX,-0.368559673909673,L1,-0.38536830493812...
GetDeflection L2 (CDD) ===>> 0
testing L2_CDD_==3250
evaluate ot="L2(CDD).deflection==3250" t="L2_CDD_==3250", ctx="{'L2_CDD_': 0.0}"
GetData ===>> L2(CDD),0,H2,-0.005078630031305,H1,0.00930958437711714,AX,-0.00983480490024978,L1,-0.648087057968...
GetData ===>> L2(CDD),0,H2,-0.128385449655636,H1,0.20664397841435,AX,0.00094391421259826,L1,-0.601384150054409,...
GetData ===>> L2(CDD),0,H2,-0.132580871379185,H1,0.0380395130082798,AX,-0.238911370496037,L1,-0.290781326078392...
GetData ===>> L2(CDD),0,H2,-0.0781555309546836,H1,-0.0499862827193134,AX,-0.194544942297524,L1,-0.5544483404009...
GetData ===>> L2(CDD),0,H2,-0.0815353512100873,H1,0.104926101727833,AX,-0.132749531727135,L1,-0.320542615820156...
GetData ===>> L2(CDD),0,H2,0.0149689382638288,H1,0.131130359595878,AX,-0.0332265034506496,L1,-0.663308259598786...
GetData ===>> L2(CDD),0,H2,-0.0697642025849141,H1,-0.102269343062844,AX,-0.191793468537489,L1,-0.44730623382965...
GetData ===>> L2(CDD),0,H2,-0.0184822982381064,H1,0.0714822276464783,AX,-0.0743899256900725,L1,-0.5063569563339...
GetData ===>> L2(CDD),0,H2,-0.0320023340038634,H1,0.111477099462964,AX,-0.122545455130388,L1,-0.472680032506739...
GetData ===>> L2(CDD),0,H2,-0.129317767149416,H1,-0.0993967210157753,AX,-0.0623506668152241,L1,-0.5625210004224...
GetDeflection L2 (CDD) ===>> 0
testing L2_CDD_==3250
evaluate ot="L2(CDD).deflection==3250" t="L2_CDD_==3250", ctx="{'L2_CDD_': 0.0}"
15:15:19 -- collecting point 25
GetData ===>> L2(CDD),0,H2,-0.0965695825484191,H1,-0.131454698053844,AX,-0.194315653118303,L1,-0.52550153454854...
GetData ===>> L2(CDD),0,H2,0.227708274552371,H1,0.238828139039583,AX,-0.0496232865231148,L1,-0.486058676754981,...
GetData ===>> L2(CDD),0,H2,0.18737167329953,H1,-0.221073497050116,AX,-0.0113254693180505,L1,-0.588699020511293,...
GetData ===>> L2(CDD),0,H2,-0.118479521399172,H1,0.0593002110923146,AX,-0.212200045062644,L1,-0.74275443454354,...
GetData ===>> L2(CDD),0,H2,-0.060207324256229,H1,-0.132373907488341,AX,-0.0475593711555993,L1,-0.51443001740968...
GetData ===>> L2(CDD),0,H2,0.100991656931371,H1,0.0697583480345938,AX,-0.013733460808121,L1,-0.640015111498732,...
GetData ===>> L2(CDD),0,H2,-0.0551957531759485,H1,0.0573465057710949,AX,-0.138826065266429,L1,-0.50578030653805...
GetData ===>> L2(CDD),0,H2,-0.0895769455555877,H1,0.133773811098931,AX,-0.130571142436257,L1,-0.58500876979441,...
GetData ===>> L2(CDD),0,H2,-0.0825842585702778,H1,-0.146276843360662,AX,-0.0548977167972284,L1,-0.4232005090585...
GetData ===>> L2(CDD),0,H2,-0.0999493391742383,H1,0.0647016522789869,AX,0.0555273665884291,L1,-0.40243911667260...
GetDeflection L2 (CDD) ===>> 0
testing L2_CDD_==3250
evaluate ot="L2(CDD).deflection==3250" t="L2_CDD_==3250", ctx="{'L2_CDD_': 0.0}"
GetData ===>> L2(CDD),0,H2,0.100875089863603,H1,0.170667955507481,AX,-0.391713412212064,L1,-0.458493854309301,L...
GetData ===>> L2(CDD),0,H2,0.0716171950991982,H1,-0.279091484045502,AX,-0.0701475373670493,L1,-0.51592929276815...
GetData ===>> L2(CDD),0,H2,-0.0106732269198893,H1,-0.0275783893107507,AX,-0.397788310687902,L1,-0.4157033909466...
GetData ===>> L2(CDD),0,H2,-0.076756981225681,H1,-0.038380208040886,AX,-0.21884928551228,L1,-0.477293378995102,...
GetData ===>> L2(CDD),0,H2,0.0636909041467268,H1,0.0963064356446377,AX,-0.0962895247242196,L1,-0.53864879668813...
GetData ===>> L2(CDD),0,H2,0.0868871425480647,H1,-0.252093449007508,AX,0.0879807605209011,L1,-0.462069252148425...
GetData ===>> L2(CDD),0,H2,-0.109622371177803,H1,-0.227966905925037,AX,-0.0934231134052829,L1,-0.56056050346369...
GetData ===>> L2(CDD),0,H2,-0.037596776897718,H1,-0.0448152765964596,AX,-0.143641404217002,L1,-0.63966916943139...
GetData ===>> L2(CDD),0,H2,-0.0039130849848834,H1,-0.143978851255765,AX,-0.173794050292375,L1,-0.59158201909525...
GetData ===>> L2(CDD),0,H2,0.0359493916056811,H1,-0.0265441662788573,AX,-0.224466711468294,L1,-0.60011564458048...
GetDeflection L2 (CDD) ===>> 0
testing L2_CDD_==3250
evaluate ot="L2(CDD).deflection==3250" t="L2_CDD_==3250", ctx="{'L2_CDD_': 0.0}"
GetData ===>> L2(CDD),0,H2,-0.00869181084827428,H1,-0.146851340531489,AX,-0.0354051130990643,L1,-0.510508824724...
GetData ===>> L2(CDD),0,H2,-0.108690034909425,H1,0.147106111682104,AX,-0.050311257328441,L1,-0.410167020303763,...
GetData ===>> L2(CDD),0,H2,-0.181759195249385,H1,-0.0738874619420102,AX,-0.314799588412933,L1,-0.32930933293147...
GetData ===>> L2(CDD),0,H2,0.155196848627164,H1,0.168254276756821,AX,0.0836229973768377,L1,-0.465529302001226,L...
GetData ===>> L2(CDD),0,H2,0.0713840679782456,H1,-0.175460866812151,AX,-0.346437017337587,L1,-0.47464070745067,...
15:15:45 -- collecting point 50
GetData ===>> L2(CDD),0,H2,0.0456238633553158,H1,-0.169601153425736,AX,-0.0020374457045433,L1,-0.42631467951460...
GetData ===>> L2(CDD),0,H2,0.18737167329953,H1,-0.0675674961863361,AX,-0.33508892877567,L1,-0.405091986066553,L...
GetData ===>> L2(CDD),0,H2,0.0097238952431474,H1,-0.0708998469273331,AX,-0.100761109333848,L1,-0.36045360701946...
GetData ===>> L2(CDD),0,H2,0.0680037309637058,H1,0.199977393665898,AX,0.146468438508333,L1,-0.730762976918181,L...
GetData ===>> L2(CDD),0,H2,-0.0380629790278502,H1,-0.110657350477928,AX,-0.201882167197092,L1,-0.67991293385644...
GetDeflection L2 (CDD) ===>> 0
testing L2_CDD_==3250
evaluate ot="L2(CDD).deflection==3250" t="L2_CDD_==3250", ctx="{'L2_CDD_': 0.0}"
GetData ===>> L2(CDD),0,H2,-0.25109410021511,H1,-0.256229367223542,AX,-0.116124857094515,L1,-0.501282426340801,...
GetData ===>> L2(CDD),0,H2,-0.0641699436760957,H1,-0.0527441413167806,AX,0.0512844242421028,L1,-0.4132812326861...
GetData ===>> L2(CDD),0,H2,-0.261581304926882,H1,-0.220613934706692,AX,-0.0686569640570506,L1,-0.34188251232217...
GetData ===>> L2(CDD),0,H2,-0.0267575147292752,H1,0.23986264772764,AX,0.00186125758329194,L1,-0.558945973575298...
GetData ===>> L2(CDD),0,H2,-0.0165008979856188,H1,-0.191316383370132,AX,-0.0164854437048061,L1,-0.3567624861294...
GetData ===>> L2(CDD),0,H2,-0.066617435885462,H1,-0.124905305477024,AX,-0.18686372504219,L1,-0.539225426905055,...
measurement finished
estimated time: 62.915 actual time: :63.134
flush and close file /Users/obama/PychronDev/data/isotopes/d2/da3e9d-b15e-4533-9dc2-540a1eb0a108.h5
activate_detectors ('H1', 'L2(CDD)') {'peak_center': True}
peak_center () {'detector': 'H2', 'integration_time': 1.048576, 'isotope': 'Ar40'}
peak center: mean=1.50279069594 threshold=100.0
Skipping peak center. intensities to small. 1.50279069594<100.0
finished measure script
executed snippet estimated_duration=294.240832, duration=237.649343014
felix_analysis120_60.py completed successfully
Measurement Finished
15:15:57 -- ******* Measurement Finished *******
Post Measurement Started felix_pump_ms.py
15:15:57 -- ******* Post Measurement Started felix_pump_ms.py *******
testing...
no interpolation path defined
executed snippet estimated_duration=0, duration=2.59876251221e-05
Pumping spectrometer
open () {'name': 'V'}
opening name=V desc=---
checking ownership. requestor=129.138.12.137
check software interlocks V
interlocks []
actuate state mode=None-script, software_lock=False
doing actuation None-script open_channel True
Open V ===>> OK
GetIndicatorState V ===>> OK
change switch state (True, True)
update switch state V True args=() kw={} ncanvase=2
15:15:57 -- OPEN   VALVE-V (Felix Ion Pump)
---------------------------------------- open V () result=[(True, True)], time=0.13 sec
action=open, ok=True, locked=[False]
executed snippet estimated_duration=0, duration=0.37993311882
felix_pump_ms.py completed successfully
setting _ms_pumptime
Post Measurement Finished
15:15:57 -- ******* Post Measurement Finished *******
$$$$$$$$$$$$$$$$$$$$ state at run end measurement
state changed from measurement to success
post measurement save measured=True aborted=False
Set filtering
setting fod for Ar40= {'filter_outliers': True, 'std_devs': 2, 'iterations': 2}
setting fod for H2= {'filter_outliers': True, 'std_devs': 2, 'iterations': 1}
setting fod for Ar36= {'filter_outliers': True, 'std_devs': 2, 'iterations': 2}
setting fod for L2(CDD)= {'filter_outliers': True, 'std_devs': 2, 'iterations': 1}
setting fod for Ar37= {'filter_outliers': True, 'std_devs': 2, 'iterations': 2}
setting fod for L1= {'filter_outliers': True, 'std_devs': 2, 'iterations': 1}
setting fod for Ar38= {'filter_outliers': True, 'std_devs': 2, 'iterations': 2}
setting fod for AX= {'filter_outliers': True, 'std_devs': 2, 'iterations': 1}
setting fod for Ar39= {'filter_outliers': True, 'std_devs': 2, 'iterations': 2}
setting fod for H1= {'filter_outliers': True, 'std_devs': 2, 'iterations': 1}
persistence save...
persistence save - db
post measurement save
4828741808 connecting to database sqlite:////Users/obama/PychronDev/.appdata/local_lab.db
connected to db sqlite:////Users/obama/PychronDev/.appdata/local_lab.db
create new session 4828741808
close session 4828741808
No database instance. Not saving post measurement to isotopedb database
$$$$$$$$$$$$$$$ auto_save_detector_ic=False
massspec enabled True
create new session 4723779824
MassSpec Database Version: 16.0
close session 4723779824
saving post measurement to secondary database
saving to massspec database 129.138.12.160/massspecdata
setting labnumber to be-01-F
setting aliquot to 2
setting step to 
setting uuid to d2da3e9d-b15e-4533-9dc2-540a1eb0a108
setting irradpos to be-01-F
setting extract_device to Fusions Diode
setting tray to 
setting position to 
setting power_requested to 0.0
setting extract_value to 0.0
setting duration to 30.0
setting duration_at_request to 30.0
setting first_stage_delay to 30.0
setting cleanup to 30.0
setting comment to 
setting irradiation to NoIrradiation
setting level to A
setting irradiation_level to A
setting sample to blank_extraction_line
setting material to Blank
setting project to REFERENCES
setting mass_spectrometer to Felix
no attribute chron_dosages
no attribute production_ratios
no attribute interference_corrections
no attribute production_name
no attribute j
Reference Isotope=Ar40
Reference Detector=H2
%%%%%%%%%%%%%%%%%%%% Comment:  %%%%%%%%%%%%%%%%%%%
adding isotope Ar40 H2
add baseline dbdet= Ar40. original det= H2
get baseline data Ar40 H2
Get data baseline <pychron.processing.isotope.Baseline object at 0x12040ec90> len t=60
baseline Ar40. v=-0.0371124895676, e=0.0104816415853
get signal data Ar40 H2
Get data signal Ar40 0.53+/-0.06 len t=120
adding isotope Ar39 H1
add baseline dbdet= Ar39. original det= H1
get baseline data Ar39 H1
Get data baseline <pychron.processing.isotope.Baseline object at 0x12040eb90> len t=60
baseline Ar39. v=-0.0280883176764, e=0.0183328243237
get signal data Ar39 H1
Get data signal Ar39 0.07+/-0.07 len t=120
adding isotope Ar38 AX
add baseline dbdet= Ar38. original det= AX
get baseline data Ar38 AX
Get data baseline <pychron.processing.isotope.Baseline object at 0x12042b090> len t=60
baseline Ar38. v=-0.0993822945951, e=0.015475109652
get signal data Ar38 AX
Get data signal Ar38 -0.015+/-0.028 len t=120
adding isotope Ar37 L1
add baseline dbdet= Ar37. original det= L1
get baseline data Ar37 L1
Get data baseline <pychron.processing.isotope.Baseline object at 0x12042b250> len t=60
baseline Ar37. v=-0.489812202172, e=0.0126496523101
get signal data Ar37 L1
Get data signal Ar37 0.015+/-0.027 len t=120
adding isotope Ar36 L2(CDD)
add baseline dbdet= Ar36. original det= L2(CDD)
get baseline data Ar36 L2(CDD)
Get data baseline <pychron.processing.isotope.Baseline object at 0x12042b410> len t=60
baseline Ar36. v=0.0, e=0.0
get signal data Ar36 L2(CDD)
Get data signal Ar36 0.00120+/-0.00029 len t=120
be-01-F-02 added analysis time 0.665576934814s
analysis added to mass spec database
mass spec save time= 0.676
persistence save - dvc
================= post measurement started
create new session 4672955408
close session 4672955408
---------------- Experiment Queue saving disabled
DVC saving peakcenter
Smart pull ahead: 0 behind: 0
Up-to-date with origin
add to repo msg=modified - 1e2ad98a77a0f8b97e0df49be2474708cb221738.json
add to repo msg=modified - -F-02.json
add to repo msg=modified - -F-02.dat.json
add to repo msg=modified - -F-02.blan.json
add to repo msg=modified - -F-02.inte.json
add to repo msg=modified - -F-02.icfa.json
add to repo msg=modified - -F-02.base.json
not at valid file /Users/obama/PychronDev/data/.dvc/repositories/Felix_blank170/be-01/tags/-F-02.tags.json
add to repo msg=modified - -F-02.peak.json
add to repo msg=modified - -F-02.extr.json
not at valid file /Users/obama/PychronDev/data/.dvc/repositories/Felix_blank170/be-01/monitor/-F-02.moni.json
commit message=<COLLECTION>
add to repo msg=modified - -F-02.inte.json
add to repo msg=modified - -F-02.base.json
commit message=<ISOEVO> default collection fits
add to repo msg=modified - -F-02.blan.json
commit message=<BLANKS> preceding be-01-F-01
add to repo msg=modified - -F-02.icfa.json
commit message=<ICFactor> default
push repository <pychron.git_archive.repo_manager.GitRepoManager object at 0x12696ab30>
pushing to remote=origin, url=https://github.com
no changes to meta repo
create new session 4672955408
add association Felix_blank170
get identifier "be-01-F"
setting analysis irradiation position=<pychron.dvc.dvc_orm.IrradiationPositionTbl object at 0x11fffbb10>
close session 4672955408
================= post measurement finished
15:16:09 -- ******* Post Run Check *******
loading queue conditionals post_run_actions
loading system conditionals post_run_actions
loading conditionals from /Users/obama/PychronDev/setupfiles/spectrometer/default_conditionals.yaml
loading queue conditionals post_run_terminations
loading system conditionals post_run_terminations
loading conditionals from /Users/obama/PychronDev/setupfiles/spectrometer/default_conditionals.yaml
Checking default post run terminations n=1
GetDeflection L2 (CDD) ===>> 0
testing L2_CDD_==3250
evaluate ot="L2(CDD).deflection==3250" t="L2_CDD_==3250", ctx="{'L2_CDD_': 0.0}"
15:16:09 -- ******* Post Run Check Passed *******
15:16:09 -- Automated run be-01-F-02 success duration: 336.078 s
----------------- finish -----------------
----------------- stop -----------------
retroactive repository identifiers disabled
finish run. runs completed=5
update duration runid=be-01-F-02, duration=336.077787876, md5=a4fe37ac
loading script "felix_analysis400_120.py"
loading script "felix_pump_ms.py"
loading script "felix_air_x2.py"
loading script "felix_pump_extraction_line.py"
testing...
no interpolation path defined
executed snippet estimated_duration=624.242112, duration=0.000328063964844
script duration name:analysis400_120 seconds:624.0
loading script "felix_analysis400_120.py"
loading script "felix_pump_ms.py"
loading script "felix_air_x2.py"
loading script "felix_pump_extraction_line.py"
testing...
no interpolation path defined
executed snippet estimated_duration=0, duration=3.19480895996e-05
loading script "felix_analysis400_120.py"
loading script "felix_pump_ms.py"
loading script "felix_air_x2.py"
loading script "felix_pump_extraction_line.py"
testing...
no interpolation path defined
calculate duration
testing...
no interpolation path defined
executed snippet estimated_duration=0, duration=7.5101852417e-05
calculate duration
testing...
no interpolation path defined
executed snippet estimated_duration=0, duration=0.000179052352905
calculate duration
testing...
no interpolation path defined
executed snippet estimated_duration=32.0, duration=0.000139951705933
calculate duration
testing...
no interpolation path defined
executed snippet estimated_duration=34.0, duration=0.000166893005371
calculate duration
testing...
no interpolation path defined
executed snippet estimated_duration=2.0, duration=0.000101089477539
calculate duration
testing...
no interpolation path defined
executed snippet estimated_duration=34.0, duration=0.000116109848022
calculate duration
testing...
no interpolation path defined
executed snippet estimated_duration=34.0, duration=0.000138998031616
calculate duration
testing...
no interpolation path defined
executed snippet estimated_duration=34.0, duration=0.000111818313599
executed snippet estimated_duration=174.0, duration=0.0422291755676
script duration name:air_x2 seconds:174.0
loading script "felix_analysis400_120.py"
loading script "felix_pump_ms.py"
loading script "felix_air_x2.py"
loading script "felix_pump_extraction_line.py"
testing...
no interpolation path defined
calculate duration
testing...
no interpolation path defined
executed snippet estimated_duration=4.0, duration=0.000257968902588
executed snippet estimated_duration=4.0, duration=0.00248003005981
Script duration 798.0
Run total estimated duration= 799.000
analysis400_120 in script context. using previous estimated duration
script duration name:analysis400_120 seconds:624.0
pump_ms in script context. using previous estimated duration
air_x2 in script context. using previous estimated duration
script duration name:air_x2 seconds:174.0
pump_extraction_line in script context. using previous estimated duration
Script duration 798.0
Run total estimated duration= 799.000
script duration name:analysis400_120 seconds:624.0
script duration name:air_x2 seconds:174.0
Script duration 798.0
Run total estimated duration= 799.000
script duration name:analysis400_120 seconds:624.0
script duration name:air_x2 seconds:174.0
Script duration 798.0
Run total estimated duration= 799.000
script duration name:analysis400_120 seconds:624.0
script duration name:air_x2 seconds:174.0
Script duration 798.0
Run total estimated duration= 799.000
script duration name:analysis400_120 seconds:624.0
script duration name:air_x2 seconds:174.0
Script duration 798.0
Run total estimated duration= 799.000
script duration name:analysis400_120 seconds:624.0
script duration name:air_x2 seconds:174.0
Script duration 798.0
Run total estimated duration= 799.000
script duration name:analysis400_120 seconds:624.0
script duration name:air_x2 seconds:174.0
Script duration 798.0
Run total estimated duration= 799.000
script duration name:analysis400_120 seconds:624.0
loading script "felix_analysis400_120.py"
loading script "felix_pump_ms.py"
loading script "felix_cocktail_x3.py"
loading script "felix_pump_extraction_line.py"
testing...
no interpolation path defined
calculate duration
testing...
no interpolation path defined
executed snippet estimated_duration=0, duration=7.29560852051e-05
calculate duration
testing...
no interpolation path defined
executed snippet estimated_duration=0, duration=0.000172138214111
calculate duration
testing...
no interpolation path defined
executed snippet estimated_duration=32.0, duration=0.000114917755127
calculate duration
testing...
no interpolation path defined
executed snippet estimated_duration=34.0, duration=0.000143051147461
calculate duration
testing...
no interpolation path defined
executed snippet estimated_duration=2.0, duration=0.00010085105896
calculate duration
testing...
no interpolation path defined
executed snippet estimated_duration=34.0, duration=0.000147819519043
calculate duration
testing...
no interpolation path defined
executed snippet estimated_duration=34.0, duration=0.000158071517944
calculate duration
testing...
no interpolation path defined
executed snippet estimated_duration=34.0, duration=0.000115871429443
calculate duration
testing...
no interpolation path defined
executed snippet estimated_duration=34.0, duration=0.000142812728882
calculate duration
testing...
no interpolation path defined
executed snippet estimated_duration=34.0, duration=0.000117063522339
executed snippet estimated_duration=244.0, duration=0.0466840267181
script duration name:cocktail_x3 seconds:244.0
Script duration 868.0
Run total estimated duration= 869.000
script duration name:analysis400_120 seconds:624.0
cocktail_x3 in script context. using previous estimated duration
script duration name:cocktail_x3 seconds:244.0
Script duration 868.0
Run total estimated duration= 869.000
script duration name:analysis400_120 seconds:624.0
script duration name:cocktail_x3 seconds:244.0
Script duration 868.0
Run total estimated duration= 869.000
script duration name:analysis400_120 seconds:624.0
script duration name:air_x2 seconds:174.0
Script duration 798.0
Run total estimated duration= 799.000
script duration name:analysis400_120 seconds:624.0
script duration name:air_x2 seconds:174.0
Script duration 798.0
Run total estimated duration= 799.000
script duration name:analysis400_120 seconds:624.0
script duration name:air_x2 seconds:174.0
Script duration 798.0
Run total estimated duration= 799.000
script duration name:analysis400_120 seconds:624.0
script duration name:cocktail_x3 seconds:244.0
Script duration 868.0
Run total estimated duration= 869.000
script duration name:analysis400_120 seconds:624.0
script duration name:cocktail_x3 seconds:244.0
Script duration 868.0
Run total estimated duration= 869.000
script duration name:analysis400_120 seconds:624.0
script duration name:cocktail_x3 seconds:244.0
Script duration 868.0
Run total estimated duration= 869.000
nruns=17 before=5.0, run_dur=14003.0, btw=960.0
write rem/ex queues
/Users/obama/PychronDev/experiments/rem/Load_cocktails_airs.rem.txt
/Users/obama/PychronDev/experiments/rem/Load_cocktails_airs.ex.txt
doing event level: 3
