do run
loading script "felix_analysis400_120.py"
loading script "felix_pump_ms.py"
loading script "felix_furnace.py"
loading script "felix_pump_extraction_line.py"
testing...
no interpolation path defined
executed snippet estimated_duration=624.242112, duration=0.000373125076294
script duration name:analysis400_120 seconds:624.0
loading script "felix_analysis400_120.py"
loading script "felix_pump_ms.py"
loading script "felix_furnace.py"
loading script "felix_pump_extraction_line.py"
testing...
no interpolation path defined
executed snippet estimated_duration=0, duration=5.00679016113e-05
loading script "felix_analysis400_120.py"
loading script "felix_pump_ms.py"
loading script "felix_furnace.py"
loading script "felix_pump_extraction_line.py"
testing...
no interpolation path defined
executed snippet estimated_duration=184.0, duration=0.000480890274048
script duration name:furnace seconds:184.0
loading script "felix_analysis400_120.py"
loading script "felix_pump_ms.py"
loading script "felix_furnace.py"
loading script "felix_pump_extraction_line.py"
testing...
no interpolation path defined
calculate duration
testing...
no interpolation path defined
executed snippet estimated_duration=4.0, duration=0.000253915786743
executed snippet estimated_duration=4.0, duration=0.00181007385254
Script duration 808.0
Run total estimated duration= 809.000
run duration: 0:13:29
doing event level: 2
09:47:24 -- Setting default integration. t=1.048576
setting integration time = 1.048576
SetIntegrationTime 1.048576 ===>> OK
----------------- start -----------------
**************** Experiment Type: Ar/Ar, Ar/Ar
create new session 4737361392
close session 4737361392
$$$$$ Clearing conditionals
adding conditionals 
Add queue conditionals
adding queue conditionals from /Users/obama/PychronDev/queue_conditionals/normal.yaml
add default conditionals
adding default conditionals from /Users/obama/PychronDev/setupfiles/spectrometer/default_conditionals.yaml
Start automated run bu-NF-F-188
loading script "felix_analysis400_120.py"
loading script "felix_pump_ms.py"
loading script "felix_furnace.py"
loading script "felix_pump_extraction_line.py"
%%%%%%%%%%%%%%%%%% setting automated run bu-NF-F-188
No value "sensitivity_multiplier" in metadata
$$$$$$$$$$$$$$$ auto_save_detector_ic=False
============================= Pre Extraction Check =============================
loading queue conditionals pre_run_terminations
queue conditionals path /Users/obama/PychronDev/queue_conditionals/normal.yaml
loading conditionals from /Users/obama/PychronDev/queue_conditionals/normal.yaml
loading system conditionals pre_run_terminations
loading conditionals from /Users/obama/PychronDev/setupfiles/spectrometer/default_conditionals.yaml
09:47:25 -- ******* Pre Extraction Check *******
Get a measurement from the spectrometer
Pre Extraction Termination data. keys=L2(CDD),H2,H1,AX,L1,L2, signals=0.00285,-0.13535,-0.13180,-0.13627,-0.76173,-0.04010
09:47:25 -- testing system defined conditionals
Checking default pre extraction terminations n=2
testing L2_CDD_
evaluate ot="L2(CDD).inactive" t="L2_CDD_", ctx="{'L2_CDD_': False}"
GetDeflection L2 (CDD) ===>> 0
testing L2_CDD_==3250
evaluate ot="L2(CDD).deflection==3250" t="L2_CDD_==3250", ctx="{'L2_CDD_': 0.0}"
09:47:25 -- ******* Pre Extraction Check Passed *******
=================================================================================
09:47:25 -- stopping status monitor
stop 4703028240
Status monitor stopped
Status monitor finished
09:47:29 -- starting status monitor
start 4703028240
StatusMonitor period=3. Frequencies(state=1, checksum=3, lock=5, owner=5)
start extraction
do extraction
Analysis started at 09:47:34.471642
Extraction Started felix_furnace.py
09:47:34 -- ******* Extraction Started felix_furnace.py *******
state changed from not run to extraction
DO EXTRACTION <pychron.extraction_line.pyscript_runner.RemotePyScriptRunner object at 0x11ce82230>
testing...
no interpolation path defined
executed snippet estimated_duration=1684.0, duration=0.000450134277344
start_response_recorder () {}
start response recorder
Felix unknown furnace analysis
close ('F',) {}
close name=F desc=---
checking ownership. requestor=129.138.12.137
check software interlocks F
interlocks []
actuate state mode=None-script, software_lock=True
VALVE-F(CO2 Laser to Bone) software locked
change switch state (True, False)
-------------------------- close F () result=[(True, False)]
action=close, ok=True, locked=[True]
open ('D',) {}
open name=D desc=---
checking ownership. requestor=129.138.12.137
check software interlocks D
interlocks []
actuate state mode=None-script, software_lock=False
doing actuation None-script open_channel False
Open D ===>> OK
GetIndicatorState D ===>> OK
change switch state (True, True)
update switch state D True args=() kw={} ncanvase=5
GetPercentOutput ===>> 0.0
GetSetpoint ===>> 0.0
09:47:34 -- OPEN   VALVE-D (Bone to CO2 Laser)
-------------------------- open D () result=[(True, True)]
GetProcessValue ===>> 27.0
response t=0.00131607055664, out=0, setpoint=0, response=27.0
action=open, ok=True, locked=[False]
close ('J',) {}
close name=J desc=---
checking ownership. requestor=129.138.12.137
check software interlocks J
interlocks []
actuate state mode=None-script, software_lock=False
doing actuation None-script close_channel False
Close J ===>> OK
GetIndicatorState J ===>> False
change switch state (True, True)
update switch state J False args=() kw={} ncanvase=5
09:47:35 -- CLOSE  VALVE-J (Bone to APIS)
-------------------------- close J () result=[(True, True)]
action=close, ok=True, locked=[False]
close ('FC',) {}
close name=FC desc=---
checking ownership. requestor=129.138.12.137
check software interlocks FC
interlocks []
actuate state mode=None-script, software_lock=False
doing actuation None-script close_channel True
GetPercentOutput ===>> 0.0
GetSetpoint ===>> 0.0
GetProcessValue ===>> 27.0
response t=2.00110912323, out=0, setpoint=0, response=27.0
Close FC ===>> OK
GetIndicatorState FC ===>> False
change switch state (True, True)
update switch state FC False args=() kw={} ncanvase=5
09:47:37 -- CLOSE  VALVE-FC (Furnace Turbo)
-------------------------- close FC () result=[(True, True)]
action=close, ok=True, locked=[False]
open ('FH',) {}
open name=FH desc=---
checking ownership. requestor=129.138.12.137
check software interlocks FH
interlocks []
actuate state mode=None-script, software_lock=False
doing actuation None-script open_channel False
Open FH ===>> OK
GetIndicatorState FH ===>> OK
change switch state (True, True)
update switch state FH True args=() kw={} ncanvase=5
09:47:38 -- OPEN   VALVE-FH (Furnace Isolation)
-------------------------- open FH () result=[(True, True)]
GetPercentOutput ===>> 0.0
GetSetpoint ===>> 0.0
action=open, ok=True, locked=[False]
GetProcessValue ===>> 27.0
response t=4.00491714478, out=0, setpoint=0, response=27.0
Blank Analyis. Not heating Furnace
sleep (720.0,) {}
SLEEP 720.0
block started
WaitControl setup for 720.0  
GetPercentOutput ===>> 0.0
GetSetpoint ===>> 0.0
GetProcessValue ===>> 27.0
response t=6.00854110718, out=0, setpoint=0, response=27.0
GetPercentOutput ===>> 0.0
GetSetpoint ===>> 0.0
GetProcessValue ===>> 27.0
response t=8.01110100746, out=0, setpoint=0, response=27.0
GetPercentOutput ===>> 0.0
GetSetpoint ===>> 0.0
GetProcessValue ===>> 27.0
response t=10.01435709, out=0, setpoint=0, response=27.0
GetPercentOutput ===>> 0.0
GetSetpoint ===>> 0.0
GetProcessValue ===>> 27.0
response t=12.01541996, out=0, setpoint=0, response=27.0
GetPercentOutput ===>> 0.0
GetSetpoint ===>> 0.0
GetProcessValue ===>> 27.0
response t=14.0181970596, out=0, setpoint=0, response=27.0
GetPercentOutput ===>> 0.0
GetSetpoint ===>> 0.0
GetProcessValue ===>> 26.0
response t=16.0209619999, out=0, setpoint=0, response=26.0
GetPercentOutput ===>> 0.0
GetSetpoint ===>> 0.0
GetProcessValue ===>> 26.0
response t=18.0215280056, out=0, setpoint=0, response=26.0
GetPercentOutput ===>> 0.0
GetSetpoint ===>> 0.0
GetProcessValue ===>> 26.0
response t=20.0217881203, out=0, setpoint=0, response=26.0
GetPercentOutput ===>> 0.0
GetSetpoint ===>> 0.0
GetProcessValue ===>> 26.0
response t=22.0256071091, out=0, setpoint=0, response=26.0
GetPercentOutput ===>> 0.0
GetSetpoint ===>> 0.0
GetProcessValue ===>> 26.0
response t=24.027588129, out=0, setpoint=0, response=26.0
GetPercentOutput ===>> 0.0
GetSetpoint ===>> 0.0
GetProcessValue ===>> 26.0
response t=26.0310461521, out=0, setpoint=0, response=26.0
GetPercentOutput ===>> 0.0
GetSetpoint ===>> 0.0
GetProcessValue ===>> 27.0
response t=28.0339531898, out=0, setpoint=0, response=27.0
GetPercentOutput ===>> 0.0
GetSetpoint ===>> 0.0
GetProcessValue ===>> 26.0
response t=30.0378570557, out=0, setpoint=0, response=26.0
GetPercentOutput ===>> 0.0
GetSetpoint ===>> 0.0
GetProcessValue ===>> 26.0
response t=32.0411310196, out=0, setpoint=0, response=26.0
GetPercentOutput ===>> 0.0
GetSetpoint ===>> 0.0
GetProcessValue ===>> 26.0
response t=34.0440709591, out=0, setpoint=0, response=26.0
GetPercentOutput ===>> 0.0
GetSetpoint ===>> 0.0
GetProcessValue ===>> 26.0
response t=36.0440680981, out=0, setpoint=0, response=26.0
GetPercentOutput ===>> 0.0
GetSetpoint ===>> 0.0
GetProcessValue ===>> 26.0
response t=38.0460619926, out=0, setpoint=0, response=26.0
GetPercentOutput ===>> 0.0
GetSetpoint ===>> 0.0
GetProcessValue ===>> 26.0
response t=40.0493121147, out=0, setpoint=0, response=26.0
GetPercentOutput ===>> 0.0
GetSetpoint ===>> 0.0
GetProcessValue ===>> 26.0
response t=42.0529110432, out=0, setpoint=0, response=26.0
GetPercentOutput ===>> 0.0
GetSetpoint ===>> 0.0
GetProcessValue ===>> 26.0
response t=44.0561101437, out=0, setpoint=0, response=26.0
GetPercentOutput ===>> 0.0
GetSetpoint ===>> 0.0
GetProcessValue ===>> 26.0
response t=46.0580689907, out=0, setpoint=0, response=26.0
GetPercentOutput ===>> 0.0
GetSetpoint ===>> 0.0
GetProcessValue ===>> 26.0
response t=48.061166048, out=0, setpoint=0, response=26.0
GetPercentOutput ===>> 0.0
GetSetpoint ===>> 0.0
GetProcessValue ===>> 26.0
response t=50.0647330284, out=0, setpoint=0, response=26.0
GetPercentOutput ===>> 0.0
GetSetpoint ===>> 0.0
GetProcessValue ===>> 26.0
response t=52.0638561249, out=0, setpoint=0, response=26.0
GetPercentOutput ===>> 0.0
GetSetpoint ===>> 0.0
GetProcessValue ===>> 26.0
response t=54.0662059784, out=0, setpoint=0, response=26.0
GetPercentOutput ===>> 0.0
GetSetpoint ===>> 0.0
GetProcessValue ===>> 26.0
response t=56.0684900284, out=0, setpoint=0, response=26.0
GetPercentOutput ===>> 0.0
GetSetpoint ===>> 0.0
GetProcessValue ===>> 26.0
response t=58.069699049, out=0, setpoint=0, response=26.0
GetPercentOutput ===>> 0.0
GetSetpoint ===>> 0.0
GetProcessValue ===>> 26.0
response t=60.0736870766, out=0, setpoint=0, response=26.0
GetPercentOutput ===>> 0.0
GetSetpoint ===>> 0.0
GetProcessValue ===>> 26.0
response t=62.0744919777, out=0, setpoint=0, response=26.0
GetPercentOutput ===>> 0.0
GetSetpoint ===>> 0.0
GetProcessValue ===>> 26.0
response t=64.0779280663, out=0, setpoint=0, response=26.0
GetPercentOutput ===>> 0.0
GetSetpoint ===>> 0.0
GetProcessValue ===>> 26.0
response t=66.080657959, out=0, setpoint=0, response=26.0
GetPercentOutput ===>> 0.0
GetSetpoint ===>> 0.0
GetProcessValue ===>> 26.0
response t=68.0832941532, out=0, setpoint=0, response=26.0
GetPercentOutput ===>> 0.0
GetSetpoint ===>> 0.0
GetProcessValue ===>> 26.0
response t=70.0857980251, out=0, setpoint=0, response=26.0
GetPercentOutput ===>> 0.0
GetSetpoint ===>> 0.0
GetProcessValue ===>> 26.0
response t=72.0848991871, out=0, setpoint=0, response=26.0
GetPercentOutput ===>> 0.0
GetSetpoint ===>> 0.0
GetProcessValue ===>> 26.0
response t=74.0888590813, out=0, setpoint=0, response=26.0
GetPercentOutput ===>> 0.0
GetSetpoint ===>> 0.0
GetProcessValue ===>> 26.0
response t=76.0924971104, out=0, setpoint=0, response=26.0
GetPercentOutput ===>> 0.0
GetSetpoint ===>> 0.0
GetProcessValue ===>> 26.0
response t=78.0940291882, out=0, setpoint=0, response=26.0
GetPercentOutput ===>> 0.0
GetSetpoint ===>> 0.0
GetProcessValue ===>> 26.0
response t=80.095621109, out=0, setpoint=0, response=26.0
GetPercentOutput ===>> 0.0
GetSetpoint ===>> 0.0
GetProcessValue ===>> 26.0
response t=82.0974190235, out=0, setpoint=0, response=26.0
GetPercentOutput ===>> 0.0
GetSetpoint ===>> 0.0
GetProcessValue ===>> 26.0
response t=84.0985310078, out=0, setpoint=0, response=26.0
GetPercentOutput ===>> 0.0
GetSetpoint ===>> 0.0
GetProcessValue ===>> 26.0
response t=86.1000339985, out=0, setpoint=0, response=26.0
GetPercentOutput ===>> 0.0
GetSetpoint ===>> 0.0
GetProcessValue ===>> 26.0
response t=88.1039271355, out=0, setpoint=0, response=26.0
GetPercentOutput ===>> 0.0
GetSetpoint ===>> 0.0
GetProcessValue ===>> 26.0
response t=90.1077001095, out=0, setpoint=0, response=26.0
GetPercentOutput ===>> 0.0
GetSetpoint ===>> 0.0
GetProcessValue ===>> 26.0
response t=92.1110591888, out=0, setpoint=0, response=26.0
GetPercentOutput ===>> 0.0
GetSetpoint ===>> 0.0
GetProcessValue ===>> 26.0
response t=94.1117441654, out=0, setpoint=0, response=26.0
GetPercentOutput ===>> 0.0
GetSetpoint ===>> 0.0
GetProcessValue ===>> 26.0
response t=96.1139631271, out=0, setpoint=0, response=26.0
GetPercentOutput ===>> 0.0
GetSetpoint ===>> 0.0
GetProcessValue ===>> 26.0
response t=98.1159510612, out=0, setpoint=0, response=26.0
GetPercentOutput ===>> 0.0
GetSetpoint ===>> 0.0
GetProcessValue ===>> 26.0
response t=100.11851716, out=0, setpoint=0, response=26.0
GetPercentOutput ===>> 0.0
GetSetpoint ===>> 0.0
GetProcessValue ===>> 26.0
response t=102.118620157, out=0, setpoint=0, response=26.0
GetPercentOutput ===>> 0.0
GetSetpoint ===>> 0.0
GetProcessValue ===>> 26.0
response t=104.119567156, out=0, setpoint=0, response=26.0
GetPercentOutput ===>> 0.0
GetSetpoint ===>> 0.0
GetProcessValue ===>> 26.0
response t=106.12323308, out=0, setpoint=0, response=26.0
GetPercentOutput ===>> 0.0
GetSetpoint ===>> 0.0
GetProcessValue ===>> 26.0
response t=108.124560118, out=0, setpoint=0, response=26.0
GetPercentOutput ===>> 0.0
GetSetpoint ===>> 0.0
GetProcessValue ===>> 26.0
response t=110.125256062, out=0, setpoint=0, response=26.0
GetPercentOutput ===>> 0.0
GetSetpoint ===>> 0.0
GetProcessValue ===>> 26.0
response t=112.128339052, out=0, setpoint=0, response=26.0
GetPercentOutput ===>> 0.0
GetSetpoint ===>> 0.0
GetProcessValue ===>> 26.0
response t=114.128792048, out=0, setpoint=0, response=26.0
GetPercentOutput ===>> 0.0
GetSetpoint ===>> 0.0
GetProcessValue ===>> 26.0
response t=116.128789186, out=0, setpoint=0, response=26.0
GetPercentOutput ===>> 0.0
GetSetpoint ===>> 0.0
GetProcessValue ===>> 26.0
response t=118.132721186, out=0, setpoint=0, response=26.0
GetPercentOutput ===>> 0.0
GetSetpoint ===>> 0.0
GetProcessValue ===>> 26.0
response t=120.136814117, out=0, setpoint=0, response=26.0
GetPercentOutput ===>> 0.0
GetSetpoint ===>> 0.0
GetProcessValue ===>> 26.0
response t=122.137012959, out=0, setpoint=0, response=26.0
GetPercentOutput ===>> 0.0
GetSetpoint ===>> 0.0
GetProcessValue ===>> 26.0
response t=124.139180183, out=0, setpoint=0, response=26.0
GetPercentOutput ===>> 0.0
GetSetpoint ===>> 0.0
GetProcessValue ===>> 26.0
response t=126.141155005, out=0, setpoint=0, response=26.0
GetPercentOutput ===>> 0.0
GetSetpoint ===>> 0.0
GetProcessValue ===>> 26.0
response t=128.144000053, out=0, setpoint=0, response=26.0
GetPercentOutput ===>> 0.0
GetSetpoint ===>> 0.0
GetProcessValue ===>> 26.0
response t=130.146028042, out=0, setpoint=0, response=26.0
GetPercentOutput ===>> 0.0
GetSetpoint ===>> 0.0
GetProcessValue ===>> 26.0
response t=132.147958994, out=0, setpoint=0, response=26.0
GetPercentOutput ===>> 0.0
GetSetpoint ===>> 0.0
GetProcessValue ===>> 26.0
response t=134.149770975, out=0, setpoint=0, response=26.0
GetPercentOutput ===>> 0.0
GetSetpoint ===>> 0.0
GetProcessValue ===>> 26.0
response t=136.153243065, out=0, setpoint=0, response=26.0
GetPercentOutput ===>> 0.0
GetSetpoint ===>> 0.0
GetProcessValue ===>> 26.0
response t=138.154234171, out=0, setpoint=0, response=26.0
GetPercentOutput ===>> 0.0
GetSetpoint ===>> 0.0
GetProcessValue ===>> 26.0
response t=140.156188965, out=0, setpoint=0, response=26.0
GetPercentOutput ===>> 0.0
GetSetpoint ===>> 0.0
GetProcessValue ===>> 26.0
response t=142.159064054, out=0, setpoint=0, response=26.0
GetPercentOutput ===>> 0.0
GetSetpoint ===>> 0.0
GetProcessValue ===>> 26.0
response t=144.162420988, out=0, setpoint=0, response=26.0
GetPercentOutput ===>> 0.0
GetSetpoint ===>> 0.0
GetProcessValue ===>> 26.0
response t=146.161548138, out=0, setpoint=0, response=26.0
GetPercentOutput ===>> 0.0
GetSetpoint ===>> 0.0
GetProcessValue ===>> 26.0
response t=148.164872169, out=0, setpoint=0, response=26.0
GetPercentOutput ===>> 0.0
GetSetpoint ===>> 0.0
GetProcessValue ===>> 26.0
response t=150.168778181, out=0, setpoint=0, response=26.0
GetPercentOutput ===>> 0.0
GetSetpoint ===>> 0.0
GetProcessValue ===>> 26.0
response t=152.16950798, out=0, setpoint=0, response=26.0
GetPercentOutput ===>> 0.0
GetSetpoint ===>> 0.0
GetProcessValue ===>> 26.0
response t=154.172950983, out=0, setpoint=0, response=26.0
GetPercentOutput ===>> 0.0
GetSetpoint ===>> 0.0
GetProcessValue ===>> 26.0
response t=156.176357985, out=0, setpoint=0, response=26.0
GetPercentOutput ===>> 0.0
GetSetpoint ===>> 0.0
GetProcessValue ===>> 26.0
response t=158.177155018, out=0, setpoint=0, response=26.0
GetPercentOutput ===>> 0.0
GetSetpoint ===>> 0.0
GetProcessValue ===>> 26.0
response t=160.18059206, out=0, setpoint=0, response=26.0
GetPercentOutput ===>> 0.0
GetSetpoint ===>> 0.0
GetProcessValue ===>> 26.0
response t=162.184544086, out=0, setpoint=0, response=26.0
GetPercentOutput ===>> 0.0
GetSetpoint ===>> 0.0
GetProcessValue ===>> 26.0
response t=164.186490059, out=0, setpoint=0, response=26.0
GetPercentOutput ===>> 0.0
GetSetpoint ===>> 0.0
GetProcessValue ===>> 26.0
response t=166.186406136, out=0, setpoint=0, response=26.0
GetPercentOutput ===>> 0.0
GetSetpoint ===>> 0.0
GetProcessValue ===>> 26.0
response t=168.190389156, out=0, setpoint=0, response=26.0
GetPercentOutput ===>> 0.0
GetSetpoint ===>> 0.0
GetProcessValue ===>> 26.0
response t=170.192587137, out=0, setpoint=0, response=26.0
GetPercentOutput ===>> 0.0
GetSetpoint ===>> 0.0
GetProcessValue ===>> 26.0
response t=172.196340084, out=0, setpoint=0, response=26.0
GetPercentOutput ===>> 0.0
GetSetpoint ===>> 0.0
GetProcessValue ===>> 26.0
response t=174.199731112, out=0, setpoint=0, response=26.0
GetPercentOutput ===>> 0.0
GetSetpoint ===>> 0.0
GetProcessValue ===>> 26.0
response t=176.202700138, out=0, setpoint=0, response=26.0
GetPercentOutput ===>> 0.0
GetSetpoint ===>> 0.0
GetProcessValue ===>> 26.0
response t=178.204091072, out=0, setpoint=0, response=26.0
GetPercentOutput ===>> 0.0
GetSetpoint ===>> 0.0
GetProcessValue ===>> 26.0
response t=180.206946135, out=0, setpoint=0, response=26.0
GetPercentOutput ===>> 0.0
GetSetpoint ===>> 0.0
GetProcessValue ===>> 26.0
response t=182.208345175, out=0, setpoint=0, response=26.0
GetPercentOutput ===>> 0.0
GetSetpoint ===>> 0.0
GetProcessValue ===>> 26.0
response t=184.209470987, out=0, setpoint=0, response=26.0
GetPercentOutput ===>> 0.0
GetSetpoint ===>> 0.0
GetProcessValue ===>> 26.0
response t=186.213385105, out=0, setpoint=0, response=26.0
GetPercentOutput ===>> 0.0
GetSetpoint ===>> 0.0
GetProcessValue ===>> 26.0
response t=188.217189074, out=0, setpoint=0, response=26.0
GetPercentOutput ===>> 0.0
GetSetpoint ===>> 0.0
GetProcessValue ===>> 26.0
response t=190.219721079, out=0, setpoint=0, response=26.0
GetPercentOutput ===>> 0.0
GetSetpoint ===>> 0.0
GetProcessValue ===>> 26.0
response t=192.223291159, out=0, setpoint=0, response=26.0
GetPercentOutput ===>> 0.0
GetSetpoint ===>> 0.0
GetProcessValue ===>> 26.0
response t=194.226341963, out=0, setpoint=0, response=26.0
GetPercentOutput ===>> 0.0
GetSetpoint ===>> 0.0
GetProcessValue ===>> 26.0
response t=196.228377104, out=0, setpoint=0, response=26.0
GetPercentOutput ===>> 0.0
GetSetpoint ===>> 0.0
GetProcessValue ===>> 26.0
response t=198.23210907, out=0, setpoint=0, response=26.0
GetPercentOutput ===>> 0.0
GetSetpoint ===>> 0.0
GetProcessValue ===>> 26.0
response t=200.234951019, out=0, setpoint=0, response=26.0
GetPercentOutput ===>> 0.0
GetSetpoint ===>> 0.0
GetProcessValue ===>> 26.0
response t=202.23528409, out=0, setpoint=0, response=26.0
GetPercentOutput ===>> 0.0
GetSetpoint ===>> 0.0
GetProcessValue ===>> 26.0
response t=204.236919165, out=0, setpoint=0, response=26.0
GetPercentOutput ===>> 0.0
GetSetpoint ===>> 0.0
GetProcessValue ===>> 26.0
response t=206.237396002, out=0, setpoint=0, response=26.0
GetPercentOutput ===>> 0.0
GetSetpoint ===>> 0.0
GetProcessValue ===>> 26.0
response t=208.237514019, out=0, setpoint=0, response=26.0
GetPercentOutput ===>> 0.0
GetSetpoint ===>> 0.0
GetProcessValue ===>> 26.0
response t=210.240725994, out=0, setpoint=0, response=26.0
GetPercentOutput ===>> 0.0
GetSetpoint ===>> 0.0
GetProcessValue ===>> 26.0
response t=212.244441032, out=0, setpoint=0, response=26.0
GetPercentOutput ===>> 0.0
GetSetpoint ===>> 0.0
GetProcessValue ===>> 26.0
response t=214.246306181, out=0, setpoint=0, response=26.0
GetPercentOutput ===>> 0.0
GetSetpoint ===>> 0.0
GetProcessValue ===>> 26.0
response t=216.245645046, out=0, setpoint=0, response=26.0
GetPercentOutput ===>> 0.0
GetSetpoint ===>> 0.0
GetProcessValue ===>> 26.0
response t=218.247177124, out=0, setpoint=0, response=26.0
GetPercentOutput ===>> 0.0
GetSetpoint ===>> 0.0
GetProcessValue ===>> 26.0
response t=220.24696207, out=0, setpoint=0, response=26.0
GetPercentOutput ===>> 0.0
GetSetpoint ===>> 0.0
GetProcessValue ===>> 26.0
response t=222.248721123, out=0, setpoint=0, response=26.0
GetPercentOutput ===>> 0.0
GetSetpoint ===>> 0.0
GetProcessValue ===>> 26.0
response t=224.251155138, out=0, setpoint=0, response=26.0
GetPercentOutput ===>> 0.0
GetSetpoint ===>> 0.0
GetProcessValue ===>> 26.0
response t=226.253322124, out=0, setpoint=0, response=26.0
GetPercentOutput ===>> 0.0
GetSetpoint ===>> 0.0
GetProcessValue ===>> 26.0
response t=228.257369995, out=0, setpoint=0, response=26.0
GetPercentOutput ===>> 0.0
GetSetpoint ===>> 0.0
GetProcessValue ===>> 26.0
response t=230.260483027, out=0, setpoint=0, response=26.0
GetPercentOutput ===>> 0.0
GetSetpoint ===>> 0.0
GetProcessValue ===>> 26.0
response t=232.261032104, out=0, setpoint=0, response=26.0
GetPercentOutput ===>> 0.0
GetSetpoint ===>> 0.0
GetProcessValue ===>> 26.0
response t=234.260843039, out=0, setpoint=0, response=26.0
GetPercentOutput ===>> 0.0
GetSetpoint ===>> 0.0
GetProcessValue ===>> 25.0
response t=236.263801098, out=0, setpoint=0, response=25.0
GetPercentOutput ===>> 0.0
GetSetpoint ===>> 0.0
GetProcessValue ===>> 25.0
response t=238.263767004, out=0, setpoint=0, response=25.0
GetPercentOutput ===>> 0.0
GetSetpoint ===>> 0.0
GetProcessValue ===>> 26.0
response t=240.266033173, out=0, setpoint=0, response=26.0
GetPercentOutput ===>> 0.0
GetSetpoint ===>> 0.0
GetProcessValue ===>> 26.0
response t=242.269044161, out=0, setpoint=0, response=26.0
GetPercentOutput ===>> 0.0
GetSetpoint ===>> 0.0
GetProcessValue ===>> 26.0
response t=244.273043156, out=0, setpoint=0, response=26.0
GetPercentOutput ===>> 0.0
GetSetpoint ===>> 0.0
GetProcessValue ===>> 25.0
response t=246.276072979, out=0, setpoint=0, response=25.0
GetPercentOutput ===>> 0.0
GetSetpoint ===>> 0.0
GetProcessValue ===>> 25.0
response t=248.280132055, out=0, setpoint=0, response=25.0
GetPercentOutput ===>> 0.0
GetSetpoint ===>> 0.0
GetProcessValue ===>> 26.0
response t=250.280892134, out=0, setpoint=0, response=26.0
GetPercentOutput ===>> 0.0
GetSetpoint ===>> 0.0
GetProcessValue ===>> 26.0
response t=252.281870127, out=0, setpoint=0, response=26.0
GetPercentOutput ===>> 0.0
GetSetpoint ===>> 0.0
GetProcessValue ===>> 25.0
response t=254.283982992, out=0, setpoint=0, response=25.0
GetPercentOutput ===>> 0.0
GetSetpoint ===>> 0.0
GetProcessValue ===>> 25.0
response t=256.286061049, out=0, setpoint=0, response=25.0
GetPercentOutput ===>> 0.0
GetSetpoint ===>> 0.0
GetProcessValue ===>> 25.0
response t=258.28777504, out=0, setpoint=0, response=25.0
GetPercentOutput ===>> 0.0
GetSetpoint ===>> 0.0
GetProcessValue ===>> 25.0
response t=260.290189028, out=0, setpoint=0, response=25.0
GetPercentOutput ===>> 0.0
GetSetpoint ===>> 0.0
GetProcessValue ===>> 26.0
response t=262.294006109, out=0, setpoint=0, response=26.0
GetPercentOutput ===>> 0.0
GetSetpoint ===>> 0.0
GetProcessValue ===>> 25.0
response t=264.297046185, out=0, setpoint=0, response=25.0
GetPercentOutput ===>> 0.0
GetSetpoint ===>> 0.0
GetProcessValue ===>> 25.0
response t=266.299139023, out=0, setpoint=0, response=25.0
GetPercentOutput ===>> 0.0
GetSetpoint ===>> 0.0
GetProcessValue ===>> 25.0
response t=268.301800013, out=0, setpoint=0, response=25.0
GetPercentOutput ===>> 0.0
GetSetpoint ===>> 0.0
GetProcessValue ===>> 25.0
response t=270.303069115, out=0, setpoint=0, response=25.0
GetPercentOutput ===>> 0.0
GetSetpoint ===>> 0.0
GetProcessValue ===>> 25.0
response t=272.305458069, out=0, setpoint=0, response=25.0
GetPercentOutput ===>> 0.0
GetSetpoint ===>> 0.0
GetProcessValue ===>> 26.0
response t=274.305560112, out=0, setpoint=0, response=26.0
GetPercentOutput ===>> 0.0
GetSetpoint ===>> 0.0
GetProcessValue ===>> 26.0
response t=276.306043148, out=0, setpoint=0, response=26.0
GetPercentOutput ===>> 0.0
GetSetpoint ===>> 0.0
GetProcessValue ===>> 26.0
response t=278.308631182, out=0, setpoint=0, response=26.0
GetPercentOutput ===>> 0.0
GetSetpoint ===>> 0.0
GetProcessValue ===>> 25.0
response t=280.310296059, out=0, setpoint=0, response=25.0
GetPercentOutput ===>> 0.0
GetSetpoint ===>> 0.0
GetProcessValue ===>> 25.0
response t=282.312744141, out=0, setpoint=0, response=25.0
GetPercentOutput ===>> 0.0
GetSetpoint ===>> 0.0
GetProcessValue ===>> 25.0
response t=284.313093185, out=0, setpoint=0, response=25.0
GetPercentOutput ===>> 0.0
GetSetpoint ===>> 0.0
GetProcessValue ===>> 25.0
response t=286.31589818, out=0, setpoint=0, response=25.0
GetPercentOutput ===>> 0.0
GetSetpoint ===>> 0.0
GetProcessValue ===>> 25.0
response t=288.319128036, out=0, setpoint=0, response=25.0
GetPercentOutput ===>> 0.0
GetSetpoint ===>> 0.0
GetProcessValue ===>> 25.0
response t=290.320829153, out=0, setpoint=0, response=25.0
GetPercentOutput ===>> 0.0
GetSetpoint ===>> 0.0
GetProcessValue ===>> 25.0
response t=292.324120045, out=0, setpoint=0, response=25.0
GetPercentOutput ===>> 0.0
GetSetpoint ===>> 0.0
GetProcessValue ===>> 25.0
response t=294.327311993, out=0, setpoint=0, response=25.0
GetPercentOutput ===>> 0.0
GetSetpoint ===>> 0.0
GetProcessValue ===>> 25.0
response t=296.32959199, out=0, setpoint=0, response=25.0
GetPercentOutput ===>> 0.0
GetSetpoint ===>> 0.0
GetProcessValue ===>> 25.0
response t=298.332612991, out=0, setpoint=0, response=25.0
GetPercentOutput ===>> 0.0
GetSetpoint ===>> 0.0
GetProcessValue ===>> 25.0
response t=300.336038113, out=0, setpoint=0, response=25.0
GetPercentOutput ===>> 0.0
GetSetpoint ===>> 0.0
GetProcessValue ===>> 25.0
response t=302.337274075, out=0, setpoint=0, response=25.0
GetPercentOutput ===>> 0.0
GetSetpoint ===>> 0.0
GetProcessValue ===>> 25.0
response t=304.33934617, out=0, setpoint=0, response=25.0
GetPercentOutput ===>> 0.0
GetSetpoint ===>> 0.0
GetProcessValue ===>> 25.0
response t=306.342416048, out=0, setpoint=0, response=25.0
GetPercentOutput ===>> 0.0
GetSetpoint ===>> 0.0
GetProcessValue ===>> 25.0
response t=308.345076084, out=0, setpoint=0, response=25.0
GetPercentOutput ===>> 0.0
GetSetpoint ===>> 0.0
GetProcessValue ===>> 25.0
response t=310.348335028, out=0, setpoint=0, response=25.0
GetPercentOutput ===>> 0.0
GetSetpoint ===>> 0.0
GetProcessValue ===>> 25.0
response t=312.351658106, out=0, setpoint=0, response=25.0
GetPercentOutput ===>> 0.0
GetSetpoint ===>> 0.0
GetProcessValue ===>> 25.0
response t=314.354536057, out=0, setpoint=0, response=25.0
GetPercentOutput ===>> 0.0
GetSetpoint ===>> 0.0
GetProcessValue ===>> 25.0
response t=316.354518175, out=0, setpoint=0, response=25.0
GetPercentOutput ===>> 0.0
GetSetpoint ===>> 0.0
GetProcessValue ===>> 25.0
response t=318.35721612, out=0, setpoint=0, response=25.0
GetPercentOutput ===>> 0.0
GetSetpoint ===>> 0.0
GetProcessValue ===>> 25.0
response t=320.359884024, out=0, setpoint=0, response=25.0
GetPercentOutput ===>> 0.0
GetSetpoint ===>> 0.0
GetProcessValue ===>> 25.0
response t=322.362282991, out=0, setpoint=0, response=25.0
GetPercentOutput ===>> 0.0
GetSetpoint ===>> 0.0
GetProcessValue ===>> 25.0
response t=324.365754128, out=0, setpoint=0, response=25.0
GetPercentOutput ===>> 0.0
GetSetpoint ===>> 0.0
GetProcessValue ===>> 25.0
response t=326.367766142, out=0, setpoint=0, response=25.0
GetPercentOutput ===>> 0.0
GetSetpoint ===>> 0.0
GetProcessValue ===>> 25.0
response t=328.369801998, out=0, setpoint=0, response=25.0
GetPercentOutput ===>> 0.0
GetSetpoint ===>> 0.0
GetProcessValue ===>> 25.0
response t=330.372509956, out=0, setpoint=0, response=25.0
GetPercentOutput ===>> 0.0
GetSetpoint ===>> 0.0
GetProcessValue ===>> 25.0
response t=332.373881102, out=0, setpoint=0, response=25.0
GetPercentOutput ===>> 0.0
GetSetpoint ===>> 0.0
GetProcessValue ===>> 25.0
response t=334.377559185, out=0, setpoint=0, response=25.0
GetPercentOutput ===>> 0.0
GetSetpoint ===>> 0.0
GetProcessValue ===>> 25.0
response t=336.380020142, out=0, setpoint=0, response=25.0
GetPercentOutput ===>> 0.0
GetSetpoint ===>> 0.0
GetProcessValue ===>> 25.0
response t=338.381791115, out=0, setpoint=0, response=25.0
GetPercentOutput ===>> 0.0
GetSetpoint ===>> 0.0
GetProcessValue ===>> 25.0
response t=340.384886026, out=0, setpoint=0, response=25.0
GetPercentOutput ===>> 0.0
GetSetpoint ===>> 0.0
GetProcessValue ===>> 25.0
response t=342.387848139, out=0, setpoint=0, response=25.0
GetPercentOutput ===>> 0.0
GetSetpoint ===>> 0.0
GetProcessValue ===>> 25.0
response t=344.391879082, out=0, setpoint=0, response=25.0
GetPercentOutput ===>> 0.0
GetSetpoint ===>> 0.0
GetProcessValue ===>> 25.0
response t=346.391546965, out=0, setpoint=0, response=25.0
GetPercentOutput ===>> 0.0
GetSetpoint ===>> 0.0
GetProcessValue ===>> 25.0
response t=348.393804073, out=0, setpoint=0, response=25.0
GetPercentOutput ===>> 0.0
GetSetpoint ===>> 0.0
GetProcessValue ===>> 25.0
response t=350.397739172, out=0, setpoint=0, response=25.0
GetPercentOutput ===>> 0.0
GetSetpoint ===>> 0.0
GetProcessValue ===>> 25.0
response t=352.400217056, out=0, setpoint=0, response=25.0
GetPercentOutput ===>> 0.0
GetSetpoint ===>> 0.0
GetProcessValue ===>> 25.0
response t=354.402561188, out=0, setpoint=0, response=25.0
GetPercentOutput ===>> 0.0
GetSetpoint ===>> 0.0
GetProcessValue ===>> 25.0
response t=356.406046152, out=0, setpoint=0, response=25.0
GetPercentOutput ===>> 0.0
GetSetpoint ===>> 0.0
GetProcessValue ===>> 25.0
response t=358.409686089, out=0, setpoint=0, response=25.0
GetPercentOutput ===>> 0.0
GetSetpoint ===>> 0.0
GetProcessValue ===>> 25.0
response t=360.413115978, out=0, setpoint=0, response=25.0
GetPercentOutput ===>> 0.0
GetSetpoint ===>> 0.0
GetProcessValue ===>> 25.0
response t=362.415136099, out=0, setpoint=0, response=25.0
GetPercentOutput ===>> 0.0
GetSetpoint ===>> 0.0
GetProcessValue ===>> 25.0
response t=364.417021036, out=0, setpoint=0, response=25.0
GetPercentOutput ===>> 0.0
GetSetpoint ===>> 0.0
GetProcessValue ===>> 25.0
response t=366.418928146, out=0, setpoint=0, response=25.0
GetPercentOutput ===>> 0.0
GetSetpoint ===>> 0.0
GetProcessValue ===>> 25.0
response t=368.420817137, out=0, setpoint=0, response=25.0
GetPercentOutput ===>> 0.0
GetSetpoint ===>> 0.0
GetProcessValue ===>> 25.0
response t=370.419970989, out=0, setpoint=0, response=25.0
GetPercentOutput ===>> 0.0
GetSetpoint ===>> 0.0
GetProcessValue ===>> 25.0
response t=372.422468185, out=0, setpoint=0, response=25.0
GetPercentOutput ===>> 0.0
GetSetpoint ===>> 0.0
GetProcessValue ===>> 25.0
response t=374.426217079, out=0, setpoint=0, response=25.0
GetPercentOutput ===>> 0.0
GetSetpoint ===>> 0.0
GetProcessValue ===>> 25.0
response t=376.427128077, out=0, setpoint=0, response=25.0
GetPercentOutput ===>> 0.0
GetSetpoint ===>> 0.0
GetProcessValue ===>> 25.0
response t=378.429753065, out=0, setpoint=0, response=25.0
GetPercentOutput ===>> 0.0
GetSetpoint ===>> 0.0
GetProcessValue ===>> 25.0
response t=380.42978096, out=0, setpoint=0, response=25.0
GetPercentOutput ===>> 0.0
GetSetpoint ===>> 0.0
GetProcessValue ===>> 25.0
response t=382.430952072, out=0, setpoint=0, response=25.0
GetPercentOutput ===>> 0.0
GetSetpoint ===>> 0.0
GetProcessValue ===>> 25.0
response t=384.432363987, out=0, setpoint=0, response=25.0
GetPercentOutput ===>> 0.0
GetSetpoint ===>> 0.0
GetProcessValue ===>> 25.0
response t=386.43601799, out=0, setpoint=0, response=25.0
GetPercentOutput ===>> 0.0
GetSetpoint ===>> 0.0
GetProcessValue ===>> 25.0
response t=388.436870098, out=0, setpoint=0, response=25.0
GetPercentOutput ===>> 0.0
GetSetpoint ===>> 0.0
GetProcessValue ===>> 25.0
response t=390.440153122, out=0, setpoint=0, response=25.0
GetPercentOutput ===>> 0.0
GetSetpoint ===>> 0.0
GetProcessValue ===>> 25.0
response t=392.440845013, out=0, setpoint=0, response=25.0
GetPercentOutput ===>> 0.0
GetSetpoint ===>> 0.0
GetProcessValue ===>> 25.0
response t=394.444831133, out=0, setpoint=0, response=25.0
GetPercentOutput ===>> 0.0
GetSetpoint ===>> 0.0
GetProcessValue ===>> 25.0
response t=396.44717598, out=0, setpoint=0, response=25.0
GetPercentOutput ===>> 0.0
GetSetpoint ===>> 0.0
GetProcessValue ===>> 25.0
response t=398.450400114, out=0, setpoint=0, response=25.0
GetPercentOutput ===>> 0.0
GetSetpoint ===>> 0.0
GetProcessValue ===>> 25.0
response t=400.452901125, out=0, setpoint=0, response=25.0
GetPercentOutput ===>> 0.0
GetSetpoint ===>> 0.0
GetProcessValue ===>> 25.0
response t=402.451951981, out=0, setpoint=0, response=25.0
GetPercentOutput ===>> 0.0
GetSetpoint ===>> 0.0
GetProcessValue ===>> 25.0
response t=404.453240156, out=0, setpoint=0, response=25.0
GetPercentOutput ===>> 0.0
GetSetpoint ===>> 0.0
GetProcessValue ===>> 25.0
response t=406.456690073, out=0, setpoint=0, response=25.0
GetPercentOutput ===>> 0.0
GetSetpoint ===>> 0.0
GetProcessValue ===>> 25.0
response t=408.459004164, out=0, setpoint=0, response=25.0
GetPercentOutput ===>> 0.0
GetSetpoint ===>> 0.0
GetProcessValue ===>> 25.0
response t=410.460801125, out=0, setpoint=0, response=25.0
GetPercentOutput ===>> 0.0
GetSetpoint ===>> 0.0
GetProcessValue ===>> 25.0
response t=412.462634087, out=0, setpoint=0, response=25.0
GetPercentOutput ===>> 0.0
GetSetpoint ===>> 0.0
GetProcessValue ===>> 25.0
response t=414.465146065, out=0, setpoint=0, response=25.0
GetPercentOutput ===>> 0.0
GetSetpoint ===>> 0.0
GetProcessValue ===>> 25.0
response t=416.468433142, out=0, setpoint=0, response=25.0
GetPercentOutput ===>> 0.0
GetSetpoint ===>> 0.0
GetProcessValue ===>> 25.0
response t=418.471395969, out=0, setpoint=0, response=25.0
GetPercentOutput ===>> 0.0
GetSetpoint ===>> 0.0
GetProcessValue ===>> 25.0
response t=420.472910166, out=0, setpoint=0, response=25.0
GetPercentOutput ===>> 0.0
GetSetpoint ===>> 0.0
GetProcessValue ===>> 25.0
response t=422.476016045, out=0, setpoint=0, response=25.0
GetPercentOutput ===>> 0.0
GetSetpoint ===>> 0.0
GetProcessValue ===>> 25.0
response t=424.477987051, out=0, setpoint=0, response=25.0
GetPercentOutput ===>> 0.0
GetSetpoint ===>> 0.0
GetProcessValue ===>> 25.0
response t=426.481363058, out=0, setpoint=0, response=25.0
GetPercentOutput ===>> 0.0
GetSetpoint ===>> 0.0
GetProcessValue ===>> 25.0
response t=428.482844114, out=0, setpoint=0, response=25.0
GetPercentOutput ===>> 0.0
GetSetpoint ===>> 0.0
GetProcessValue ===>> 25.0
response t=430.486791134, out=0, setpoint=0, response=25.0
GetPercentOutput ===>> 0.0
GetSetpoint ===>> 0.0
GetProcessValue ===>> 25.0
response t=432.488372087, out=0, setpoint=0, response=25.0
GetPercentOutput ===>> 0.0
GetSetpoint ===>> 0.0
GetProcessValue ===>> 25.0
response t=434.490696192, out=0, setpoint=0, response=25.0
GetPercentOutput ===>> 0.0
GetSetpoint ===>> 0.0
GetProcessValue ===>> 25.0
response t=436.493294001, out=0, setpoint=0, response=25.0
GetPercentOutput ===>> 0.0
GetSetpoint ===>> 0.0
GetProcessValue ===>> 25.0
response t=438.492870092, out=0, setpoint=0, response=25.0
GetPercentOutput ===>> 0.0
GetSetpoint ===>> 0.0
GetProcessValue ===>> 25.0
response t=440.494816065, out=0, setpoint=0, response=25.0
GetPercentOutput ===>> 0.0
GetSetpoint ===>> 0.0
GetProcessValue ===>> 25.0
response t=442.498260021, out=0, setpoint=0, response=25.0
GetPercentOutput ===>> 0.0
GetSetpoint ===>> 0.0
GetProcessValue ===>> 25.0
response t=444.501547098, out=0, setpoint=0, response=25.0
GetPercentOutput ===>> 0.0
GetSetpoint ===>> 0.0
GetProcessValue ===>> 25.0
response t=446.505115032, out=0, setpoint=0, response=25.0
GetPercentOutput ===>> 0.0
GetSetpoint ===>> 0.0
GetProcessValue ===>> 25.0
response t=448.508309126, out=0, setpoint=0, response=25.0
GetPercentOutput ===>> 0.0
GetSetpoint ===>> 0.0
GetProcessValue ===>> 25.0
response t=450.510424137, out=0, setpoint=0, response=25.0
GetPercentOutput ===>> 0.0
GetSetpoint ===>> 0.0
GetProcessValue ===>> 25.0
response t=452.512102127, out=0, setpoint=0, response=25.0
GetPercentOutput ===>> 0.0
GetSetpoint ===>> 0.0
GetProcessValue ===>> 25.0
response t=454.514306068, out=0, setpoint=0, response=25.0
GetPercentOutput ===>> 0.0
GetSetpoint ===>> 0.0
GetProcessValue ===>> 25.0
response t=456.51820302, out=0, setpoint=0, response=25.0
GetPercentOutput ===>> 0.0
GetSetpoint ===>> 0.0
GetProcessValue ===>> 25.0
response t=458.518545151, out=0, setpoint=0, response=25.0
GetPercentOutput ===>> 0.0
GetSetpoint ===>> 0.0
GetProcessValue ===>> 25.0
response t=460.520554066, out=0, setpoint=0, response=25.0
GetPercentOutput ===>> 0.0
GetSetpoint ===>> 0.0
GetProcessValue ===>> 25.0
response t=462.522580147, out=0, setpoint=0, response=25.0
GetPercentOutput ===>> 0.0
GetSetpoint ===>> 0.0
GetProcessValue ===>> 25.0
response t=464.524625063, out=0, setpoint=0, response=25.0
GetPercentOutput ===>> 0.0
GetSetpoint ===>> 0.0
GetProcessValue ===>> 25.0
response t=466.526895046, out=0, setpoint=0, response=25.0
GetPercentOutput ===>> 0.0
GetSetpoint ===>> 0.0
GetProcessValue ===>> 25.0
response t=468.530704021, out=0, setpoint=0, response=25.0
GetPercentOutput ===>> 0.0
GetSetpoint ===>> 0.0
GetProcessValue ===>> 25.0
response t=470.534053087, out=0, setpoint=0, response=25.0
GetPercentOutput ===>> 0.0
GetSetpoint ===>> 0.0
GetProcessValue ===>> 25.0
response t=472.534212112, out=0, setpoint=0, response=25.0
GetPercentOutput ===>> 0.0
GetSetpoint ===>> 0.0
GetProcessValue ===>> 25.0
response t=474.534204006, out=0, setpoint=0, response=25.0
GetPercentOutput ===>> 0.0
GetSetpoint ===>> 0.0
GetProcessValue ===>> 25.0
response t=476.536786079, out=0, setpoint=0, response=25.0
GetPercentOutput ===>> 0.0
GetSetpoint ===>> 0.0
GetProcessValue ===>> 25.0
response t=478.536736012, out=0, setpoint=0, response=25.0
GetPercentOutput ===>> 0.0
GetSetpoint ===>> 0.0
GetProcessValue ===>> 25.0
response t=480.538722038, out=0, setpoint=0, response=25.0
GetPercentOutput ===>> 0.0
GetSetpoint ===>> 0.0
GetProcessValue ===>> 25.0
response t=482.541145086, out=0, setpoint=0, response=25.0
GetPercentOutput ===>> 0.0
GetSetpoint ===>> 0.0
GetProcessValue ===>> 25.0
response t=484.544934034, out=0, setpoint=0, response=25.0
GetPercentOutput ===>> 0.0
GetSetpoint ===>> 0.0
GetProcessValue ===>> 25.0
response t=486.546045065, out=0, setpoint=0, response=25.0
GetPercentOutput ===>> 0.0
GetSetpoint ===>> 0.0
GetProcessValue ===>> 25.0
response t=488.548993111, out=0, setpoint=0, response=25.0
GetPercentOutput ===>> 0.0
GetSetpoint ===>> 0.0
GetProcessValue ===>> 25.0
response t=490.551054001, out=0, setpoint=0, response=25.0
GetPercentOutput ===>> 0.0
GetSetpoint ===>> 0.0
GetProcessValue ===>> 25.0
response t=492.553482056, out=0, setpoint=0, response=25.0
GetPercentOutput ===>> 0.0
GetSetpoint ===>> 0.0
GetProcessValue ===>> 25.0
response t=494.556625128, out=0, setpoint=0, response=25.0
GetPercentOutput ===>> 0.0
GetSetpoint ===>> 0.0
GetProcessValue ===>> 25.0
response t=496.557139158, out=0, setpoint=0, response=25.0
GetPercentOutput ===>> 0.0
GetSetpoint ===>> 0.0
GetProcessValue ===>> 25.0
response t=498.557578087, out=0, setpoint=0, response=25.0
GetPercentOutput ===>> 0.0
GetSetpoint ===>> 0.0
GetProcessValue ===>> 24.0
response t=500.561210155, out=0, setpoint=0, response=24.0
GetPercentOutput ===>> 0.0
GetSetpoint ===>> 0.0
GetProcessValue ===>> 25.0
response t=502.563264132, out=0, setpoint=0, response=25.0
GetPercentOutput ===>> 0.0
GetSetpoint ===>> 0.0
GetProcessValue ===>> 25.0
response t=504.564726114, out=0, setpoint=0, response=25.0
GetPercentOutput ===>> 0.0
GetSetpoint ===>> 0.0
GetProcessValue ===>> 25.0
response t=506.566426992, out=0, setpoint=0, response=25.0
GetPercentOutput ===>> 0.0
GetSetpoint ===>> 0.0
GetProcessValue ===>> 24.0
response t=508.566246986, out=0, setpoint=0, response=24.0
GetPercentOutput ===>> 0.0
GetSetpoint ===>> 0.0
GetProcessValue ===>> 25.0
response t=510.570288181, out=0, setpoint=0, response=25.0
GetPercentOutput ===>> 0.0
GetSetpoint ===>> 0.0
GetProcessValue ===>> 25.0
response t=512.5733881, out=0, setpoint=0, response=25.0
GetPercentOutput ===>> 0.0
GetSetpoint ===>> 0.0
GetProcessValue ===>> 25.0
response t=514.575440168, out=0, setpoint=0, response=25.0
GetPercentOutput ===>> 0.0
GetSetpoint ===>> 0.0
GetProcessValue ===>> 25.0
response t=516.579495192, out=0, setpoint=0, response=25.0
GetPercentOutput ===>> 0.0
GetSetpoint ===>> 0.0
GetProcessValue ===>> 25.0
response t=518.579267025, out=0, setpoint=0, response=25.0
GetPercentOutput ===>> 0.0
GetSetpoint ===>> 0.0
GetProcessValue ===>> 25.0
response t=520.579832077, out=0, setpoint=0, response=25.0
GetPercentOutput ===>> 0.0
GetSetpoint ===>> 0.0
GetProcessValue ===>> 25.0
response t=522.581856012, out=0, setpoint=0, response=25.0
GetPercentOutput ===>> 0.0
GetSetpoint ===>> 0.0
GetProcessValue ===>> 25.0
response t=524.585510969, out=0, setpoint=0, response=25.0
GetPercentOutput ===>> 0.0
GetSetpoint ===>> 0.0
GetProcessValue ===>> 25.0
response t=526.58754015, out=0, setpoint=0, response=25.0
GetPercentOutput ===>> 0.0
GetSetpoint ===>> 0.0
GetProcessValue ===>> 25.0
response t=528.589514017, out=0, setpoint=0, response=25.0
GetPercentOutput ===>> 0.0
GetSetpoint ===>> 0.0
GetProcessValue ===>> 25.0
response t=530.59166503, out=0, setpoint=0, response=25.0
GetPercentOutput ===>> 0.0
GetSetpoint ===>> 0.0
GetProcessValue ===>> 25.0
response t=532.593712091, out=0, setpoint=0, response=25.0
GetPercentOutput ===>> 0.0
GetSetpoint ===>> 0.0
GetProcessValue ===>> 25.0
response t=534.59572506, out=0, setpoint=0, response=25.0
GetPercentOutput ===>> 0.0
GetSetpoint ===>> 0.0
GetProcessValue ===>> 24.0
response t=536.598667145, out=0, setpoint=0, response=24.0
GetPercentOutput ===>> 0.0
GetSetpoint ===>> 0.0
GetProcessValue ===>> 25.0
response t=538.601413012, out=0, setpoint=0, response=25.0
GetPercentOutput ===>> 0.0
GetSetpoint ===>> 0.0
GetProcessValue ===>> 25.0
response t=540.603815079, out=0, setpoint=0, response=25.0
GetPercentOutput ===>> 0.0
GetSetpoint ===>> 0.0
GetProcessValue ===>> 25.0
response t=542.606840134, out=0, setpoint=0, response=25.0
GetPercentOutput ===>> 0.0
GetSetpoint ===>> 0.0
GetProcessValue ===>> 25.0
response t=544.610445023, out=0, setpoint=0, response=25.0
GetPercentOutput ===>> 0.0
GetSetpoint ===>> 0.0
GetProcessValue ===>> 25.0
response t=546.609502077, out=0, setpoint=0, response=25.0
GetPercentOutput ===>> 0.0
GetSetpoint ===>> 0.0
GetProcessValue ===>> 25.0
response t=548.613515139, out=0, setpoint=0, response=25.0
GetPercentOutput ===>> 0.0
GetSetpoint ===>> 0.0
GetProcessValue ===>> 25.0
response t=550.617573977, out=0, setpoint=0, response=25.0
GetPercentOutput ===>> 0.0
GetSetpoint ===>> 0.0
GetProcessValue ===>> 24.0
response t=552.621240139, out=0, setpoint=0, response=24.0
GetPercentOutput ===>> 0.0
GetSetpoint ===>> 0.0
GetProcessValue ===>> 24.0
response t=554.624293089, out=0, setpoint=0, response=24.0
GetPercentOutput ===>> 0.0
GetSetpoint ===>> 0.0
GetProcessValue ===>> 24.0
response t=556.626074076, out=0, setpoint=0, response=24.0
GetPercentOutput ===>> 0.0
GetSetpoint ===>> 0.0
GetProcessValue ===>> 24.0
response t=558.62848711, out=0, setpoint=0, response=24.0
GetPercentOutput ===>> 0.0
GetSetpoint ===>> 0.0
GetProcessValue ===>> 24.0
response t=560.63205409, out=0, setpoint=0, response=24.0
GetPercentOutput ===>> 0.0
GetSetpoint ===>> 0.0
GetProcessValue ===>> 24.0
response t=562.635670185, out=0, setpoint=0, response=24.0
GetPercentOutput ===>> 0.0
GetSetpoint ===>> 0.0
GetProcessValue ===>> 24.0
response t=564.638502121, out=0, setpoint=0, response=24.0
GetPercentOutput ===>> 0.0
GetSetpoint ===>> 0.0
GetProcessValue ===>> 24.0
response t=566.642488003, out=0, setpoint=0, response=24.0
GetPercentOutput ===>> 0.0
GetSetpoint ===>> 0.0
GetProcessValue ===>> 24.0
response t=568.645539999, out=0, setpoint=0, response=24.0
GetPercentOutput ===>> 0.0
GetSetpoint ===>> 0.0
GetProcessValue ===>> 24.0
response t=570.648199081, out=0, setpoint=0, response=24.0
GetPercentOutput ===>> 0.0
GetSetpoint ===>> 0.0
GetProcessValue ===>> 24.0
response t=572.647433043, out=0, setpoint=0, response=24.0
GetPercentOutput ===>> 0.0
GetSetpoint ===>> 0.0
GetProcessValue ===>> 24.0
response t=574.648987055, out=0, setpoint=0, response=24.0
GetPercentOutput ===>> 0.0
GetSetpoint ===>> 0.0
GetProcessValue ===>> 24.0
response t=576.650074959, out=0, setpoint=0, response=24.0
GetPercentOutput ===>> 0.0
GetSetpoint ===>> 0.0
GetProcessValue ===>> 24.0
response t=578.65105319, out=0, setpoint=0, response=24.0
GetPercentOutput ===>> 0.0
GetSetpoint ===>> 0.0
GetProcessValue ===>> 24.0
response t=580.652690172, out=0, setpoint=0, response=24.0
GetPercentOutput ===>> 0.0
GetSetpoint ===>> 0.0
GetProcessValue ===>> 24.0
response t=582.65627718, out=0, setpoint=0, response=24.0
GetPercentOutput ===>> 0.0
GetSetpoint ===>> 0.0
GetProcessValue ===>> 24.0
response t=584.66031003, out=0, setpoint=0, response=24.0
GetPercentOutput ===>> 0.0
GetSetpoint ===>> 0.0
GetProcessValue ===>> 24.0
response t=586.66388917, out=0, setpoint=0, response=24.0
GetPercentOutput ===>> 0.0
GetSetpoint ===>> 0.0
GetProcessValue ===>> 24.0
response t=588.666404009, out=0, setpoint=0, response=24.0
GetPercentOutput ===>> 0.0
GetSetpoint ===>> 0.0
GetProcessValue ===>> 24.0
response t=590.66922307, out=0, setpoint=0, response=24.0
GetPercentOutput ===>> 0.0
GetSetpoint ===>> 0.0
GetProcessValue ===>> 24.0
response t=592.670552969, out=0, setpoint=0, response=24.0
GetPercentOutput ===>> 0.0
GetSetpoint ===>> 0.0
GetProcessValue ===>> 24.0
response t=594.67185998, out=0, setpoint=0, response=24.0
GetPercentOutput ===>> 0.0
GetSetpoint ===>> 0.0
GetProcessValue ===>> 24.0
response t=596.675392151, out=0, setpoint=0, response=24.0
GetPercentOutput ===>> 0.0
GetSetpoint ===>> 0.0
GetProcessValue ===>> 24.0
response t=598.677471161, out=0, setpoint=0, response=24.0
GetPercentOutput ===>> 0.0
GetSetpoint ===>> 0.0
GetProcessValue ===>> 24.0
response t=600.681143045, out=0, setpoint=0, response=24.0
GetPercentOutput ===>> 0.0
GetSetpoint ===>> 0.0
GetProcessValue ===>> 24.0
response t=602.684525013, out=0, setpoint=0, response=24.0
GetPercentOutput ===>> 0.0
GetSetpoint ===>> 0.0
GetProcessValue ===>> 24.0
response t=604.687566996, out=0, setpoint=0, response=24.0
GetPercentOutput ===>> 0.0
GetSetpoint ===>> 0.0
GetProcessValue ===>> 24.0
response t=606.690559149, out=0, setpoint=0, response=24.0
GetPercentOutput ===>> 0.0
GetSetpoint ===>> 0.0
GetProcessValue ===>> 24.0
response t=608.692828178, out=0, setpoint=0, response=24.0
GetPercentOutput ===>> 0.0
GetSetpoint ===>> 0.0
GetProcessValue ===>> 24.0
response t=610.693291187, out=0, setpoint=0, response=24.0
GetPercentOutput ===>> 0.0
GetSetpoint ===>> 0.0
GetProcessValue ===>> 24.0
response t=612.69472599, out=0, setpoint=0, response=24.0
GetPercentOutput ===>> 0.0
GetSetpoint ===>> 0.0
GetProcessValue ===>> 24.0
response t=614.694909096, out=0, setpoint=0, response=24.0
GetPercentOutput ===>> 0.0
GetSetpoint ===>> 0.0
GetProcessValue ===>> 24.0
response t=616.697864056, out=0, setpoint=0, response=24.0
GetPercentOutput ===>> 0.0
GetSetpoint ===>> 0.0
GetProcessValue ===>> 24.0
response t=618.697785139, out=0, setpoint=0, response=24.0
GetPercentOutput ===>> 0.0
GetSetpoint ===>> 0.0
GetProcessValue ===>> 24.0
response t=620.700644016, out=0, setpoint=0, response=24.0
GetPercentOutput ===>> 0.0
GetSetpoint ===>> 0.0
GetProcessValue ===>> 24.0
response t=622.70183301, out=0, setpoint=0, response=24.0
GetPercentOutput ===>> 0.0
GetSetpoint ===>> 0.0
GetProcessValue ===>> 24.0
response t=624.705487013, out=0, setpoint=0, response=24.0
GetPercentOutput ===>> 0.0
GetSetpoint ===>> 0.0
GetProcessValue ===>> 24.0
response t=626.707486153, out=0, setpoint=0, response=24.0
GetPercentOutput ===>> 0.0
GetSetpoint ===>> 0.0
GetProcessValue ===>> 24.0
response t=628.711127996, out=0, setpoint=0, response=24.0
GetPercentOutput ===>> 0.0
GetSetpoint ===>> 0.0
GetProcessValue ===>> 24.0
response t=630.71413517, out=0, setpoint=0, response=24.0
GetPercentOutput ===>> 0.0
GetSetpoint ===>> 0.0
GetProcessValue ===>> 24.0
response t=632.716761112, out=0, setpoint=0, response=24.0
GetPercentOutput ===>> 0.0
GetSetpoint ===>> 0.0
GetProcessValue ===>> 24.0
response t=634.720343113, out=0, setpoint=0, response=24.0
GetPercentOutput ===>> 0.0
GetSetpoint ===>> 0.0
GetProcessValue ===>> 24.0
response t=636.722382069, out=0, setpoint=0, response=24.0
GetPercentOutput ===>> 0.0
GetSetpoint ===>> 0.0
GetProcessValue ===>> 24.0
response t=638.726030111, out=0, setpoint=0, response=24.0
GetPercentOutput ===>> 0.0
GetSetpoint ===>> 0.0
GetProcessValue ===>> 24.0
response t=640.726441145, out=0, setpoint=0, response=24.0
GetPercentOutput ===>> 0.0
GetSetpoint ===>> 0.0
GetProcessValue ===>> 24.0
response t=642.729551077, out=0, setpoint=0, response=24.0
GetPercentOutput ===>> 0.0
GetSetpoint ===>> 0.0
GetProcessValue ===>> 24.0
response t=644.731714964, out=0, setpoint=0, response=24.0
GetPercentOutput ===>> 0.0
GetSetpoint ===>> 0.0
GetProcessValue ===>> 24.0
response t=646.735144138, out=0, setpoint=0, response=24.0
GetPercentOutput ===>> 0.0
GetSetpoint ===>> 0.0
GetProcessValue ===>> 24.0
response t=648.737094164, out=0, setpoint=0, response=24.0
GetPercentOutput ===>> 0.0
GetSetpoint ===>> 0.0
GetProcessValue ===>> 24.0
response t=650.740007162, out=0, setpoint=0, response=24.0
GetPercentOutput ===>> 0.0
GetSetpoint ===>> 0.0
GetProcessValue ===>> 24.0
response t=652.743492126, out=0, setpoint=0, response=24.0
GetPercentOutput ===>> 0.0
GetSetpoint ===>> 0.0
GetProcessValue ===>> 24.0
response t=654.74698019, out=0, setpoint=0, response=24.0
GetPercentOutput ===>> 0.0
GetSetpoint ===>> 0.0
GetProcessValue ===>> 24.0
response t=656.750748158, out=0, setpoint=0, response=24.0
GetPercentOutput ===>> 0.0
GetSetpoint ===>> 0.0
GetProcessValue ===>> 24.0
response t=658.752501011, out=0, setpoint=0, response=24.0
GetPercentOutput ===>> 0.0
GetSetpoint ===>> 0.0
GetProcessValue ===>> 24.0
response t=660.755251169, out=0, setpoint=0, response=24.0
GetPercentOutput ===>> 0.0
GetSetpoint ===>> 0.0
GetProcessValue ===>> 24.0
response t=662.758147001, out=0, setpoint=0, response=24.0
GetPercentOutput ===>> 0.0
GetSetpoint ===>> 0.0
GetProcessValue ===>> 24.0
response t=664.758541107, out=0, setpoint=0, response=24.0
GetPercentOutput ===>> 0.0
GetSetpoint ===>> 0.0
GetProcessValue ===>> 24.0
response t=666.757898092, out=0, setpoint=0, response=24.0
GetPercentOutput ===>> 0.0
GetSetpoint ===>> 0.0
GetProcessValue ===>> 24.0
response t=668.761944056, out=0, setpoint=0, response=24.0
GetPercentOutput ===>> 0.0
GetSetpoint ===>> 0.0
GetProcessValue ===>> 24.0
response t=670.762763023, out=0, setpoint=0, response=24.0
GetPercentOutput ===>> 0.0
GetSetpoint ===>> 0.0
GetProcessValue ===>> 24.0
response t=672.764878035, out=0, setpoint=0, response=24.0
GetPercentOutput ===>> 0.0
GetSetpoint ===>> 0.0
GetProcessValue ===>> 24.0
response t=674.766839981, out=0, setpoint=0, response=24.0
GetPercentOutput ===>> 0.0
GetSetpoint ===>> 0.0
GetProcessValue ===>> 24.0
response t=676.768826962, out=0, setpoint=0, response=24.0
GetPercentOutput ===>> 0.0
GetSetpoint ===>> 0.0
GetProcessValue ===>> 24.0
response t=678.772104025, out=0, setpoint=0, response=24.0
GetPercentOutput ===>> 0.0
GetSetpoint ===>> 0.0
GetProcessValue ===>> 24.0
response t=680.771826029, out=0, setpoint=0, response=24.0
GetPercentOutput ===>> 0.0
GetSetpoint ===>> 0.0
GetProcessValue ===>> 24.0
response t=682.774908066, out=0, setpoint=0, response=24.0
GetPercentOutput ===>> 0.0
GetSetpoint ===>> 0.0
GetProcessValue ===>> 24.0
response t=684.778218985, out=0, setpoint=0, response=24.0
GetPercentOutput ===>> 0.0
GetSetpoint ===>> 0.0
GetProcessValue ===>> 24.0
response t=686.781461, out=0, setpoint=0, response=24.0
GetPercentOutput ===>> 0.0
GetSetpoint ===>> 0.0
GetProcessValue ===>> 24.0
response t=688.783004045, out=0, setpoint=0, response=24.0
GetPercentOutput ===>> 0.0
GetSetpoint ===>> 0.0
GetProcessValue ===>> 24.0
response t=690.786067009, out=0, setpoint=0, response=24.0
GetPercentOutput ===>> 0.0
GetSetpoint ===>> 0.0
GetProcessValue ===>> 24.0
response t=692.789206982, out=0, setpoint=0, response=24.0
GetPercentOutput ===>> 0.0
GetSetpoint ===>> 0.0
GetProcessValue ===>> 24.0
response t=694.79057312, out=0, setpoint=0, response=24.0
GetPercentOutput ===>> 0.0
GetSetpoint ===>> 0.0
GetProcessValue ===>> 24.0
response t=696.793693066, out=0, setpoint=0, response=24.0
GetPercentOutput ===>> 0.0
GetSetpoint ===>> 0.0
GetProcessValue ===>> 24.0
response t=698.795710087, out=0, setpoint=0, response=24.0
GetPercentOutput ===>> 0.0
GetSetpoint ===>> 0.0
GetProcessValue ===>> 24.0
response t=700.796314955, out=0, setpoint=0, response=24.0
GetPercentOutput ===>> 0.0
GetSetpoint ===>> 0.0
GetProcessValue ===>> 24.0
response t=702.795399189, out=0, setpoint=0, response=24.0
GetPercentOutput ===>> 0.0
GetSetpoint ===>> 0.0
GetProcessValue ===>> 24.0
response t=704.796454191, out=0, setpoint=0, response=24.0
GetPercentOutput ===>> 0.0
GetSetpoint ===>> 0.0
GetProcessValue ===>> 24.0
response t=706.79737711, out=0, setpoint=0, response=24.0
GetPercentOutput ===>> 0.0
GetSetpoint ===>> 0.0
GetProcessValue ===>> 24.0
response t=708.797978163, out=0, setpoint=0, response=24.0
GetPercentOutput ===>> 0.0
GetSetpoint ===>> 0.0
GetProcessValue ===>> 24.0
response t=710.799815178, out=0, setpoint=0, response=24.0
GetPercentOutput ===>> 0.0
GetSetpoint ===>> 0.0
GetProcessValue ===>> 24.0
response t=712.803946018, out=0, setpoint=0, response=24.0
GetPercentOutput ===>> 0.0
GetSetpoint ===>> 0.0
GetProcessValue ===>> 24.0
response t=714.806282043, out=0, setpoint=0, response=24.0
GetPercentOutput ===>> 0.0
GetSetpoint ===>> 0.0
GetProcessValue ===>> 24.0
response t=716.810017109, out=0, setpoint=0, response=24.0
GetPercentOutput ===>> 0.0
GetSetpoint ===>> 0.0
GetProcessValue ===>> 24.0
response t=718.813462019, out=0, setpoint=0, response=24.0
GetPercentOutput ===>> 0.0
GetSetpoint ===>> 0.0
GetProcessValue ===>> 24.0
response t=720.812615156, out=0, setpoint=0, response=24.0
GetPercentOutput ===>> 0.0
GetSetpoint ===>> 0.0
GetProcessValue ===>> 24.0
response t=722.814805031, out=0, setpoint=0, response=24.0
GetPercentOutput ===>> 0.0
GetSetpoint ===>> 0.0
GetProcessValue ===>> 24.0
response t=724.817573071, out=0, setpoint=0, response=24.0
Join finished
block finished. duration 722.129187107
sleep (60,) {}
SLEEP 60.0
block started
WaitControl setup for 60.0  
GetPercentOutput ===>> 0.0
GetSetpoint ===>> 0.0
GetProcessValue ===>> 24.0
response t=726.820261955, out=0, setpoint=0, response=24.0
GetPercentOutput ===>> 0.0
GetSetpoint ===>> 0.0
GetProcessValue ===>> 24.0
response t=728.822713137, out=0, setpoint=0, response=24.0
GetPercentOutput ===>> 0.0
GetSetpoint ===>> 0.0
GetProcessValue ===>> 24.0
response t=730.825060129, out=0, setpoint=0, response=24.0
GetPercentOutput ===>> 0.0
GetSetpoint ===>> 0.0
GetProcessValue ===>> 24.0
response t=732.825937033, out=0, setpoint=0, response=24.0
GetPercentOutput ===>> 0.0
GetSetpoint ===>> 0.0
GetProcessValue ===>> 24.0
response t=734.825329065, out=0, setpoint=0, response=24.0
GetPercentOutput ===>> 0.0
GetSetpoint ===>> 0.0
GetProcessValue ===>> 24.0
response t=736.828364134, out=0, setpoint=0, response=24.0
GetPercentOutput ===>> 0.0
GetSetpoint ===>> 0.0
GetProcessValue ===>> 24.0
response t=738.830281019, out=0, setpoint=0, response=24.0
GetPercentOutput ===>> 0.0
GetSetpoint ===>> 0.0
GetProcessValue ===>> 24.0
response t=740.83229804, out=0, setpoint=0, response=24.0
GetPercentOutput ===>> 0.0
GetSetpoint ===>> 0.0
GetProcessValue ===>> 24.0
response t=742.835083961, out=0, setpoint=0, response=24.0
GetPercentOutput ===>> 0.0
GetSetpoint ===>> 0.0
GetProcessValue ===>> 24.0
response t=744.837356091, out=0, setpoint=0, response=24.0
GetPercentOutput ===>> 0.0
GetSetpoint ===>> 0.0
GetProcessValue ===>> 24.0
response t=746.839567184, out=0, setpoint=0, response=24.0
GetPercentOutput ===>> 0.0
GetSetpoint ===>> 0.0
GetProcessValue ===>> 24.0
response t=748.840398073, out=0, setpoint=0, response=24.0
GetPercentOutput ===>> 0.0
GetSetpoint ===>> 0.0
GetProcessValue ===>> 24.0
response t=750.844398022, out=0, setpoint=0, response=24.0
GetPercentOutput ===>> 0.0
GetSetpoint ===>> 0.0
GetProcessValue ===>> 24.0
response t=752.847603083, out=0, setpoint=0, response=24.0
GetPercentOutput ===>> 0.0
GetSetpoint ===>> 0.0
GetProcessValue ===>> 24.0
response t=754.848680019, out=0, setpoint=0, response=24.0
GetPercentOutput ===>> 0.0
GetSetpoint ===>> 0.0
GetProcessValue ===>> 24.0
response t=756.851329088, out=0, setpoint=0, response=24.0
GetPercentOutput ===>> 0.0
GetSetpoint ===>> 0.0
GetProcessValue ===>> 24.0
response t=758.85155797, out=0, setpoint=0, response=24.0
GetPercentOutput ===>> 0.0
GetSetpoint ===>> 0.0
GetProcessValue ===>> 24.0
response t=760.851265192, out=0, setpoint=0, response=24.0
GetPercentOutput ===>> 0.0
GetSetpoint ===>> 0.0
GetProcessValue ===>> 24.0
response t=762.852617979, out=0, setpoint=0, response=24.0
GetPercentOutput ===>> 0.0
GetSetpoint ===>> 0.0
GetProcessValue ===>> 24.0
response t=764.854811192, out=0, setpoint=0, response=24.0
GetPercentOutput ===>> 0.0
GetSetpoint ===>> 0.0
GetProcessValue ===>> 24.0
response t=766.855844021, out=0, setpoint=0, response=24.0
GetPercentOutput ===>> 0.0
GetSetpoint ===>> 0.0
GetProcessValue ===>> 24.0
response t=768.858999968, out=0, setpoint=0, response=24.0
GetPercentOutput ===>> 0.0
GetSetpoint ===>> 0.0
GetProcessValue ===>> 24.0
response t=770.861387968, out=0, setpoint=0, response=24.0
GetPercentOutput ===>> 0.0
GetSetpoint ===>> 0.0
GetProcessValue ===>> 24.0
response t=772.864190102, out=0, setpoint=0, response=24.0
GetPercentOutput ===>> 0.0
GetSetpoint ===>> 0.0
GetProcessValue ===>> 24.0
response t=774.866830111, out=0, setpoint=0, response=24.0
GetPercentOutput ===>> 0.0
GetSetpoint ===>> 0.0
GetProcessValue ===>> 24.0
response t=776.86810708, out=0, setpoint=0, response=24.0
GetPercentOutput ===>> 0.0
GetSetpoint ===>> 0.0
GetProcessValue ===>> 24.0
response t=778.870239973, out=0, setpoint=0, response=24.0
GetPercentOutput ===>> 0.0
GetSetpoint ===>> 0.0
GetProcessValue ===>> 24.0
response t=780.87296319, out=0, setpoint=0, response=24.0
GetPercentOutput ===>> 0.0
GetSetpoint ===>> 0.0
GetProcessValue ===>> 24.0
response t=782.874607086, out=0, setpoint=0, response=24.0
GetPercentOutput ===>> 0.0
GetSetpoint ===>> 0.0
GetProcessValue ===>> 24.0
response t=784.878162146, out=0, setpoint=0, response=24.0
Join finished
block finished. duration 60.2530629635
close ('B',) {}
close name=B desc=---
checking ownership. requestor=129.138.12.137
check software interlocks B
interlocks []
actuate state mode=None-script, software_lock=False
doing actuation None-script close_channel True
GetPercentOutput ===>> 0.0
Close B ===>> OK
GetSetpoint ===>> 0.0
GetProcessValue ===>> 24.0
response t=786.881081104, out=0, setpoint=0, response=24.0
GetIndicatorState B ===>> False
change switch state (True, True)
update switch state B False args=() kw={} ncanvase=5
10:00:41 -- CLOSE  VALVE-B (Bone to Diode Laser)
-------------------------- close B () result=[(True, True)]
action=close, ok=True, locked=[False]
close ('E',) {}
close name=E desc=---
checking ownership. requestor=129.138.12.137
check software interlocks E
interlocks []
actuate state mode=None-script, software_lock=False
doing actuation None-script close_channel True
Close E ===>> OK
GetIndicatorState E ===>> False
change switch state (True, True)
update switch state E False args=() kw={} ncanvase=5
10:00:42 -- CLOSE  VALVE-E (Bone to Minibone)
-------------------------- close E () result=[(True, True)]
action=close, ok=True, locked=[False]
close ('C',) {}
close name=C desc=---
checking ownership. requestor=129.138.12.137
check software interlocks C
interlocks []
actuate state mode=None-script, software_lock=False
doing actuation None-script close_channel True
Close C ===>> OK
GetIndicatorState C ===>> False
change switch state (True, True)
update switch state C False args=() kw={} ncanvase=5
10:00:42 -- CLOSE  VALVE-C (Bone to Turbo)
-------------------------- close C () result=[(True, True)]
action=close, ok=True, locked=[False]
sleep (2,) {}
SLEEP 2.0
block started
WaitControl setup for 2.0  
GetPercentOutput ===>> 0.0
GetSetpoint ===>> 0.0
GetProcessValue ===>> 24.0
response t=788.883051157, out=0, setpoint=0, response=24.0
Join finished
block finished. duration 2.07845401764
open ('J',) {}
open name=J desc=---
checking ownership. requestor=129.138.12.137
check software interlocks J
interlocks []
actuate state mode=None-script, software_lock=False
doing actuation None-script open_channel True
Open J ===>> OK
GetPercentOutput ===>> 0.0
GetSetpoint ===>> 0.0
GetIndicatorState J ===>> OK
change switch state (True, True)
update switch state J True args=() kw={} ncanvase=5
GetProcessValue ===>> 24.0
response t=790.88677597, out=0, setpoint=0, response=24.0
10:00:45 -- OPEN   VALVE-J (Bone to APIS)
-------------------------- open J () result=[(True, True)]
action=open, ok=True, locked=[False]
sleep (30,) {}
SLEEP 30.0
block started
WaitControl setup for 30.0  
GetPercentOutput ===>> 0.0
GetSetpoint ===>> 0.0
GetProcessValue ===>> 24.0
response t=792.886664152, out=0, setpoint=0, response=24.0
GetPercentOutput ===>> 0.0
GetSetpoint ===>> 0.0
GetProcessValue ===>> 24.0
response t=794.887032032, out=0, setpoint=0, response=24.0
GetPercentOutput ===>> 0.0
GetSetpoint ===>> 0.0
GetProcessValue ===>> 24.0
response t=796.888633966, out=0, setpoint=0, response=24.0
GetPercentOutput ===>> 0.0
GetSetpoint ===>> 0.0
GetProcessValue ===>> 24.0
response t=798.891185999, out=0, setpoint=0, response=24.0
GetPercentOutput ===>> 0.0
GetSetpoint ===>> 0.0
GetProcessValue ===>> 24.0
response t=800.893733025, out=0, setpoint=0, response=24.0
GetPercentOutput ===>> 0.0
GetSetpoint ===>> 0.0
GetProcessValue ===>> 24.0
response t=802.895846128, out=0, setpoint=0, response=24.0
GetPercentOutput ===>> 0.0
GetSetpoint ===>> 0.0
GetProcessValue ===>> 24.0
response t=804.895056963, out=0, setpoint=0, response=24.0
GetPercentOutput ===>> 0.0
GetSetpoint ===>> 0.0
GetProcessValue ===>> 24.0
response t=806.896867037, out=0, setpoint=0, response=24.0
GetPercentOutput ===>> 0.0
GetSetpoint ===>> 0.0
GetProcessValue ===>> 24.0
response t=808.898276091, out=0, setpoint=0, response=24.0
GetPercentOutput ===>> 0.0
GetSetpoint ===>> 0.0
GetProcessValue ===>> 24.0
response t=810.901303053, out=0, setpoint=0, response=24.0
GetPercentOutput ===>> 0.0
GetSetpoint ===>> 0.0
GetProcessValue ===>> 24.0
response t=812.904591084, out=0, setpoint=0, response=24.0
GetPercentOutput ===>> 0.0
GetSetpoint ===>> 0.0
GetProcessValue ===>> 24.0
response t=814.907540083, out=0, setpoint=0, response=24.0
GetPercentOutput ===>> 0.0
GetSetpoint ===>> 0.0
GetProcessValue ===>> 24.0
response t=816.911046982, out=0, setpoint=0, response=24.0
GetPercentOutput ===>> 0.0
GetSetpoint ===>> 0.0
GetProcessValue ===>> 24.0
response t=818.913634062, out=0, setpoint=0, response=24.0
GetPercentOutput ===>> 0.0
GetSetpoint ===>> 0.0
GetProcessValue ===>> 24.0
response t=820.914659977, out=0, setpoint=0, response=24.0
Join finished
block finished. duration 30.1074841022
close ('J',) {}
close name=J desc=---
checking ownership. requestor=129.138.12.137
check software interlocks J
interlocks []
actuate state mode=None-script, software_lock=False
doing actuation None-script close_channel True
Close J ===>> OK
GetIndicatorState J ===>> False
change switch state (True, True)
update switch state J False args=() kw={} ncanvase=5
10:01:16 -- CLOSE  VALVE-J (Bone to APIS)
-------------------------- close J () result=[(True, True)]
action=close, ok=True, locked=[False]
open ('FC',) {}
open name=FC desc=---
checking ownership. requestor=129.138.12.137
check software interlocks FC
interlocks []
actuate state mode=None-script, software_lock=False
doing actuation None-script open_channel True
GetPercentOutput ===>> 0.0
GetSetpoint ===>> 0.0
GetProcessValue ===>> 24.0
response t=822.917776108, out=0, setpoint=0, response=24.0
Open FC ===>> OK
set states for children of FC. state=True
handle state [('FC', True)]
update switch state FC True args=() kw={'refresh': False} ncanvase=5
GetIndicatorState FC ===>> OK
change switch state (True, True)
update switch state FC True args=() kw={} ncanvase=5
refresh_canvas_needed fired
10:01:17 -- OPEN   VALVE-FC (Furnace Turbo)
-------------------------- open FC () result=[(True, True)]
action=open, ok=True, locked=[False]
sleep (30.0,) {}
SLEEP 30.0
block started
WaitControl setup for 30.0  
GetPercentOutput ===>> 0.0
GetSetpoint ===>> 0.0
GetProcessValue ===>> 24.0
response t=824.920571089, out=0, setpoint=0, response=24.0
GetPercentOutput ===>> 0.0
GetSetpoint ===>> 0.0
GetProcessValue ===>> 24.0
response t=826.924628973, out=0, setpoint=0, response=24.0
GetPercentOutput ===>> 0.0
GetSetpoint ===>> 0.0
GetProcessValue ===>> 24.0
response t=828.927821159, out=0, setpoint=0, response=24.0
GetPercentOutput ===>> 0.0
GetSetpoint ===>> 0.0
GetProcessValue ===>> 24.0
response t=830.930363178, out=0, setpoint=0, response=24.0
GetPercentOutput ===>> 0.0
GetSetpoint ===>> 0.0
GetProcessValue ===>> 24.0
response t=832.931883097, out=0, setpoint=0, response=24.0
GetPercentOutput ===>> 0.0
GetSetpoint ===>> 0.0
GetProcessValue ===>> 24.0
response t=834.93533206, out=0, setpoint=0, response=24.0
GetPercentOutput ===>> 0.0
GetSetpoint ===>> 0.0
GetProcessValue ===>> 24.0
response t=836.935911179, out=0, setpoint=0, response=24.0
GetPercentOutput ===>> 0.0
GetSetpoint ===>> 0.0
GetProcessValue ===>> 24.0
response t=838.937551975, out=0, setpoint=0, response=24.0
GetPercentOutput ===>> 0.0
GetSetpoint ===>> 0.0
GetProcessValue ===>> 24.0
response t=840.940492153, out=0, setpoint=0, response=24.0
GetPercentOutput ===>> 0.0
GetSetpoint ===>> 0.0
GetProcessValue ===>> 24.0
response t=842.94411397, out=0, setpoint=0, response=24.0
GetPercentOutput ===>> 0.0
GetSetpoint ===>> 0.0
GetProcessValue ===>> 24.0
response t=844.946439028, out=0, setpoint=0, response=24.0
GetPercentOutput ===>> 0.0
GetSetpoint ===>> 0.0
GetProcessValue ===>> 24.0
response t=846.950345993, out=0, setpoint=0, response=24.0
GetPercentOutput ===>> 0.0
GetSetpoint ===>> 0.0
GetProcessValue ===>> 24.0
response t=848.949532032, out=0, setpoint=0, response=24.0
GetPercentOutput ===>> 0.0
GetSetpoint ===>> 0.0
GetProcessValue ===>> 24.0
response t=850.952306032, out=0, setpoint=0, response=24.0
GetPercentOutput ===>> 0.0
GetSetpoint ===>> 0.0
GetProcessValue ===>> 24.0
response t=852.952560186, out=0, setpoint=0, response=24.0
Join finished
block finished. duration 30.1009101868
stop_response_recorder () {}
stop response recorder
executed snippet estimated_duration=2526.0, duration=853.653115988
felix_furnace.py completed successfully
get achieved output
Requested Output= 0.000
Achieved Output=  0.000
get response blob
get output blob
active pid =HO,10;XP,10;TI,48;TD,8
persistence save...
persistence save - db
AutomatedRunPersister post_extraction_save deprecated
persistence save - dvc
no extraction position for 
Extraction Finished
10:01:48 -- ******* Extraction Finished *******
no overlap. not waiting for min ms pumptime
10:01:48 -- Sending spectrometer configuration
======== Sending configuration ========
SetZFocus 1.65 ===>> OK
SetHV 9900.0 ===>> OK
SetZSymmetry 3.35 ===>> OK
SetExtractionLens 63.57 ===>> OK
SetIonRepeller -5.15 ===>> OK
SetElectronEnergy 125.02 ===>> OK
SetYSymmetry 38.07 ===>> OK
send trap current 250.0
GetParameter Trap Current Readback ===>> 248.606848562534
SetParameter Trap Current Set,250.0 ===>> OK
updating mftable name argon
Using mftable located at /Users/obama/PychronDev/setupfiles/spectrometer/mftables/argon.csv
============ MFtable ===========
Isotope  H2     H1     AX     L1     L2     L2(CDD)
Ar40     3.7651 3.8402 3.9184 3.9997 4.1076 4.0932
Ar39     3.6907 3.6475 3.8414 3.9242 4.0270 4.0122
Ar36     3.4643 3.4167 3.6059 3.6817 3.7906 3.7661
================================
get initial guess parabolic
get initial guess parabolic
get initial guess parabolic
get initial guess parabolic
get initial guess parabolic
get initial guess parabolic
======== Configuration Finished ========
GetYSymmetry ===>> 38.07
GetZSymmetry ===>> 3.35
GetParameter Trap Current Readback ===>> 247.823658670573
GetHighVoltage ===>> 9900
start measurement
do measurement
L#=bu-NF-F analysis type=blank_unknown
Measurement Started felix_analysis400_120.py
10:01:48 -- ******* Measurement Started felix_analysis400_120.py *******
state changed from extraction to measurement
setting trap, emission, spec, defl, and gains
GetExtractionLens ===>> 63.57
GetYSymmetry ===>> 38.07
GetZSymmetry ===>> 3.35
GetZFocus ===>> 1.65
GetDeflection H2 (CDD) ===>> 3250
GetDeflection H1 (CDD) ===>> 3250
GetDeflection AX (CDD) ===>> 3250
GetDeflection L1 (CDD) ===>> 3250
GetDeflection L2 (CDD) ===>> 0
GetGain H2 ===>> 0.9809305
GetGain H1 ===>> 0.96569
GetGain AX ===>> 0.9535
GetGain L1 ===>> 0.970094835296087
GetGain L2 ===>> 0.967359864778375
GetGain H2(CDD) ===>> 0
GetGain H1(CDD) ===>> 0
GetGain AX(CDD) ===>> 0
GetGain L1(CDD) ===>> 0
GetGain L2(CDD) ===>> 0
GetParameter Trap Current Readback ===>> 247.823658670573
GetParameter Source Current Readback ===>> 891.333150216688
pre measurement save
New frame /Users/obama/PychronDev/data/isotopes/cd/128291-357b-4928-9fec-eb7b12c99dbe.h5
flush and close file /Users/obama/PychronDev/data/isotopes/cd/128291-357b-4928-9fec-eb7b12c99dbe.h5
testing...
no interpolation path defined
executed snippet estimated_duration=655.442112, duration=0.000285863876343
unknown measurement script
activate_detectors ('H2', 'H1', 'AX', 'L1', 'L2(CDD)') {}
activate detectors
*************** Set Analysis View Ar/Ar
create graphs
clearing graphs
clear isotope group
setting isotope det=H2, iso=Ar40
setting isotope det=H1, iso=Ar39
setting isotope det=AX, iso=Ar38
setting isotope det=L1, iso=Ar37
setting isotope det=L2(CDD), iso=Ar36
load analysis view
position_magnet ('Ar40',) {'detector': 'H2'}
detector Detector(H2)
POSITION Ar40 H2
setting detector H2 to Ar40 (39.9624)
setting detector H1 to Ar39 (38.8624)
setting detector AX to Ar38 (37.9624)
setting detector L1 to Ar37 (36.9624)
setting detector L2 to Ar36 (35.8624)
setting detector H2(CDD) to Ar40 (39.8624)
setting detector H1(CDD) to Ar39 (38.8624)
setting detector AX(CDD) to Ar38 (37.8624)
setting detector L1(CDD) to Ar37 (36.8624)
setting detector L2(CDD) to Ar36 (35.9624)
Mapping mass to dac mass func: "parabolic"
H2 map mass coeffs = [ -2.56720193e-04   9.47812314e-02   3.87384975e-01]
H2 map mass to dac 39.9624 >> 3.76509
GetHighVoltage ===>> 9900
positioning Ar40 (3.76509) on H2
setting magnet DAC
current  : 3.765086
requested: 3.765090
Delta Dac: 0.000004
Checking detector protection. dv=0.00000
SetMagnetDAC 3.76509 ===>> OK
Magnet settling time: 0.500 0.500
Magnet settling complete
set_dac. change=True
equilibrate () {'delay': 3, 'inlet': 'H', 'outlet': 'V', 'eqtime': 30.0}
Equilibration Started
10:01:49 -- ******* Equilibration Started *******
checking ownership. requestor=129.138.12.137
check software interlocks V
interlocks []
actuate state mode=None-script, software_lock=False
doing actuation None-script close_channel True
Close V ===>> OK
GetIndicatorState V ===>> False
change switch state (True, True)
update switch state V False args=() kw={} ncanvase=5
10:01:49 -- CLOSE  VALVE-V (Felix Ion Pump)
waiting 3s before opening inlet value ('H',)
update labels <pychron.experiment.plot_panel.PlotPanel object at 0x1d26d37d0>
update labels "<pychron.graph.stacked_regression_graph.StackedRegressionGraph object at 0x1da874770>"
setting label 0 H2 Ar40
setting label 1 H1 Ar39
setting label 2 AX Ar38
setting label 3 L1 Ar37
setting label 4 L2(CDD) Ar36
update labels "<pychron.graph.stacked_graph.StackedGraph object at 0x1d04d05f0>"
setting label 0 H2 Ar40
setting label 1 H1 Ar39
setting label 2 AX Ar38
setting label 3 L1 Ar37
setting label 4 L2(CDD) Ar36
checking ownership. requestor=129.138.12.137
check software interlocks H
interlocks []
actuate state mode=None-script, software_lock=False
doing actuation None-script open_channel True
Open H ===>> OK
GetIndicatorState H ===>> OK
change switch state (True, True)
update switch state H True args=() kw={} ncanvase=5
10:01:53 -- OPEN   VALVE-H (Felix Inlet)
set_time_zero () {}
sniff (30.0,) {}
py_sniff
equilibrating for 30.0sec
build tables- sniff [Detector(H2), Detector(H1), Detector(AX), Detector(L1), Detector(L2(CDD))]
add group /sniff/Ar40 (Group) u'' table H2
add group /sniff/Ar39 (Group) u'' table H1
add group /sniff/Ar38 (Group) u'' table AX
add group /sniff/Ar37 (Group) u'' table L1
add group /sniff/Ar36 (Group) u'' table L2(CDD)
flush and close file /Users/obama/PychronDev/data/isotopes/cd/128291-357b-4928-9fec-eb7b12c99dbe.h5
measuring sniff. ncounts=30.0
starting measurement
"sniff" increment series count="1" fit count="0" regressing="False"
10:02:19 -- collecting point 25
Equilibration Finished
10:02:23 -- ******* Equilibration Finished *******
checking ownership. requestor=129.138.12.137
check software interlocks H
interlocks []
actuate state mode=None-script, software_lock=False
doing actuation None-script close_channel True
Close H ===>> OK
GetIndicatorState H ===>> False
change switch state (True, True)
update switch state H False args=() kw={} ncanvase=5
10:02:23 -- CLOSE  VALVE-H (Felix Inlet)
Post Equilibration Started felix_pump_extraction_line.py
10:02:23 -- ******* Post Equilibration Started felix_pump_extraction_line.py *******
testing...
no interpolation path defined
calculate duration
testing...
no interpolation path defined
executed snippet estimated_duration=4.0, duration=0.000291109085083
executed snippet estimated_duration=4.0, duration=0.0144379138947
Pump after analysis
doing GOSUB
testing...
no interpolation path defined
executed snippet estimated_duration=4.0, duration=0.00025200843811
Pump Bone
close () {'description': 'Felix Inlet'}
close name=--- desc=Felix Inlet
checking ownership. requestor=129.138.12.137
check software interlocks H
interlocks []
actuate state mode=None-script, software_lock=False
doing actuation None-script close_channel False
Close H ===>> OK
GetIndicatorState H ===>> False
change switch state (True, True)
update switch state H False args=() kw={} ncanvase=5
10:02:23 -- CLOSE  VALVE-H (Felix Inlet)
-------------------------- close None (Felix Inlet) result=[(True, True)]
action=close, ok=True, locked=[False]
is_closed ('A',) {}
is A () closed?
is closed False
close () {'description': 'CO2 Laser to Bone'}
close name=--- desc=CO2 Laser to Bone
checking ownership. requestor=129.138.12.137
check software interlocks F
interlocks []
actuate state mode=None-script, software_lock=True
VALVE-F(CO2 Laser to Bone) software locked
change switch state (True, False)
-------------------------- close None (CO2 Laser to Bone) result=[(True, False)]
action=close, ok=True, locked=[True]
sleep (1,) {}
SLEEP 1.0
waiting for write to finish
measurement finished
estimated time: 31.457 actual time: :31.628
flush and close file /Users/obama/PychronDev/data/isotopes/cd/128291-357b-4928-9fec-eb7b12c99dbe.h5
set_fits () {}
close () {'description': 'CO2 Laser to Roughing'}
using default fits file=/Users/obama/PychronDev/scripts/measurement/fits/nominal.yaml
close name=--- desc=CO2 Laser to Roughing
checking ownership. requestor=129.138.12.137
check software interlocks G
interlocks []
actuate state mode=None-script, software_lock=True
VALVE-G(CO2 Laser to Roughing) software locked
change switch state (True, False)
-------------------------- close None (CO2 Laser to Roughing) result=[(True, False)]
action=close, ok=True, locked=[True]
open () {'description': 'Bone to Turbo'}
open name=--- desc=Bone to Turbo
checking ownership. requestor=129.138.12.137
check software interlocks C
interlocks []
actuate state mode=None-script, software_lock=False
doing actuation None-script open_channel True
set "Ar40" to "('Parabolic', 'SEM')"
set "Ar36" to "('Parabolic', 'SEM')"
set "Ar37" to "('linear', 'SEM')"
set "Ar38" to "('linear', 'SEM')"
set "Ar39" to "('Parabolic', 'SEM')"
set_baseline_fits () {}
using default fits file=/Users/obama/PychronDev/scripts/measurement/fits/nominal.yaml
Open C ===>> OK
set "H2" to "('average', 'SEM')"
set "L2(CDD)" to "('average', 'SEM')"
set "L1" to "('average', 'SEM')"
set "AX" to "('average', 'SEM')"
set "H1" to "('average', 'SEM')"
multicollect () {'integration_time': 1.048576, 'ncounts': 400}
build tables- signal [Detector(H2), Detector(H1), Detector(AX), Detector(L1), Detector(L2(CDD))]
add group /signal/Ar40 (Group) u'' table H2
add group /signal/Ar39 (Group) u'' table H1
add group /signal/Ar38 (Group) u'' table AX
add group /signal/Ar37 (Group) u'' table L1
add group /signal/Ar36 (Group) u'' table L2(CDD)
flush and close file /Users/obama/PychronDev/data/isotopes/cd/128291-357b-4928-9fec-eb7b12c99dbe.h5
GetIndicatorState C ===>> OK
change switch state (True, True)
update switch state C True args=() kw={} ncanvase=5
measuring signal. ncounts=400
10:02:25 -- OPEN   VALVE-C (Bone to Turbo)
-------------------------- open None (Bone to Turbo) result=[(True, True)]
action=open, ok=True, locked=[False]
open () {'description': 'Bone to Getter GP-50'}
open name=--- desc=Bone to Getter GP-50
checking ownership. requestor=129.138.12.137
check software interlocks N
interlocks []
actuate state mode=None-script, software_lock=False
doing actuation None-script open_channel False
Open N ===>> OK
GetIndicatorState N ===>> OK
change switch state (True, True)
update switch state N True args=() kw={} ncanvase=5
10:02:26 -- OPEN   VALVE-N (Bone to Getter GP-50)
-------------------------- open None (Bone to Getter GP-50) result=[(True, True)]
starting measurement
"signal" increment series count="2" fit count="1" regressing="True"
action=open, ok=True, locked=[False]
open () {'description': 'Bone to Diode Laser'}
open name=--- desc=Bone to Diode Laser
checking ownership. requestor=129.138.12.137
check software interlocks B
interlocks []
actuate state mode=None-script, software_lock=False
doing actuation None-script open_channel True
Open B ===>> OK
GetIndicatorState B ===>> OK
change switch state (True, True)
update switch state B True args=() kw={} ncanvase=5
10:02:26 -- OPEN   VALVE-B (Bone to Diode Laser)
-------------------------- open None (Bone to Diode Laser) result=[(True, True)]
action=open, ok=True, locked=[False]
open () {'description': 'Bone to CO2 Laser'}
open name=--- desc=Bone to CO2 Laser
checking ownership. requestor=129.138.12.137
check software interlocks D
interlocks []
actuate state mode=None-script, software_lock=False
doing actuation None-script open_channel False
Open D ===>> OK
GetIndicatorState D ===>> OK
change switch state (True, True)
update switch state D True args=() kw={} ncanvase=5
10:02:27 -- OPEN   VALVE-D (Bone to CO2 Laser)
-------------------------- open None (Bone to CO2 Laser) result=[(True, True)]
action=open, ok=True, locked=[False]
sleep (1,) {}
SLEEP 1.0
set_resource () {'name': 'CO2PumpTimeFlag', 'value': 30}
Set CO2PumpTimeFlag 30 ===>> OK
release ('FelixCO2Flag',) {}
release FelixCO2Flag
Set FelixCO2Flag 0 ===>> OK
executed snippet estimated_duration=6.0, duration=4.67675304413
PumpBone.py completed successfully
gosub finished
get_resource_value () {'name': 'FelixMiniboneFlag'}
Read FelixMiniboneFlag ===>> 0
Get Resource Value FelixMiniboneFlag=0.0
executed snippet estimated_duration=4.0, duration=4.68542098999
felix_pump_extraction_line.py completed successfully
Post Equilibration Finished
10:02:28 -- ******* Post Equilibration Finished *******
GetDeflection L2 (CDD) ===>> 0
testing L2_CDD_==3250
evaluate ot="L2(CDD).deflection==3250" t="L2_CDD_==3250", ctx="{'L2_CDD_': 0.0}"
GetDeflection L2 (CDD) ===>> 0
testing L2_CDD_==3250
evaluate ot="L2(CDD).deflection==3250" t="L2_CDD_==3250", ctx="{'L2_CDD_': 0.0}"
10:02:51 -- collecting point 25
GetDeflection L2 (CDD) ===>> 0
testing L2_CDD_==3250
evaluate ot="L2(CDD).deflection==3250" t="L2_CDD_==3250", ctx="{'L2_CDD_': 0.0}"
GetDeflection L2 (CDD) ===>> 0
testing L2_CDD_==3250
evaluate ot="L2(CDD).deflection==3250" t="L2_CDD_==3250", ctx="{'L2_CDD_': 0.0}"
10:03:17 -- collecting point 50
GetDeflection L2 (CDD) ===>> 0
testing L2_CDD_==3250
evaluate ot="L2(CDD).deflection==3250" t="L2_CDD_==3250", ctx="{'L2_CDD_': 0.0}"
GetDeflection L2 (CDD) ===>> 0
testing L2_CDD_==3250
evaluate ot="L2(CDD).deflection==3250" t="L2_CDD_==3250", ctx="{'L2_CDD_': 0.0}"
GetDeflection L2 (CDD) ===>> 0
testing L2_CDD_==3250
evaluate ot="L2(CDD).deflection==3250" t="L2_CDD_==3250", ctx="{'L2_CDD_': 0.0}"
10:03:44 -- collecting point 75
GetDeflection L2 (CDD) ===>> 0
testing L2_CDD_==3250
evaluate ot="L2(CDD).deflection==3250" t="L2_CDD_==3250", ctx="{'L2_CDD_': 0.0}"
GetDeflection L2 (CDD) ===>> 0
testing L2_CDD_==3250
evaluate ot="L2(CDD).deflection==3250" t="L2_CDD_==3250", ctx="{'L2_CDD_': 0.0}"
10:04:10 -- collecting point 100
GetDeflection L2 (CDD) ===>> 0
testing L2_CDD_==3250
evaluate ot="L2(CDD).deflection==3250" t="L2_CDD_==3250", ctx="{'L2_CDD_': 0.0}"
GetDeflection L2 (CDD) ===>> 0
testing L2_CDD_==3250
evaluate ot="L2(CDD).deflection==3250" t="L2_CDD_==3250", ctx="{'L2_CDD_': 0.0}"
GetDeflection L2 (CDD) ===>> 0
testing L2_CDD_==3250
evaluate ot="L2(CDD).deflection==3250" t="L2_CDD_==3250", ctx="{'L2_CDD_': 0.0}"
10:04:36 -- collecting point 125
GetDeflection L2 (CDD) ===>> 0
testing L2_CDD_==3250
evaluate ot="L2(CDD).deflection==3250" t="L2_CDD_==3250", ctx="{'L2_CDD_': 0.0}"
GetDeflection L2 (CDD) ===>> 0
testing L2_CDD_==3250
evaluate ot="L2(CDD).deflection==3250" t="L2_CDD_==3250", ctx="{'L2_CDD_': 0.0}"
10:05:02 -- collecting point 150
GetDeflection L2 (CDD) ===>> 0
testing L2_CDD_==3250
evaluate ot="L2(CDD).deflection==3250" t="L2_CDD_==3250", ctx="{'L2_CDD_': 0.0}"
GetDeflection L2 (CDD) ===>> 0
testing L2_CDD_==3250
evaluate ot="L2(CDD).deflection==3250" t="L2_CDD_==3250", ctx="{'L2_CDD_': 0.0}"
GetDeflection L2 (CDD) ===>> 0
testing L2_CDD_==3250
evaluate ot="L2(CDD).deflection==3250" t="L2_CDD_==3250", ctx="{'L2_CDD_': 0.0}"
10:05:29 -- collecting point 175
GetDeflection L2 (CDD) ===>> 0
testing L2_CDD_==3250
evaluate ot="L2(CDD).deflection==3250" t="L2_CDD_==3250", ctx="{'L2_CDD_': 0.0}"
GetDeflection L2 (CDD) ===>> 0
testing L2_CDD_==3250
evaluate ot="L2(CDD).deflection==3250" t="L2_CDD_==3250", ctx="{'L2_CDD_': 0.0}"
10:05:55 -- collecting point 200
GetDeflection L2 (CDD) ===>> 0
testing L2_CDD_==3250
evaluate ot="L2(CDD).deflection==3250" t="L2_CDD_==3250", ctx="{'L2_CDD_': 0.0}"
GetDeflection L2 (CDD) ===>> 0
testing L2_CDD_==3250
evaluate ot="L2(CDD).deflection==3250" t="L2_CDD_==3250", ctx="{'L2_CDD_': 0.0}"
GetDeflection L2 (CDD) ===>> 0
testing L2_CDD_==3250
evaluate ot="L2(CDD).deflection==3250" t="L2_CDD_==3250", ctx="{'L2_CDD_': 0.0}"
10:06:21 -- collecting point 225
GetDeflection L2 (CDD) ===>> 0
testing L2_CDD_==3250
evaluate ot="L2(CDD).deflection==3250" t="L2_CDD_==3250", ctx="{'L2_CDD_': 0.0}"
GetDeflection L2 (CDD) ===>> 0
testing L2_CDD_==3250
evaluate ot="L2(CDD).deflection==3250" t="L2_CDD_==3250", ctx="{'L2_CDD_': 0.0}"
10:06:48 -- collecting point 250
GetDeflection L2 (CDD) ===>> 0
testing L2_CDD_==3250
evaluate ot="L2(CDD).deflection==3250" t="L2_CDD_==3250", ctx="{'L2_CDD_': 0.0}"
GetDeflection L2 (CDD) ===>> 0
testing L2_CDD_==3250
evaluate ot="L2(CDD).deflection==3250" t="L2_CDD_==3250", ctx="{'L2_CDD_': 0.0}"
GetDeflection L2 (CDD) ===>> 0
testing L2_CDD_==3250
evaluate ot="L2(CDD).deflection==3250" t="L2_CDD_==3250", ctx="{'L2_CDD_': 0.0}"
10:07:14 -- collecting point 275
GetDeflection L2 (CDD) ===>> 0
testing L2_CDD_==3250
evaluate ot="L2(CDD).deflection==3250" t="L2_CDD_==3250", ctx="{'L2_CDD_': 0.0}"
GetDeflection L2 (CDD) ===>> 0
testing L2_CDD_==3250
evaluate ot="L2(CDD).deflection==3250" t="L2_CDD_==3250", ctx="{'L2_CDD_': 0.0}"
10:07:40 -- collecting point 300
GetDeflection L2 (CDD) ===>> 0
testing L2_CDD_==3250
evaluate ot="L2(CDD).deflection==3250" t="L2_CDD_==3250", ctx="{'L2_CDD_': 0.0}"
GetDeflection L2 (CDD) ===>> 0
testing L2_CDD_==3250
evaluate ot="L2(CDD).deflection==3250" t="L2_CDD_==3250", ctx="{'L2_CDD_': 0.0}"
GetDeflection L2 (CDD) ===>> 0
testing L2_CDD_==3250
evaluate ot="L2(CDD).deflection==3250" t="L2_CDD_==3250", ctx="{'L2_CDD_': 0.0}"
10:08:06 -- collecting point 325
GetDeflection L2 (CDD) ===>> 0
testing L2_CDD_==3250
evaluate ot="L2(CDD).deflection==3250" t="L2_CDD_==3250", ctx="{'L2_CDD_': 0.0}"
GetDeflection L2 (CDD) ===>> 0
testing L2_CDD_==3250
evaluate ot="L2(CDD).deflection==3250" t="L2_CDD_==3250", ctx="{'L2_CDD_': 0.0}"
10:08:33 -- collecting point 350
GetDeflection L2 (CDD) ===>> 0
testing L2_CDD_==3250
evaluate ot="L2(CDD).deflection==3250" t="L2_CDD_==3250", ctx="{'L2_CDD_': 0.0}"
GetDeflection L2 (CDD) ===>> 0
testing L2_CDD_==3250
evaluate ot="L2(CDD).deflection==3250" t="L2_CDD_==3250", ctx="{'L2_CDD_': 0.0}"
GetDeflection L2 (CDD) ===>> 0
testing L2_CDD_==3250
evaluate ot="L2(CDD).deflection==3250" t="L2_CDD_==3250", ctx="{'L2_CDD_': 0.0}"
10:08:59 -- collecting point 375
GetDeflection L2 (CDD) ===>> 0
testing L2_CDD_==3250
evaluate ot="L2(CDD).deflection==3250" t="L2_CDD_==3250", ctx="{'L2_CDD_': 0.0}"
GetDeflection L2 (CDD) ===>> 0
testing L2_CDD_==3250
evaluate ot="L2(CDD).deflection==3250" t="L2_CDD_==3250", ctx="{'L2_CDD_': 0.0}"
10:09:25 -- collecting point 400
waiting for write to finish
measurement finished
estimated time: 419.430 actual time: :420.515
flush and close file /Users/obama/PychronDev/data/isotopes/cd/128291-357b-4928-9fec-eb7b12c99dbe.h5
baselines () {'settling_time': 15.0, 'detector': 'H2', 'mass': 39.862, 'ncounts': 120}
%%%%%%%%%%%%%%%%%%%%%%%%%%%%%%%% Baseline
build tables- baseline [Detector(H2), Detector(H1), Detector(AX), Detector(L1), Detector(L2(CDD))]
add group baseline table H2
add group baseline table H1
add group baseline table AX
add group baseline table L1
add group baseline table L2(CDD)
flush and close file /Users/obama/PychronDev/data/isotopes/cd/128291-357b-4928-9fec-eb7b12c99dbe.h5
detector Detector(H2)
POSITION 39.862 H2
Mapping mass to dac mass func: "parabolic"
H2 map mass coeffs = [ -2.56720193e-04   9.47812314e-02   3.87384975e-01]
H2 map mass to dac 39.862 >> 3.75763141492
GetHighVoltage ===>> 9900
positioning 39.862 (3.75763141492) on H2
setting magnet DAC
current  : 3.765090
requested: 3.757631
Delta Dac: 0.007459
Checking detector protection. dv=0.00746
SetMagnetDAC 3.75763141492 ===>> OK
Magnet settling time: 0.500 0.500
Magnet settling complete
set_dac. change=True
Delaying 15.0s for detectors to settle
Join finished
measuring baseline. ncounts=120
"baseline" increment series count="2" fit count="1" regressing="True"
starting measurement
GetDeflection L2 (CDD) ===>> 0
testing L2_CDD_==3250
evaluate ot="L2(CDD).deflection==3250" t="L2_CDD_==3250", ctx="{'L2_CDD_': 0.0}"
GetDeflection L2 (CDD) ===>> 0
testing L2_CDD_==3250
evaluate ot="L2(CDD).deflection==3250" t="L2_CDD_==3250", ctx="{'L2_CDD_': 0.0}"
10:10:08 -- collecting point 25
GetDeflection L2 (CDD) ===>> 0
testing L2_CDD_==3250
evaluate ot="L2(CDD).deflection==3250" t="L2_CDD_==3250", ctx="{'L2_CDD_': 0.0}"
GetDeflection L2 (CDD) ===>> 0
testing L2_CDD_==3250
evaluate ot="L2(CDD).deflection==3250" t="L2_CDD_==3250", ctx="{'L2_CDD_': 0.0}"
10:10:34 -- collecting point 50
GetDeflection L2 (CDD) ===>> 0
testing L2_CDD_==3250
evaluate ot="L2(CDD).deflection==3250" t="L2_CDD_==3250", ctx="{'L2_CDD_': 0.0}"
GetDeflection L2 (CDD) ===>> 0
testing L2_CDD_==3250
evaluate ot="L2(CDD).deflection==3250" t="L2_CDD_==3250", ctx="{'L2_CDD_': 0.0}"
GetDeflection L2 (CDD) ===>> 0
testing L2_CDD_==3250
evaluate ot="L2(CDD).deflection==3250" t="L2_CDD_==3250", ctx="{'L2_CDD_': 0.0}"
10:11:00 -- collecting point 75
GetDeflection L2 (CDD) ===>> 0
testing L2_CDD_==3250
evaluate ot="L2(CDD).deflection==3250" t="L2_CDD_==3250", ctx="{'L2_CDD_': 0.0}"
GetDeflection L2 (CDD) ===>> 0
testing L2_CDD_==3250
evaluate ot="L2(CDD).deflection==3250" t="L2_CDD_==3250", ctx="{'L2_CDD_': 0.0}"
10:11:27 -- collecting point 100
GetDeflection L2 (CDD) ===>> 0
testing L2_CDD_==3250
evaluate ot="L2(CDD).deflection==3250" t="L2_CDD_==3250", ctx="{'L2_CDD_': 0.0}"
GetDeflection L2 (CDD) ===>> 0
testing L2_CDD_==3250
evaluate ot="L2(CDD).deflection==3250" t="L2_CDD_==3250", ctx="{'L2_CDD_': 0.0}"
waiting for write to finish
measurement finished
estimated time: 125.829 actual time: :126.165
flush and close file /Users/obama/PychronDev/data/isotopes/cd/128291-357b-4928-9fec-eb7b12c99dbe.h5
activate_detectors ('H1', 'L2(CDD)') {'peak_center': True}
peak_center () {'detector': 'H2', 'integration_time': 1.048576, 'isotope': 'Ar40'}
peak center: mean=6.93296176746 threshold=100.0
Skipping peak center. intensities to small. 6.93296176746<100.0
finished measure script
executed snippet estimated_duration=655.442112, duration=600.546154976
felix_analysis400_120.py completed successfully
Measurement Finished
10:11:49 -- ******* Measurement Finished *******
Post Measurement Started felix_pump_ms.py
10:11:49 -- ******* Post Measurement Started felix_pump_ms.py *******
testing...
no interpolation path defined
executed snippet estimated_duration=0, duration=5.50746917725e-05
Pumping spectrometer
open () {'name': 'V'}
open name=V desc=---
checking ownership. requestor=129.138.12.137
check software interlocks V
interlocks []
actuate state mode=None-script, software_lock=False
doing actuation None-script open_channel True
Open V ===>> OK
GetIndicatorState V ===>> OK
change switch state (True, True)
update switch state V True args=() kw={} ncanvase=5
10:11:49 -- OPEN   VALVE-V (Felix Ion Pump)
-------------------------- open V () result=[(True, True)]
action=open, ok=True, locked=[False]
executed snippet estimated_duration=0, duration=0.550603866577
felix_pump_ms.py completed successfully
setting _ms_pumptime
Post Measurement Finished
10:11:49 -- ******* Post Measurement Finished *******
$$$$$$$$$$$$$$$$$$$$ state at run end measurement
state changed from measurement to success
post measurement save measured=True aborted=False
Set filtering
setting fod for Ar40= {'filter_outliers': True, 'std_devs': 2, 'iterations': 2}
setting fod for H2= {'filter_outliers': True, 'std_devs': 2, 'iterations': 1}
setting fod for Ar36= {'filter_outliers': True, 'std_devs': 2, 'iterations': 2}
setting fod for L2(CDD)= {'filter_outliers': True, 'std_devs': 2, 'iterations': 1}
setting fod for Ar37= {'filter_outliers': True, 'std_devs': 2, 'iterations': 2}
setting fod for L1= {'filter_outliers': True, 'std_devs': 2, 'iterations': 1}
setting fod for Ar38= {'filter_outliers': True, 'std_devs': 2, 'iterations': 2}
setting fod for AX= {'filter_outliers': True, 'std_devs': 2, 'iterations': 1}
setting fod for Ar39= {'filter_outliers': True, 'std_devs': 2, 'iterations': 2}
setting fod for H1= {'filter_outliers': True, 'std_devs': 2, 'iterations': 1}
LabspyClient not enabled. Could not retrieve enironmentals
persistence save...
persistence save - db
post measurement save
6460178064 connecting to database sqlite://@/
connected to db sqlite://@/
create new session 6460178064
close session 6460178064
No database instance. Not saving post measurement to isotopedb database
$$$$$$$$$$$$$$$ auto_save_detector_ic=False
massspec enabled True
create new session 4811227216
MassSpec Database Version: 16.0
close session 4811227216
saving post measurement to secondary database
saving to massspec database 129.138.12.160/massspecdata
setting labnumber to bu-NF-F
setting aliquot to 188
setting step to 
setting uuid to cd128291-357b-4928-9fec-eb7b12c99dbe
setting irradpos to bu-NF-F
setting extract_device to NMGRL Furnace
setting tray to 
setting position to 
setting power_requested to 0.0
setting extract_value to 0.0
setting duration to 720.0
setting duration_at_request to 720.0
setting first_stage_delay to 720.0
setting cleanup to 30.0
setting comment to 
setting irradiation to NoIrradiation
setting level to A
setting irradiation_level to A
setting sample to blank_unknown
setting material to Blank
setting project to REFERENCES
setting mass_spectrometer to Felix
no attribute chron_dosages
no attribute production_ratios
no attribute interference_corrections
no attribute production_name
no attribute j
Reference Isotope=Ar40
Reference Detector=H2
%%%%%%%%%%%%%%%%%%%% Comment:  %%%%%%%%%%%%%%%%%%%
adding isotope Ar40 H2
add baseline dbdet= Ar40. original det= H2
get baseline data Ar40 H2
Get data baseline <pychron.processing.isotope.Baseline object at 0x1e938f910> len t=120
baseline Ar40. v=-0.0237591182777, e=0.0103981930723
get signal data Ar40 H2
Get data signal Ar40 0.982+/-0.020 len t=400
adding isotope Ar39 H1
add baseline dbdet= Ar39. original det= H1
get baseline data Ar39 H1
Get data baseline <pychron.processing.isotope.Baseline object at 0x1e938fad0> len t=120
baseline Ar39. v=-0.0501216756396, e=0.011386096984
get signal data Ar39 H1
Get data signal Ar39 0.030+/-0.025 len t=400
adding isotope Ar38 AX
add baseline dbdet= Ar38. original det= AX
get baseline data Ar38 AX
Get data baseline <pychron.processing.isotope.Baseline object at 0x1e938fc90> len t=120
baseline Ar38. v=-0.149816015562, e=0.0102869957353
get signal data Ar38 AX
Get data signal Ar38 0.038+/-0.013 len t=400
adding isotope Ar37 L1
add baseline dbdet= Ar37. original det= L1
get baseline data Ar37 L1
Get data baseline <pychron.processing.isotope.Baseline object at 0x1e938fe50> len t=120
baseline Ar37. v=-0.462867326983, e=0.00977034322433
get signal data Ar37 L1
Get data signal Ar37 0.009+/-0.012 len t=400
adding isotope Ar36 L2(CDD)
add baseline dbdet= Ar36. original det= L2(CDD)
get baseline data Ar36 L2(CDD)
Get data baseline <pychron.processing.isotope.Baseline object at 0x1e939a050> len t=120
baseline Ar36. v=0.0, e=0.0
get signal data Ar36 L2(CDD)
Get data signal Ar36 0.00643+/-0.00024 len t=400
bu-NF-F-188 added analysis time 0.721213102341s
analysis added to mass spec database
mass spec save time= 0.762
persistence save - dvc
================= post measurement started
create new session 4699389200
close session 4699389200
---------------- Experiment Queue saving disabled
DVC saving peakcenter
Smart pull ahead: 0 behind: 0
Up-to-date with origin
add to repo msg=modified - 44c6f8761147de90179e8a3952e48831c78a9a46.json
add to repo msg=modified - -F-188.json
add to repo msg=modified - -F-188.dat.json
add to repo msg=modified - -F-188.blan.json
add to repo msg=modified - -F-188.inte.json
add to repo msg=modified - -F-188.icfa.json
add to repo msg=modified - -F-188.base.json
not at valid file /Users/obama/PychronDev/data/.dvc/repositories/Felix_blank170/bu-NF/tags/-F-188.tags.json
add to repo msg=modified - -F-188.peak.json
add to repo msg=modified - -F-188.extr.json
not at valid file /Users/obama/PychronDev/data/.dvc/repositories/Felix_blank170/bu-NF/monitor/-F-188.moni.json
commit message=<COLLECTION>
add to repo msg=modified - -F-188.inte.json
add to repo msg=modified - -F-188.base.json
commit message=<ISOEVO> default collection fits
add to repo msg=modified - -F-188.blan.json
commit message=<BLANKS> preceding ba-01-F-796
add to repo msg=modified - -F-188.icfa.json
commit message=<ICFactor> default
push repository <pychron.git_archive.repo_manager.GitRepoManager object at 0x1d26d3b30>
pushing to remote=origin, url=https://github.com
no changes to meta repo
create new session 4699389200
add association Felix_blank170
get identifier "bu-NF-F"
setting analysis irradiation position=<pychron.dvc.dvc_orm.IrradiationPositionTbl object at 0x1f5c0add0>
close session 4699389200
================= post measurement finished
10:12:05 -- ******* Post Run Check *******
loading queue conditionals post_run_actions
queue conditionals path /Users/obama/PychronDev/queue_conditionals/normal.yaml
loading conditionals from /Users/obama/PychronDev/queue_conditionals/normal.yaml
loading system conditionals post_run_actions
loading conditionals from /Users/obama/PychronDev/setupfiles/spectrometer/default_conditionals.yaml
loading queue conditionals post_run_terminations
queue conditionals path /Users/obama/PychronDev/queue_conditionals/normal.yaml
loading conditionals from /Users/obama/PychronDev/queue_conditionals/normal.yaml
loading system conditionals post_run_terminations
loading conditionals from /Users/obama/PychronDev/setupfiles/spectrometer/default_conditionals.yaml
Checking default post run terminations n=1
GetDeflection L2 (CDD) ===>> 0
testing L2_CDD_==3250
evaluate ot="L2(CDD).deflection==3250" t="L2_CDD_==3250", ctx="{'L2_CDD_': 0.0}"
10:12:05 -- ******* Post Run Check Passed *******
10:12:05 -- Automated run bu-NF-F-188 success duration: 1481.033 s
----------------- finish -----------------
----------------- stop -----------------
retroactive repository identifiers disabled
finish run. runs completed=43
update duration runid=bu-NF-F-188, duration=1481.03287005, md5=baa265ee
write rem/ex queues
/Users/obama/PychronDev/experiments/rem/LoadFurnace.rem.txt
/Users/obama/PychronDev/experiments/rem/LoadFurnace.ex.txt
doing event level: 3
