do run
loading script "felix_analysis400_120.py"
loading script "felix_pump_ms.py"
loading script "felix_furnace.py"
loading script "felix_pump_extraction_line.py"
testing...
no interpolation path defined
executed snippet estimated_duration=624.242112, duration=0.000328063964844
script duration name:analysis400_120 seconds:624.0
loading script "felix_analysis400_120.py"
loading script "felix_pump_ms.py"
loading script "felix_furnace.py"
loading script "felix_pump_extraction_line.py"
testing...
no interpolation path defined
executed snippet estimated_duration=0, duration=2.59876251221e-05
loading script "felix_analysis400_120.py"
loading script "felix_pump_ms.py"
loading script "felix_furnace.py"
loading script "felix_pump_extraction_line.py"
testing...
no interpolation path defined
executed snippet estimated_duration=184.0, duration=0.000668048858643
script duration name:furnace seconds:184.0
loading script "felix_analysis400_120.py"
loading script "felix_pump_ms.py"
loading script "felix_furnace.py"
loading script "felix_pump_extraction_line.py"
testing...
no interpolation path defined
calculate duration
testing...
no interpolation path defined
executed snippet estimated_duration=4.0, duration=0.00025486946106
executed snippet estimated_duration=4.0, duration=0.00172901153564
Script duration 808.0
Run total estimated duration= 809.000
run duration: 0:13:29
doing event level: 2
16:54:04 -- Setting default integration. t=1.048576
setting integration time = 1.048576
SetIntegrationTime 1.048576 ===>> OK
----------------- start -----------------
**************** Experiment Type: Ar/Ar, Ar/Ar
close session 4693116592
$$$$$ Clearing conditionals
adding conditionals 
Add queue conditionals
add default conditionals
adding default conditionals from /Users/obama/PychronDev/setupfiles/spectrometer/default_conditionals.yaml
Start automated run bu-NF-F-166
loading script "felix_analysis400_120.py"
loading script "felix_pump_ms.py"
loading script "felix_furnace.py"
loading script "felix_pump_extraction_line.py"
%%%%%%%%%%%%%%%%%% setting automated run bu-NF-F-166
No value "sensitivity_multiplier" in metadata
$$$$$$$$$$$$$$$ auto_save_detector_ic=False
============================= Pre Extraction Check =============================
loading queue conditionals pre_run_terminations
loading system conditionals pre_run_terminations
loading conditionals from /Users/obama/PychronDev/setupfiles/spectrometer/default_conditionals.yaml
16:54:04 -- ******* Pre Extraction Check *******
Get a measurement from the spectrometer
GetData ===>> L2(CDD),0,H2,0.0167172921877462,H1,0.0325233003374569,AX,-0.168176328530624,L1,-0.336807120111843...
Pre Extraction Termination data. keys=L2(CDD),H2,H1,AX,L1,L2, signals=0.00000,0.01672,0.03252,-0.16818,-0.33681,-0.24078
16:54:04 -- testing system defined conditionals
Checking default pre extraction terminations n=2
testing L2_CDD_
evaluate ot="L2(CDD).inactive" t="L2_CDD_", ctx="{'L2_CDD_': False}"
GetDeflection L2 (CDD) ===>> 0
testing L2_CDD_==3250
evaluate ot="L2(CDD).deflection==3250" t="L2_CDD_==3250", ctx="{'L2_CDD_': 0.0}"
16:54:04 -- ******* Pre Extraction Check Passed *******
=================================================================================
16:54:04 -- stopping status monitor
stop 4764276112
Status monitor stopped
Status monitor finished
16:54:05 -- starting status monitor
start 4764276112
StatusMonitor period=1. Frequencies(state=1, checksum=3, lock=5, owner=5)
start extraction
do extraction
Analysis started at 16:54:07.289350
Extraction Started felix_furnace.py
16:54:07 -- ******* Extraction Started felix_furnace.py *******
state changed from not run to extraction
DO EXTRACTION <pychron.extraction_line.pyscript_runner.RemotePyScriptRunner object at 0x11a2990b0>
testing...
no interpolation path defined
executed snippet estimated_duration=184.0, duration=0.000411987304688
start_response_recorder () {}
start response recorder
Felix unknown furnace analysis
close ('F',) {}
closing name=F desc=---
checking ownership. requestor=129.138.12.137
check software interlocks F
interlocks []
actuate state mode=None-script, software_lock=True
VALVE-F(CO2 Laser to Bone) software locked
change switch state (True, False)
---------------------------------------- close F () result=[(True, False)]
action=close, ok=True, locked=[True]
open ('D',) {}
opening name=D desc=---
checking ownership. requestor=129.138.12.137
check software interlocks D
interlocks []
actuate state mode=None-script, software_lock=False
doing actuation None-script open_channel False
GetPercentOutput ===>> 0.0
Open D ===>> OK
GetSetpoint ===>> 0.0
GetIndicatorState D ===>> OK
GetProcessValue ===>> 22.0
change switch state (True, True)
response t=0.00192403793335, out=0, setpoint=0, response=22.0
update switch state D True args=() kw={} ncanvase=5
16:54:07 -- OPEN   VALVE-D (Bone to CO2 Laser)
---------------------------------------- open D () result=[(True, True)], time=0.20 sec
action=open, ok=True, locked=[False]
close ('J',) {}
closing name=J desc=---
checking ownership. requestor=129.138.12.137
check software interlocks J
interlocks []
actuate state mode=None-script, software_lock=False
doing actuation None-script close_channel False
Close J ===>> OK
GetIndicatorState J ===>> False
change switch state (True, True)
update switch state J False args=() kw={} ncanvase=5
16:54:08 -- CLOSE  VALVE-J (Bone to APIS)
---------------------------------------- close J () result=[(True, True)]
action=close, ok=True, locked=[False]
close ('FC',) {}
closing name=FC desc=---
checking ownership. requestor=129.138.12.137
check software interlocks FC
interlocks []
actuate state mode=None-script, software_lock=False
doing actuation None-script close_channel True
GetPercentOutput ===>> 0.0
GetSetpoint ===>> 0.0
Close FC ===>> OK
set states for children of FC. state=False
handle state [('FC', False)]
update switch state FC False args=() kw={'refresh': False} ncanvase=5
GetProcessValue ===>> 22.0
response t=2.00369000435, out=0, setpoint=0, response=22.0
refresh_canvas_needed fired
GetIndicatorState FC ===>> False
change switch state (True, True)
update switch state FC False args=() kw={} ncanvase=5
16:54:09 -- CLOSE  VALVE-FC (Furnace Turbo)
---------------------------------------- close FC () result=[(True, True)]
action=close, ok=True, locked=[False]
open ('FH',) {}
opening name=FH desc=---
checking ownership. requestor=129.138.12.137
check software interlocks FH
interlocks []
actuate state mode=None-script, software_lock=False
doing actuation None-script open_channel False
Open FH ===>> OK
GetIndicatorState FH ===>> OK
change switch state (True, True)
update switch state FH True args=() kw={} ncanvase=5
16:54:10 -- OPEN   VALVE-FH (Furnace Isolation)
---------------------------------------- open FH () result=[(True, True)], time=1.14 sec
action=open, ok=True, locked=[False]
Blank Analyis. Not heating Furnace
sleep (0.0,) {}
SLEEP 0.0
sleep (60,) {}
SLEEP 60.0
block started
WaitControl setup for 60.0  
GetPercentOutput ===>> 0.0
GetSetpoint ===>> 0.0
GetProcessValue ===>> 22.0
response t=4.00357294083, out=0, setpoint=0, response=22.0
GetPercentOutput ===>> 0.0
GetSetpoint ===>> 0.0
GetProcessValue ===>> 22.0
response t=6.00454998016, out=0, setpoint=0, response=22.0
GetPercentOutput ===>> 0.0
GetSetpoint ===>> 0.0
GetProcessValue ===>> 22.0
response t=8.00379896164, out=0, setpoint=0, response=22.0
GetPercentOutput ===>> 0.0
GetSetpoint ===>> 0.0
GetProcessValue ===>> 22.0
response t=10.0038499832, out=0, setpoint=0, response=22.0
GetPercentOutput ===>> 0.0
GetSetpoint ===>> 0.0
GetProcessValue ===>> 22.0
response t=12.0052158833, out=0, setpoint=0, response=22.0
GetPercentOutput ===>> 0.0
GetSetpoint ===>> 0.0
GetProcessValue ===>> 22.0
response t=14.0085930824, out=0, setpoint=0, response=22.0
GetPercentOutput ===>> 0.0
GetSetpoint ===>> 0.0
GetProcessValue ===>> 22.0
response t=16.0118660927, out=0, setpoint=0, response=22.0
GetPercentOutput ===>> 0.0
GetSetpoint ===>> 0.0
GetProcessValue ===>> 22.0
response t=18.0136799812, out=0, setpoint=0, response=22.0
GetPercentOutput ===>> 0.0
GetSetpoint ===>> 0.0
GetProcessValue ===>> 22.0
response t=20.0139970779, out=0, setpoint=0, response=22.0
GetPercentOutput ===>> 0.0
GetSetpoint ===>> 0.0
GetProcessValue ===>> 22.0
response t=22.0141000748, out=0, setpoint=0, response=22.0
GetPercentOutput ===>> 0.0
GetSetpoint ===>> 0.0
GetProcessValue ===>> 22.0
response t=24.0144109726, out=0, setpoint=0, response=22.0
GetPercentOutput ===>> 0.0
GetSetpoint ===>> 0.0
GetProcessValue ===>> 22.0
response t=26.0182828903, out=0, setpoint=0, response=22.0
GetPercentOutput ===>> 0.0
GetSetpoint ===>> 0.0
GetProcessValue ===>> 22.0
response t=28.0174479485, out=0, setpoint=0, response=22.0
GetPercentOutput ===>> 0.0
GetSetpoint ===>> 0.0
GetProcessValue ===>> 22.0
response t=30.0202829838, out=0, setpoint=0, response=22.0
GetPercentOutput ===>> 0.0
GetSetpoint ===>> 0.0
GetProcessValue ===>> 22.0
response t=32.0206029415, out=0, setpoint=0, response=22.0
GetPercentOutput ===>> 0.0
GetSetpoint ===>> 0.0
GetProcessValue ===>> 22.0
response t=34.0236608982, out=0, setpoint=0, response=22.0
GetPercentOutput ===>> 0.0
GetSetpoint ===>> 0.0
GetProcessValue ===>> 22.0
response t=36.0265569687, out=0, setpoint=0, response=22.0
GetPercentOutput ===>> 0.0
GetSetpoint ===>> 0.0
GetProcessValue ===>> 22.0
response t=38.0305120945, out=0, setpoint=0, response=22.0
GetPercentOutput ===>> 0.0
GetSetpoint ===>> 0.0
GetProcessValue ===>> 22.0
response t=40.0330898762, out=0, setpoint=0, response=22.0
GetPercentOutput ===>> 0.0
GetSetpoint ===>> 0.0
GetProcessValue ===>> 22.0
response t=42.0325191021, out=0, setpoint=0, response=22.0
GetPercentOutput ===>> 0.0
GetSetpoint ===>> 0.0
GetProcessValue ===>> 22.0
response t=44.0341899395, out=0, setpoint=0, response=22.0
GetPercentOutput ===>> 0.0
GetSetpoint ===>> 0.0
GetProcessValue ===>> 22.0
response t=46.0377290249, out=0, setpoint=0, response=22.0
GetPercentOutput ===>> 0.0
GetSetpoint ===>> 0.0
GetProcessValue ===>> 22.0
response t=48.0410280228, out=0, setpoint=0, response=22.0
GetPercentOutput ===>> 0.0
GetSetpoint ===>> 0.0
GetProcessValue ===>> 22.0
response t=50.0430309772, out=0, setpoint=0, response=22.0
GetPercentOutput ===>> 0.0
GetSetpoint ===>> 0.0
GetProcessValue ===>> 22.0
response t=52.044490099, out=0, setpoint=0, response=22.0
GetPercentOutput ===>> 0.0
GetSetpoint ===>> 0.0
GetProcessValue ===>> 22.0
response t=54.0476820469, out=0, setpoint=0, response=22.0
GetPercentOutput ===>> 0.0
GetSetpoint ===>> 0.0
GetProcessValue ===>> 22.0
response t=56.0490748882, out=0, setpoint=0, response=22.0
GetPercentOutput ===>> 0.0
GetSetpoint ===>> 0.0
GetProcessValue ===>> 22.0
response t=58.0511240959, out=0, setpoint=0, response=22.0
GetPercentOutput ===>> 0.0
GetSetpoint ===>> 0.0
GetProcessValue ===>> 22.0
response t=60.0548019409, out=0, setpoint=0, response=22.0
GetPercentOutput ===>> 0.0
GetSetpoint ===>> 0.0
GetProcessValue ===>> 22.0
response t=62.0542910099, out=0, setpoint=0, response=22.0
Join finished
block finished. duration 60.1701939106
close ('B',) {}
closing name=B desc=---
checking ownership. requestor=129.138.12.137
check software interlocks B
interlocks []
actuate state mode=None-script, software_lock=False
doing actuation None-script close_channel True
Close B ===>> OK
set states for children of B. state=False
handle state [('B', False)]
update switch state B False args=() kw={'refresh': False} ncanvase=5
GetPercentOutput ===>> 0.0
GetIndicatorState B ===>> False
GetSetpoint ===>> 0.0
change switch state (True, True)
update switch state B False args=() kw={} ncanvase=5
GetProcessValue ===>> 22.0
response t=64.0546350479, out=0, setpoint=0, response=22.0
16:55:11 -- CLOSE  VALVE-B (Bone to Diode Laser)
---------------------------------------- close B () result=[(True, True)]
refresh_canvas_needed fired
action=close, ok=True, locked=[False]
close ('E',) {}
closing name=E desc=---
checking ownership. requestor=129.138.12.137
check software interlocks E
interlocks []
actuate state mode=None-script, software_lock=False
doing actuation None-script close_channel False
Close E ===>> OK
GetIndicatorState E ===>> False
change switch state (True, True)
update switch state E False args=() kw={} ncanvase=5
16:55:12 -- CLOSE  VALVE-E (Bone to Minibone)
---------------------------------------- close E () result=[(True, True)]
action=close, ok=True, locked=[False]
close ('C',) {}
closing name=C desc=---
checking ownership. requestor=129.138.12.137
check software interlocks C
interlocks []
actuate state mode=None-script, software_lock=False
doing actuation None-script close_channel True
Close C ===>> OK
GetIndicatorState C ===>> False
change switch state (True, True)
update switch state C False args=() kw={} ncanvase=5
16:55:12 -- CLOSE  VALVE-C (Bone to Turbo)
---------------------------------------- close C () result=[(True, True)]
action=close, ok=True, locked=[False]
sleep (2,) {}
SLEEP 2.0
block started
WaitControl setup for 2.0  
GetPercentOutput ===>> 0.0
GetSetpoint ===>> 0.0
GetProcessValue ===>> 22.0
response t=66.0586559772, out=0, setpoint=0, response=22.0
Join finished
block finished. duration 2.02522706985
open ('J',) {}
opening name=J desc=---
checking ownership. requestor=129.138.12.137
check software interlocks J
interlocks []
actuate state mode=None-script, software_lock=False
doing actuation None-script open_channel True
Open J ===>> OK
GetIndicatorState J ===>> OK
change switch state (True, True)
update switch state J True args=() kw={} ncanvase=5
16:55:15 -- OPEN   VALVE-J (Bone to APIS)
---------------------------------------- open J () result=[(True, True)], time=0.21 sec
action=open, ok=True, locked=[False]
sleep (30,) {}
SLEEP 30.0
block started
WaitControl setup for 30.0  
GetPercentOutput ===>> 0.0
GetSetpoint ===>> 0.0
GetProcessValue ===>> 22.0
response t=68.0612649918, out=0, setpoint=0, response=22.0
GetPercentOutput ===>> 0.0
GetSetpoint ===>> 0.0
GetProcessValue ===>> 22.0
response t=70.0629429817, out=0, setpoint=0, response=22.0
GetPercentOutput ===>> 0.0
GetSetpoint ===>> 0.0
GetProcessValue ===>> 22.0
response t=72.0654599667, out=0, setpoint=0, response=22.0
GetPercentOutput ===>> 0.0
GetSetpoint ===>> 0.0
GetProcessValue ===>> 22.0
response t=74.0646669865, out=0, setpoint=0, response=22.0
GetPercentOutput ===>> 0.0
GetSetpoint ===>> 0.0
GetProcessValue ===>> 22.0
response t=76.0649030209, out=0, setpoint=0, response=22.0
GetPercentOutput ===>> 0.0
GetSetpoint ===>> 0.0
GetProcessValue ===>> 22.0
response t=78.0689148903, out=0, setpoint=0, response=22.0
GetPercentOutput ===>> 0.0
GetSetpoint ===>> 0.0
GetProcessValue ===>> 22.0
response t=80.0704538822, out=0, setpoint=0, response=22.0
GetPercentOutput ===>> 0.0
GetSetpoint ===>> 0.0
GetProcessValue ===>> 22.0
response t=82.0733859539, out=0, setpoint=0, response=22.0
GetPercentOutput ===>> 0.0
GetSetpoint ===>> 0.0
GetProcessValue ===>> 22.0
response t=84.0771329403, out=0, setpoint=0, response=22.0
GetPercentOutput ===>> 0.0
GetSetpoint ===>> 0.0
GetProcessValue ===>> 22.0
response t=86.0797379017, out=0, setpoint=0, response=22.0
GetPercentOutput ===>> 0.0
GetSetpoint ===>> 0.0
GetProcessValue ===>> 22.0
response t=88.081649065, out=0, setpoint=0, response=22.0
GetPercentOutput ===>> 0.0
GetSetpoint ===>> 0.0
GetProcessValue ===>> 22.0
response t=90.083630085, out=0, setpoint=0, response=22.0
GetPercentOutput ===>> 0.0
GetSetpoint ===>> 0.0
GetProcessValue ===>> 22.0
response t=92.0837659836, out=0, setpoint=0, response=22.0
GetPercentOutput ===>> 0.0
GetSetpoint ===>> 0.0
GetProcessValue ===>> 22.0
response t=94.0845079422, out=0, setpoint=0, response=22.0
GetPercentOutput ===>> 0.0
GetSetpoint ===>> 0.0
GetProcessValue ===>> 22.0
response t=96.0885620117, out=0, setpoint=0, response=22.0
GetPercentOutput ===>> 0.0
GetSetpoint ===>> 0.0
GetProcessValue ===>> 22.0
response t=98.0918550491, out=0, setpoint=0, response=22.0
Join finished
block finished. duration 30.1040480137
close ('J',) {}
closing name=J desc=---
checking ownership. requestor=129.138.12.137
check software interlocks J
interlocks []
actuate state mode=None-script, software_lock=False
doing actuation None-script close_channel True
Close J ===>> OK
GetIndicatorState J ===>> False
change switch state (True, True)
update switch state J False args=() kw={} ncanvase=5
16:55:45 -- CLOSE  VALVE-J (Bone to APIS)
---------------------------------------- close J () result=[(True, True)]
action=close, ok=True, locked=[False]
open ('FC',) {}
opening name=FC desc=---
checking ownership. requestor=129.138.12.137
check software interlocks FC
interlocks []
actuate state mode=None-script, software_lock=False
doing actuation None-script open_channel True
Open FC ===>> OK
set states for children of FC. state=True
handle state [('FC', True)]
update switch state FC True args=() kw={'refresh': False} ncanvase=5
GetIndicatorState FC ===>> OK
refresh_canvas_needed fired
change switch state (True, True)
update switch state FC True args=() kw={} ncanvase=5
16:55:47 -- OPEN   VALVE-FC (Furnace Turbo)
---------------------------------------- open FC () result=[(True, True)], time=1.25 sec
GetPercentOutput ===>> 0.0
GetSetpoint ===>> 0.0
GetProcessValue ===>> 22.0
response t=100.095794916, out=0, setpoint=0, response=22.0
action=open, ok=True, locked=[False]
sleep (0.0,) {}
SLEEP 0.0
stop_response_recorder () {}
stop response recorder
executed snippet estimated_duration=276.0, duration=100.302491903
felix_furnace.py completed successfully
get achieved output
Requested Output= 0.000
Achieved Output=  0.000
get response blob
get output blob
active pid =HO,10;XP,10;TI,48;TD,8
persistence save...
persistence save - db
AutomatedRunPersister post_extraction_save deprecated
persistence save - dvc
no extraction position for 
create new session 4664570896
close session 4664570896
Extraction Finished
16:55:47 -- ******* Extraction Finished *******
no overlap. not waiting for min ms pumptime
16:55:47 -- Sending spectrometer configuration
======== Sending configuration ========
SetZFocus 9.84 ===>> OK
SetHV 9000.0 ===>> OK
SetZSymmetry 18.34 ===>> OK
SetExtractionLens 42.35 ===>> OK
SetIonRepeller -4.08 ===>> OK
SetElectronEnergy 107.0 ===>> OK
SetYSymmetry 12.72 ===>> OK
send trap current 400.0
GetParameter Trap Current Readback ===>> 397.748580845999
SetParameter Trap Current Set,400.0 ===>> OK
updating mftable name argon
Using mftable located at /Users/obama/PychronDev/setupfiles/spectrometer/mftables/argon.csv
============ MFtable ===========
Isotope  H2     H1     AX     L1     L2     L2(CDD)
Ar40     3.4929 3.5641 3.6384 3.7153 3.8112 3.7978
Ar39     3.4239 3.4942 3.5670 3.6453 3.7363 3.7226
Ar36     3.2138 3.2801 3.3484 3.4202 3.5169 3.4943
================================
get initial guess parabolic
get initial guess parabolic
get initial guess parabolic
get initial guess parabolic
get initial guess parabolic
get initial guess parabolic
======== Configuration Finished ========
GetYSymmetry ===>> 12.72
GetZSymmetry ===>> 18.34
GetParameter Trap Current Readback ===>> 397.748580845999
GetHighVoltage ===>> 9000
start measurement
do measurement
L#=bu-NF-F analysis type=blank_unknown
Measurement Started felix_analysis400_120.py
16:55:47 -- ******* Measurement Started felix_analysis400_120.py *******
state changed from extraction to measurement
setting spec, defl, and gains
GetExtractionLens ===>> 42.35
GetYSymmetry ===>> 12.72
GetZSymmetry ===>> 18.34
GetZFocus ===>> 9.84
GetDeflection H2 (CDD) ===>> 3250
GetDeflection H1 (CDD) ===>> 3250
GetDeflection AX (CDD) ===>> 3250
GetDeflection L1 (CDD) ===>> 3250
GetDeflection L2 (CDD) ===>> 0
GetGain H2 ===>> 0.9809305
GetGain H1 ===>> 0.96484
GetGain AX ===>> 0.96253
GetGain L1 ===>> 0.970094835296087
GetGain L2 ===>> 0.967359864778375
GetGain H2(CDD) ===>> 0
GetGain H1(CDD) ===>> 0
GetGain AX(CDD) ===>> 0
GetGain L1(CDD) ===>> 0
GetGain L2(CDD) ===>> 0
pre measurement save
New frame /Users/obama/PychronDev/data/isotopes/f9/9f3c32-8498-4e36-bff6-5a5322511ee8.h5
flush and close file /Users/obama/PychronDev/data/isotopes/f9/9f3c32-8498-4e36-bff6-5a5322511ee8.h5
testing...
no interpolation path defined
executed snippet estimated_duration=647.122112, duration=0.000195026397705
unknown measurement script
activate_detectors ('H2', 'H1', 'AX', 'L1', 'L2(CDD)') {}
activate detectors
*************** Set Analysis View Ar/Ar
create graphs
clearing graphs
clear isotope group
setting isotope det=H2, iso=Ar40
setting isotope det=H1, iso=Ar39
setting isotope det=AX, iso=Ar38
setting isotope det=L1, iso=Ar37
setting isotope det=L2(CDD), iso=Ar36
load analysis view
position_magnet ('Ar40',) {'detector': 'H2'}
detector Detector(H2)
POSITION Ar40 H2
setting detector H2 to Ar40 (39.9624)
setting detector H1 to Ar39 (38.8624)
setting detector AX to Ar38 (37.9624)
setting detector L1 to Ar37 (36.9624)
setting detector L2 to Ar36 (35.8624)
setting detector H2(CDD) to Ar40 (39.8624)
setting detector H1(CDD) to Ar39 (38.8624)
setting detector AX(CDD) to Ar38 (37.8624)
setting detector L1(CDD) to Ar37 (36.8624)
setting detector L2(CDD) to Ar36 (35.9624)
Mapping mass to dac mass func: "parabolic"
H2 map mass coeffs = [ -2.38925034e-04   8.80081338e-02   3.57455459e-01]
H2 map mass to dac 39.9624 >> 3.49291
GetHighVoltage ===>> 9000
positioning Ar40 (3.49291) on H2
setting magnet DAC
current  : 3.485989
requested: 3.492910
Delta Dac: 0.006921
Checking detector protection. dv=0.00692
SetMagnetDAC 3.49291 ===>> OK
Magnet settling time: 0.500
update labels <pychron.experiment.plot_panel.PlotPanel object at 0x184b1fd10>
update labels "<pychron.graph.stacked_regression_graph.StackedRegressionGraph object at 0x16b7ae830>"
setting label 0 H2 Ar40
setting label 1 H1 Ar39
setting label 2 AX Ar38
setting label 3 L1 Ar37
setting label 4 L2(CDD) Ar36
update labels "<pychron.graph.stacked_graph.StackedGraph object at 0x181c9c950>"
setting label 0 H2 Ar40
setting label 1 H1 Ar39
setting label 2 AX Ar38
setting label 3 L1 Ar37
setting label 4 L2(CDD) Ar36
equilibrate () {'delay': 3, 'inlet': 'H', 'outlet': 'V', 'eqtime': 22.0}
Equilibration Started
16:55:49 -- ******* Equilibration Started *******
checking ownership. requestor=129.138.12.137
check software interlocks V
interlocks []
actuate state mode=None-script, software_lock=False
doing actuation None-script close_channel True
Close V ===>> OK
GetIndicatorState V ===>> False
change switch state (True, True)
update switch state V False args=() kw={} ncanvase=5
16:55:49 -- CLOSE  VALVE-V (Felix Ion Pump)
waiting 3s before opening inlet value ('H',)
checking ownership. requestor=129.138.12.137
check software interlocks H
interlocks []
actuate state mode=None-script, software_lock=False
doing actuation None-script open_channel True
Open H ===>> OK
GetIndicatorState H ===>> OK
change switch state (True, True)
update switch state H True args=() kw={} ncanvase=5
16:55:52 -- OPEN   VALVE-H (Felix Inlet)
set_time_zero () {}
equilibrating for 22.0sec
sniff (22.0,) {}
py_sniff
build tables- sniff [Detector(H2), Detector(H1), Detector(AX), Detector(L1), Detector(L2(CDD))]
add group /sniff/Ar40 (Group) u'' table H2
add group /sniff/Ar39 (Group) u'' table H1
add group /sniff/Ar38 (Group) u'' table AX
add group /sniff/Ar37 (Group) u'' table L1
add group /sniff/Ar36 (Group) u'' table L2(CDD)
flush and close file /Users/obama/PychronDev/data/isotopes/f9/9f3c32-8498-4e36-bff6-5a5322511ee8.h5
measuring sniff. ncounts=22.0
"sniff" increment series count="1" fit count="0" regressing="False"
starting measurement
GetData ===>> L2(CDD),0.000471734112749906,H2,0.297543490586174,H1,-0.137314643190194,AX,-0.0442341648647114,L1...
GetData ===>> L2(CDD),0.00125795775396796,H2,0.553959597556422,H1,-0.109048697174728,AX,-0.080122853171614,L1,-...
GetData ===>> L2(CDD),0.00220142632137721,H2,0.444924981992249,H1,-0.0178106831229371,AX,-0.287287935102545,L1,...
GetData ===>> L2(CDD),0.00235867110360653,H2,0.398632675704932,H1,-0.104797243387656,AX,-0.0631532887592169,L1,...
GetData ===>> L2(CDD),0.000786223551241894,H2,0.404812630205108,H1,0.0197671793524671,AX,0.106214772940799,L1,-...
GetData ===>> L2(CDD),0.00188693677491381,H2,0.555708915024866,H1,0.154806748553186,AX,-0.155450347738785,L1,-0...
GetData ===>> L2(CDD),0.00188693677491381,H2,0.421487041825026,H1,0.0565420400240734,AX,-0.098467991616788,L1,-...
GetData ===>> L2(CDD),0.00157244725244406,H2,0.455536373386839,H1,-0.0367714341939482,AX,-0.263902411331573,L1,...
GetData ===>> L2(CDD),0.00125795775396796,H2,0.436296023289822,H1,0.122625390862297,AX,0.270221731298198,L1,-0....
GetData ===>> L2(CDD),0.00172969201067973,H2,0.808951855133423,H1,-0.296094114010226,AX,0.0495643178087005,L1,-...
GetData ===>> L2(CDD),0.00157244725244406,H2,0.473610986343538,H1,0.054588340289097,AX,-0.161870683406988,L1,-0...
GetData ===>> L2(CDD),0.00157244725244406,H2,0.415890004839384,H1,-0.0758408975255566,AX,0.0143601481313127,L1,...
GetData ===>> L2(CDD),0.00157244725244406,H2,0.368316483254904,H1,-0.0611325794176146,AX,0.048302908378033,L1,-...
GetData ===>> L2(CDD),0.00125795775396796,H2,0.382425055950979,H1,-0.0564212738477345,AX,-0.157055435671721,L1,...
GetData ===>> L2(CDD),0.00172969201067973,H2,0.359221808708507,H1,-0.19981850953093,AX,0.174222658541287,L1,-0....
GetData ===>> L2(CDD),0.00125795775396796,H2,0.463582450175176,H1,0.0842390325206828,AX,-0.00387212413995181,L1...
GetData ===>> L2(CDD),0.0014152025002068,H2,0.58311529703328,H1,0.101823013065116,AX,-0.175284460766033,L1,-0.2...
GetData ===>> L2(CDD),0.00125795775396796,H2,0.508711672467135,H1,-0.204184437083988,AX,-0.149373919170325,L1,-...
GetData ===>> L2(CDD),0.00125795775396796,H2,0.408310734960518,H1,0.124464296667244,AX,-0.0600574575727445,L1,-...
GetData ===>> L2(CDD),0.000943468279485503,H2,0.333220833760062,H1,-0.197750431687232,AX,-0.211856117582552,L1,...
GetData ===>> L2(CDD),0.00125795775396796,H2,0.740221158729312,H1,-0.0283827842357766,AX,-0.00880280510462562,L...
Equilibration Finished
16:56:14 -- ******* Equilibration Finished *******
checking ownership. requestor=129.138.12.137
check software interlocks H
interlocks []
actuate state mode=None-script, software_lock=False
doing actuation None-script close_channel True
Close H ===>> OK
GetIndicatorState H ===>> False
change switch state (True, True)
update switch state H False args=() kw={} ncanvase=5
16:56:15 -- CLOSE  VALVE-H (Felix Inlet)
Post Equilibration Started felix_pump_extraction_line.py
16:56:15 -- ******* Post Equilibration Started felix_pump_extraction_line.py *******
testing...
no interpolation path defined
calculate duration
testing...
no interpolation path defined
executed snippet estimated_duration=4.0, duration=0.000262975692749
executed snippet estimated_duration=4.0, duration=0.00235295295715
Pump after analysis
doing GOSUB
testing...
no interpolation path defined
executed snippet estimated_duration=4.0, duration=0.00028395652771
Pump Bone
close () {'description': 'Felix Inlet'}
closing name=--- desc=Felix Inlet
checking ownership. requestor=129.138.12.137
check software interlocks H
interlocks []
actuate state mode=None-script, software_lock=False
doing actuation None-script close_channel False
Close H ===>> OK
GetIndicatorState H ===>> False
change switch state (True, True)
update switch state H False args=() kw={} ncanvase=5
16:56:15 -- CLOSE  VALVE-H (Felix Inlet)
---------------------------------------- close None (Felix Inlet) result=[(True, True)]
GetData ===>> L2(CDD),0.00157244725244406,H2,0.439327810918434,H1,0.27089842421301,AX,-0.0891808089849783,L1,-0...
action=close, ok=True, locked=[False]
is_closed ('A',) {}
is A () closed?
is closed False
close () {'description': 'CO2 Laser to Bone'}
closing name=--- desc=CO2 Laser to Bone
checking ownership. requestor=129.138.12.137
check software interlocks F
interlocks []
actuate state mode=None-script, software_lock=True
VALVE-F(CO2 Laser to Bone) software locked
change switch state (True, False)
---------------------------------------- close None (CO2 Laser to Bone) result=[(True, False)]
action=close, ok=True, locked=[True]
sleep (1,) {}
SLEEP 1.0
measurement finished
estimated time: 23.069 actual time: :23.209
flush and close file /Users/obama/PychronDev/data/isotopes/f9/9f3c32-8498-4e36-bff6-5a5322511ee8.h5
set_fits () {}
using default fits file=/Users/obama/PychronDev/scripts/measurement/fits/nominal.yaml
set "Ar40" to "('Parabolic', 'SEM')"
set "Ar36" to "('Parabolic', 'SEM')"
set "Ar37" to "('linear', 'SEM')"
set "Ar38" to "('linear', 'SEM')"
set "Ar39" to "('Parabolic', 'SEM')"
set_baseline_fits () {}
using default fits file=/Users/obama/PychronDev/scripts/measurement/fits/nominal.yaml
close () {'description': 'CO2 Laser to Roughing'}
closing name=--- desc=CO2 Laser to Roughing
checking ownership. requestor=129.138.12.137
check software interlocks G
interlocks []
actuate state mode=None-script, software_lock=True
VALVE-G(CO2 Laser to Roughing) software locked
change switch state (True, False)
---------------------------------------- close None (CO2 Laser to Roughing) result=[(True, False)]
set "H2" to "('average', 'SEM')"
action=close, ok=True, locked=[True]
set "L2(CDD)" to "('average', 'SEM')"
open () {'description': 'Bone to Turbo'}
set "L1" to "('average', 'SEM')"
opening name=--- desc=Bone to Turbo
set "AX" to "('average', 'SEM')"
set "H1" to "('average', 'SEM')"
multicollect () {'integration_time': 1.048576, 'ncounts': 400}
build tables- signal [Detector(H2), Detector(H1), Detector(AX), Detector(L1), Detector(L2(CDD))]
checking ownership. requestor=129.138.12.137
check software interlocks C
interlocks []
actuate state mode=None-script, software_lock=False
doing actuation None-script open_channel True
add group /signal/Ar40 (Group) u'' table H2
add group /signal/Ar39 (Group) u'' table H1
add group /signal/Ar38 (Group) u'' table AX
add group /signal/Ar37 (Group) u'' table L1
add group /signal/Ar36 (Group) u'' table L2(CDD)
flush and close file /Users/obama/PychronDev/data/isotopes/f9/9f3c32-8498-4e36-bff6-5a5322511ee8.h5
measuring signal. ncounts=400
Open C ===>> OK
set states for children of C. state=True
handle state [('C', True)]
update switch state C True args=() kw={'refresh': False} ncanvase=5
GetIndicatorState C ===>> OK
change switch state (True, True)
update switch state C True args=() kw={} ncanvase=5
refresh_canvas_needed fired
16:56:16 -- OPEN   VALVE-C (Bone to Turbo)
---------------------------------------- open None (Bone to Turbo) result=[(True, True)], time=0.27 sec
"signal" increment series count="2" fit count="1" regressing="True"
action=open, ok=True, locked=[False]
open () {'description': 'Bone to Getter GP-50'}
opening name=--- desc=Bone to Getter GP-50
checking ownership. requestor=129.138.12.137
check software interlocks N
interlocks []
actuate state mode=None-script, software_lock=False
doing actuation None-script open_channel False
Open N ===>> OK
starting measurement
GetData ===>> L2(CDD),0.00188693677491381,H2,0.377877642530312,H1,-0.0820459019603596,AX,-0.108328359033239,L1,...
GetIndicatorState N ===>> OK
change switch state (True, True)
update switch state N True args=() kw={} ncanvase=5
16:56:17 -- OPEN   VALVE-N (Bone to Getter GP-50)
---------------------------------------- open None (Bone to Getter GP-50) result=[(True, True)], time=0.32 sec
action=open, ok=True, locked=[False]
open () {'description': 'Bone to Diode Laser'}
opening name=--- desc=Bone to Diode Laser
checking ownership. requestor=129.138.12.137
check software interlocks B
interlocks []
actuate state mode=None-script, software_lock=False
doing actuation None-script open_channel True
Open B ===>> OK
GetIndicatorState B ===>> OK
change switch state (True, True)
update switch state B True args=() kw={} ncanvase=5
16:56:17 -- OPEN   VALVE-B (Bone to Diode Laser)
---------------------------------------- open None (Bone to Diode Laser) result=[(True, True)], time=0.22 sec
action=open, ok=True, locked=[False]
open () {'description': 'Bone to CO2 Laser'}
opening name=--- desc=Bone to CO2 Laser
checking ownership. requestor=129.138.12.137
check software interlocks D
interlocks []
actuate state mode=None-script, software_lock=False
doing actuation None-script open_channel False
Open D ===>> OK
GetData ===>> L2(CDD),0.000943468279485503,H2,0.58626416456015,H1,0.149864541704374,AX,-0.07863229531198,L1,-0....
GetIndicatorState D ===>> OK
change switch state (True, True)
update switch state D True args=() kw={} ncanvase=5
16:56:18 -- OPEN   VALVE-D (Bone to CO2 Laser)
---------------------------------------- open None (Bone to CO2 Laser) result=[(True, True)], time=0.34 sec
action=open, ok=True, locked=[False]
sleep (1,) {}
SLEEP 1.0
GetData ===>> L2(CDD),0.00110071301372752,H2,0.71421005684618,H1,0.0397633359367737,AX,-0.132634879781872,L1,-0...
set_resource () {'name': 'CO2PumpTimeFlag', 'value': 30}
Set CO2PumpTimeFlag 30 ===>> OK
release ('FelixCO2Flag',) {}
release FelixCO2Flag
Set FelixCO2Flag 0 ===>> OK
executed snippet estimated_duration=6.0, duration=4.64042496681
PumpBone.py completed successfully
gosub finished
get_resource_value () {'name': 'FelixMiniboneFlag'}
Read FelixMiniboneFlag ===>> 0
Get Resource Value FelixMiniboneFlag=0.0
executed snippet estimated_duration=4.0, duration=4.64861917496
felix_pump_extraction_line.py completed successfully
Post Equilibration Finished
16:56:19 -- ******* Post Equilibration Finished *******
GetData ===>> L2(CDD),0.0020441815451463,H2,0.518157587094483,H1,-0.0945706967170903,AX,-0.165768723450345,L1,-...
GetData ===>> L2(CDD),0.00157244725244406,H2,0.437462094342734,H1,-0.0464240370274157,AX,-0.0387303498955046,L1...
GetData ===>> L2(CDD),0.00125795775396796,H2,0.691815401988946,H1,-0.0815862733710531,AX,-0.0941110529005973,L1...
GetData ===>> L2(CDD),0.0020441815451463,H2,0.611338841698019,H1,0.0524047982090278,AX,-0.335547439999157,L1,-0...
GetData ===>> L2(CDD),0.00125795775396796,H2,0.589646292821103,H1,0.0906749620676994,AX,0.00174658961424119,L1,...
GetData ===>> L2(CDD),0.00157244725244406,H2,0.532268320791782,H1,-0.00344622963529031,AX,-0.140889784909878,L1...
GetData ===>> L2(CDD),0.0014152025002068,H2,0.484572527182881,H1,-0.233366708465503,AX,0.00117324997309457,L1,-...
GetData ===>> L2(CDD),0.00220142632137721,H2,0.581132681937822,H1,0.0280414007691209,AX,-0.208416836023656,L1,-...
abort run. Executor.isAlive=True
abort measuring run bu-NF-F-166
Abort Run
set extraction state False (0.75, 'green', 1.5)
wait dialog stopped
Abort run do_post_equilibration=True
wait dialog stopped
Post Termination Started
16:56:28 -- ******* Post Termination Started *******
Post Measurement Started felix_pump_ms.py
16:56:28 -- ******* Post Measurement Started felix_pump_ms.py *******
testing...
no interpolation path defined
executed snippet estimated_duration=0, duration=2.78949737549e-05
Pumping spectrometer
open () {'name': 'V'}
opening name=V desc=---
checking ownership. requestor=129.138.12.137
check software interlocks V
interlocks []
actuate state mode=None-script, software_lock=False
doing actuation None-script open_channel True
Open V ===>> OK
GetIndicatorState V ===>> OK
change switch state (True, True)
update switch state V True args=() kw={} ncanvase=5
16:56:28 -- OPEN   VALVE-V (Felix Ion Pump)
---------------------------------------- open V () result=[(True, True)], time=0.11 sec
GetData ===>> L2(CDD),0.00251591589183427,H2,0.402247361334015,H1,0.0210312919201936,AX,-0.0797788784857431,L1,...
action=open, ok=True, locked=[False]
executed snippet estimated_duration=0, duration=0.362450122833
felix_pump_ms.py completed successfully
setting _ms_pumptime
Post Measurement Finished
16:56:28 -- ******* Post Measurement Finished *******
----------------- stop -----------------
Post Termination Finished
16:56:28 -- ******* Post Termination Finished *******
----------------- finish -----------------
state changed from measurement to failed
----------------- stop -----------------
state changed from failed to aborted
measurement finished
estimated time: 419.430 actual time: :12.665
flush and close file /Users/obama/PychronDev/data/isotopes/f9/9f3c32-8498-4e36-bff6-5a5322511ee8.h5
executed snippet estimated_duration=647.122112, duration=41.664180994
Measurement Finished
16:56:29 -- ******* Measurement Finished *******
16:56:29 -- ******* Post Run Check *******
loading queue conditionals post_run_actions
loading system conditionals post_run_actions
loading conditionals from /Users/obama/PychronDev/setupfiles/spectrometer/default_conditionals.yaml
loading queue conditionals post_run_terminations
loading system conditionals post_run_terminations
loading conditionals from /Users/obama/PychronDev/setupfiles/spectrometer/default_conditionals.yaml
Checking default post run terminations n=1
GetDeflection L2 (CDD) ===>> 0
testing L2_CDD_==3250
evaluate ot="L2(CDD).deflection==3250" t="L2_CDD_==3250", ctx="{'L2_CDD_': 0.0}"
16:56:29 -- ******* Post Run Check Passed *******
16:56:29 -- Automated run bu-NF-F-166 aborted duration: 145.802 s
----------------- finish -----------------
----------------- stop -----------------
finish run. runs completed=1
write rem/ex queues
/Users/obama/PychronDev/experiments/rem/LoadFurnace.rem.txt
/Users/obama/PychronDev/experiments/rem/LoadFurnace.ex.txt
doing event level: 3
