do run
loading script "felix_analysis400_120.py"
loading script "felix_pump_ms.py"
loading script "felix_furnace.py"
loading script "felix_pump_extraction_line.py"
testing...
no interpolation path defined
executed snippet estimated_duration=624.242112, duration=0.000372886657715
script duration name:analysis400_120 seconds:624.0
loading script "felix_analysis400_120.py"
loading script "felix_pump_ms.py"
loading script "felix_furnace.py"
loading script "felix_pump_extraction_line.py"
testing...
no interpolation path defined
executed snippet estimated_duration=0, duration=3.48091125488e-05
loading script "felix_analysis400_120.py"
loading script "felix_pump_ms.py"
loading script "felix_furnace.py"
loading script "felix_pump_extraction_line.py"
testing...
no interpolation path defined
executed snippet estimated_duration=184.0, duration=0.000485897064209
script duration name:furnace seconds:184.0
loading script "felix_analysis400_120.py"
loading script "felix_pump_ms.py"
loading script "felix_furnace.py"
loading script "felix_pump_extraction_line.py"
testing...
no interpolation path defined
calculate duration
testing...
no interpolation path defined
executed snippet estimated_duration=4.0, duration=0.000260829925537
executed snippet estimated_duration=4.0, duration=0.0064709186554
Script duration 808.0
Run total estimated duration= 809.000
run duration: 0:13:29
doing event level: 2
14:12:08 -- Setting default integration. t=1.048576
setting integration time = 1.048576
SetIntegrationTime 1.048576 ===>> OK
----------------- start -----------------
**************** Experiment Type: Ar/Ar, Ar/Ar
close session 4700166576
$$$$$ Clearing conditionals
adding conditionals 
Add queue conditionals
add default conditionals
adding default conditionals from /Users/obama/PychronDev/setupfiles/spectrometer/default_conditionals.yaml
Start automated run bu-NF-F-174
loading script "felix_analysis400_120.py"
loading script "felix_pump_ms.py"
loading script "felix_furnace.py"
loading script "felix_pump_extraction_line.py"
%%%%%%%%%%%%%%%%%% setting automated run bu-NF-F-174
No value "sensitivity_multiplier" in metadata
$$$$$$$$$$$$$$$ auto_save_detector_ic=False
============================= Pre Extraction Check =============================
loading queue conditionals pre_run_terminations
loading system conditionals pre_run_terminations
loading conditionals from /Users/obama/PychronDev/setupfiles/spectrometer/default_conditionals.yaml
14:12:09 -- ******* Pre Extraction Check *******
Get a measurement from the spectrometer
GetData ===>> L2(CDD),0.00110071301372752,H2,0.340682926270333,H1,0.118372934613753,AX,-0.119220507923932,L1,-0...
Pre Extraction Termination data. keys=L2(CDD),H2,H1,AX,L1,L2, signals=0.00110,0.34068,0.11837,-0.11922,-0.50163,-0.09157
14:12:09 -- testing system defined conditionals
Checking default pre extraction terminations n=2
testing L2_CDD_
evaluate ot="L2(CDD).inactive" t="L2_CDD_", ctx="{'L2_CDD_': False}"
GetDeflection L2 (CDD) ===>> 0
testing L2_CDD_==3250
evaluate ot="L2(CDD).deflection==3250" t="L2_CDD_==3250", ctx="{'L2_CDD_': 0.0}"
14:12:09 -- ******* Pre Extraction Check Passed *******
=================================================================================
14:12:09 -- stopping status monitor
stop 4722513200
Status monitor stopped
Status monitor finished
14:12:10 -- starting status monitor
start 4722513200
StatusMonitor period=1. Frequencies(state=1, checksum=3, lock=5, owner=5)
start extraction
do extraction
Analysis started at 14:12:12.098000
Extraction Started felix_furnace.py
14:12:12 -- ******* Extraction Started felix_furnace.py *******
state changed from not run to extraction
DO EXTRACTION <pychron.extraction_line.pyscript_runner.RemotePyScriptRunner object at 0x11a265890>
testing...
no interpolation path defined
executed snippet estimated_duration=184.0, duration=0.000407934188843
start_response_recorder () {}
start response recorder
Felix unknown furnace analysis
close ('F',) {}
closing name=F desc=---
checking ownership. requestor=129.138.12.137
check software interlocks F
interlocks []
actuate state mode=None-script, software_lock=True
VALVE-F(CO2 Laser to Bone) software locked
change switch state (True, False)
---------------------------------------- close F () result=[(True, False)]
action=close, ok=True, locked=[True]
open ('D',) {}
opening name=D desc=---
checking ownership. requestor=129.138.12.137
check software interlocks D
interlocks []
actuate state mode=None-script, software_lock=False
doing actuation None-script open_channel False
Open D ===>> OK
GetPercentOutput ===>> 0.0
GetSetpoint ===>> 0.0
GetIndicatorState D ===>> OK
change switch state (True, True)
update switch state D True args=() kw={} ncanvase=3
GetProcessValue ===>> 18.0
response t=0.000870227813721, out=0, setpoint=0, response=18.0
14:12:12 -- OPEN   VALVE-D (Bone to CO2 Laser)
---------------------------------------- open D () result=[(True, True)], time=0.15 sec
action=open, ok=True, locked=[False]
close ('J',) {}
closing name=J desc=---
checking ownership. requestor=129.138.12.137
check software interlocks J
interlocks []
actuate state mode=None-script, software_lock=False
doing actuation None-script close_channel False
Close J ===>> OK
GetIndicatorState J ===>> False
change switch state (True, True)
update switch state J False args=() kw={} ncanvase=3
14:12:12 -- CLOSE  VALVE-J (Bone to APIS)
---------------------------------------- close J () result=[(True, True)]
action=close, ok=True, locked=[False]
close ('FC',) {}
closing name=FC desc=---
checking ownership. requestor=129.138.12.137
check software interlocks FC
interlocks []
actuate state mode=None-script, software_lock=False
doing actuation None-script close_channel True
Close FC ===>> OK
set states for children of FC. state=False
handle state [('FC', False)]
update switch state FC False args=() kw={'refresh': False} ncanvase=3
refresh_canvas_needed fired
GetIndicatorState FC ===>> False
change switch state (True, True)
update switch state FC False args=() kw={} ncanvase=3
14:12:14 -- CLOSE  VALVE-FC (Furnace Turbo)
---------------------------------------- close FC () result=[(True, True)]
GetPercentOutput ===>> 0.0
GetSetpoint ===>> 0.0
GetProcessValue ===>> 18.0
response t=2.00355219841, out=0, setpoint=0, response=18.0
action=close, ok=True, locked=[False]
open ('FH',) {}
opening name=FH desc=---
checking ownership. requestor=129.138.12.137
check software interlocks FH
interlocks []
actuate state mode=None-script, software_lock=False
doing actuation None-script open_channel False
Open FH ===>> OK
GetIndicatorState FH ===>> OK
change switch state (True, True)
update switch state FH True args=() kw={} ncanvase=3
14:12:15 -- OPEN   VALVE-FH (Furnace Isolation)
---------------------------------------- open FH () result=[(True, True)], time=1.14 sec
action=open, ok=True, locked=[False]
Blank Analyis. Not heating Furnace
sleep (0.0,) {}
SLEEP 0.0
sleep (60,) {}
SLEEP 60.0
block started
WaitControl setup for 60.0  
GetPercentOutput ===>> 0.0
GetSetpoint ===>> 0.0
GetProcessValue ===>> 18.0
response t=4.00497412682, out=0, setpoint=0, response=18.0
GetPercentOutput ===>> 0.0
GetSetpoint ===>> 0.0
GetProcessValue ===>> 18.0
response t=6.00696516037, out=0, setpoint=0, response=18.0
GetPercentOutput ===>> 0.0
GetSetpoint ===>> 0.0
GetProcessValue ===>> 18.0
response t=8.00901317596, out=0, setpoint=0, response=18.0
abort run. Executor.isAlive=True
abort extracting run bu-NF-F-174
Abort Run
set extraction state False (0.75, 'green', 1.5)
wait dialog stopped
Join finished
block finished. duration 5.8853700161
close ('B',) {}
closing name=B desc=---
checking ownership. requestor=129.138.12.137
check software interlocks B
Abort run do_post_equilibration=True
interlocks []
wait dialog stopped
actuate state mode=None-script, software_lock=False
doing actuation None-script close_channel True
Post Termination Started
14:12:21 -- ******* Post Termination Started *******
Post Equilibration Started felix_pump_extraction_line.py
Post Measurement Started felix_pump_ms.py
14:12:21 -- ******* Post Equilibration Started felix_pump_extraction_line.py *******
14:12:21 -- ******* Post Measurement Started felix_pump_ms.py *******
testing...
no interpolation path defined
testing...
no interpolation path defined
executed snippet estimated_duration=0, duration=3.50475311279e-05
calculate duration
Pumping spectrometer
testing...
open () {'name': 'V'}
no interpolation path defined
opening name=V desc=---
executed snippet estimated_duration=4.0, duration=0.000292062759399
executed snippet estimated_duration=4.0, duration=0.00522494316101
Pump after analysis
checking ownership. requestor=129.138.12.137
check software interlocks V
doing GOSUB
interlocks []
actuate state mode=None-script, software_lock=False
doing actuation None-script open_channel False
testing...
no interpolation path defined
executed snippet estimated_duration=4.0, duration=0.000195026397705
Pump Bone
close () {'description': 'Felix Inlet'}
closing name=--- desc=Felix Inlet
checking ownership. requestor=129.138.12.137
check software interlocks H
interlocks []
actuate state mode=None-script, software_lock=False
doing actuation None-script close_channel False
Close B ===>> OK
Open V ===>> OK
Close H ===>> OK
GetIndicatorState B ===>> False
change switch state (True, True)
update switch state B False args=() kw={} ncanvase=3
GetIndicatorState V ===>> OK
change switch state (True, True)
update switch state V True args=() kw={} ncanvase=3
14:12:21 -- OPEN   VALVE-V (Felix Ion Pump)
---------------------------------------- open V () result=[(True, True)], time=0.19 sec
GetIndicatorState H ===>> False
change switch state (True, True)
update switch state H False args=() kw={} ncanvase=3
14:12:21 -- CLOSE  VALVE-B (Bone to Diode Laser)
---------------------------------------- close B () result=[(True, True)]
14:12:21 -- CLOSE  VALVE-H (Felix Inlet)
---------------------------------------- close None (Felix Inlet) result=[(True, True)]
action=open, ok=True, locked=[False]
executed snippet estimated_duration=0, duration=0.448876857758
felix_pump_ms.py completed successfully
setting _ms_pumptime
Post Measurement Finished
14:12:22 -- ******* Post Measurement Finished *******
----------------- stop -----------------
Post Termination Finished
14:12:22 -- ******* Post Termination Finished *******
----------------- finish -----------------
state changed from extraction to failed
----------------- stop -----------------
state changed from failed to aborted
GetPercentOutput ===>> 0.0
GetSetpoint ===>> 0.0
action=close, ok=True, locked=[False]
action=close, ok=True, locked=[False]
is_closed ('A',) {}
executed snippet estimated_duration=244.0, duration=10.1491930485
is A () closed?
get achieved output
Requested Output= 0.000
is closed False
close () {'description': 'CO2 Laser to Bone'}
Achieved Output=  0.000
closing name=--- desc=CO2 Laser to Bone
get response blob
get output blob
checking ownership. requestor=129.138.12.137
active pid =
check software interlocks F
persistence save...
interlocks []
persistence save - db
actuate state mode=None-script, software_lock=True
AutomatedRunPersister post_extraction_save deprecated
VALVE-F(CO2 Laser to Bone) software locked
persistence save - dvc
change switch state (True, False)
no extraction position for 
---------------------------------------- close None (CO2 Laser to Bone) result=[(True, False)]
create new session 4672947984
action=close, ok=True, locked=[True]
sleep (1,) {}
SLEEP 1.0
close session 4672947984
GetProcessValue ===>> 18.0
response t=10.0088591576, out=0, setpoint=0, response=18.0
Extraction Finished
14:12:22 -- ******* Extraction Finished *******
no overlap. not waiting for min ms pumptime
14:12:22 -- ******* Post Run Check *******
loading queue conditionals post_run_actions
loading system conditionals post_run_actions
loading conditionals from /Users/obama/PychronDev/setupfiles/spectrometer/default_conditionals.yaml
loading queue conditionals post_run_terminations
loading system conditionals post_run_terminations
loading conditionals from /Users/obama/PychronDev/setupfiles/spectrometer/default_conditionals.yaml
Checking default post run terminations n=1
GetDeflection L2 (CDD) ===>> 0
testing L2_CDD_==3250
evaluate ot="L2(CDD).deflection==3250" t="L2_CDD_==3250", ctx="{'L2_CDD_': 0.0}"
14:12:22 -- ******* Post Run Check Passed *******
14:12:22 -- Automated run bu-NF-F-174 aborted duration: 13.572 s
----------------- finish -----------------
----------------- stop -----------------
finish run. runs completed=1
write rem/ex queues
/Users/obama/PychronDev/experiments/rem/LoadFurnace.rem.txt
/Users/obama/PychronDev/experiments/rem/LoadFurnace.ex.txt
doing event level: 3
