do run
loading script "felix_analysis400_120.py"
loading script "felix_pump_ms.py"
loading script "felix_diode.py"
loading script "felix_pump_extraction_line.py"
testing...
no interpolation path defined
executed snippet estimated_duration=624.242112, duration=0.000271081924438
script duration name:analysis400_120 seconds:624.0
loading script "felix_analysis400_120.py"
loading script "felix_pump_ms.py"
loading script "felix_diode.py"
loading script "felix_pump_extraction_line.py"
testing...
no interpolation path defined
executed snippet estimated_duration=0, duration=2.69412994385e-05
loading script "felix_analysis400_120.py"
loading script "felix_pump_ms.py"
loading script "felix_diode.py"
loading script "felix_pump_extraction_line.py"
testing...
no interpolation path defined
calculate duration
testing...
no interpolation path defined
executed snippet estimated_duration=0, duration=8.98838043213e-05
calculate duration
testing...
no interpolation path defined
executed snippet estimated_duration=0, duration=2.50339508057e-05
calculate duration
testing...
no interpolation path defined
executed snippet estimated_duration=42.0, duration=0.000117063522339
executed snippet estimated_duration=42.0, duration=0.00355410575867
script duration name:diode seconds:42.0
loading script "felix_analysis400_120.py"
loading script "felix_pump_ms.py"
loading script "felix_diode.py"
loading script "felix_pump_extraction_line.py"
testing...
no interpolation path defined
calculate duration
testing...
no interpolation path defined
executed snippet estimated_duration=4.0, duration=0.000205039978027
executed snippet estimated_duration=4.0, duration=0.00145101547241
Script duration 666.0
Run total estimated duration= 667.000
run duration: 0:11:07
doing event level: 2
16:26:32 -- Setting default integration. t=1.048576
setting integration time = 1.048576
SetIntegrationTime 1.048576 ===>> OK
----------------- start -----------------
**************** Experiment Type: Ar/Ar, Ar/Ar
close session 4701287152
$$$$$ Clearing conditionals
adding conditionals 
Add queue conditionals
add default conditionals
adding default conditionals from /Users/obama/PychronDev/setupfiles/spectrometer/default_conditionals.yaml
Start automated run bu-FD-F-560
loading script "felix_analysis400_120.py"
loading script "felix_pump_ms.py"
loading script "felix_diode.py"
loading script "felix_pump_extraction_line.py"
%%%%%%%%%%%%%%%%%% setting automated run bu-FD-F-560
No value "sensitivity_multiplier" in metadata
$$$$$$$$$$$$$$$ auto_save_detector_ic=False
============================= Pre Extraction Check =============================
loading queue conditionals pre_run_terminations
loading system conditionals pre_run_terminations
loading conditionals from /Users/obama/PychronDev/setupfiles/spectrometer/default_conditionals.yaml
16:26:33 -- ******* Pre Extraction Check *******
Get a measurement from the spectrometer
GetData ===>> L2(CDD),0.00157244725244406,H2,-0.0188319566895982,H1,-0.100775580666214,AX,-0.152698762197155,L1...
Pre Extraction Termination data. keys=L2(CDD),H2,H1,AX,L1,L2, signals=0.00157,-0.01883,-0.10078,-0.15270,-0.47164,-0.77096
16:26:33 -- testing system defined conditionals
Checking default pre extraction terminations n=2
testing L2_CDD_
evaluate ot="L2(CDD).inactive" t="L2_CDD_", ctx="{'L2_CDD_': False}"
GetDeflection L2 (CDD) ===>> 0
testing L2_CDD_==3250
evaluate ot="L2(CDD).deflection==3250" t="L2_CDD_==3250", ctx="{'L2_CDD_': 0.0}"
16:26:33 -- ******* Pre Extraction Check Passed *******
=================================================================================
16:26:33 -- stopping status monitor
stop 4818123472
Status monitor stopped
Status monitor finished
16:26:34 -- starting status monitor
start 4818123472
StatusMonitor period=1. Frequencies(state=1, checksum=3, lock=5, owner=5)
set states for children of R. state=False
handle state [('R', False)]
update switch state R False args=() kw={'refresh': False} ncanvase=5
refresh_canvas_needed fired
start extraction
do extraction
Analysis started at 16:26:36.468564
Extraction Started felix_diode.py
16:26:36 -- ******* Extraction Started felix_diode.py *******
state changed from not run to extraction
DO EXTRACTION <pychron.extraction_line.pyscript_runner.RemotePyScriptRunner object at 0x11635d470>
testing...
no interpolation path defined
calculate duration
testing...
no interpolation path defined
executed snippet estimated_duration=0, duration=0.000102996826172
calculate duration
testing...
no interpolation path defined
executed snippet estimated_duration=0, duration=3.40938568115e-05
calculate duration
testing...
no interpolation path defined
executed snippet estimated_duration=42.0, duration=0.000156164169312
executed snippet estimated_duration=242.0, duration=0.00632381439209
Felix unknown laser analysis
set_motor ('beam', '') {}
setting motor "beam" to 
doing GOSUB
testing...
no interpolation path defined
executed snippet estimated_duration=0, duration=0.000125885009766
Prepare for Diode Analysis
close () {'description': 'Felix Inlet'}
closing name=--- desc=Felix Inlet
checking ownership. requestor=129.138.12.137
check software interlocks H
interlocks []
actuate state mode=None-script, software_lock=False
doing actuation None-script close_channel False
Close H ===>> OK
GetIndicatorState H ===>> False
change switch state (True, True)
update switch state H False args=() kw={} ncanvase=5
16:26:36 -- CLOSE  VALVE-H (Felix Inlet)
---------------------------------------- close None (Felix Inlet) result=[(True, True)]
action=close, ok=True, locked=[False]
open () {'description': 'Felix Ion Pump'}
opening name=--- desc=Felix Ion Pump
checking ownership. requestor=129.138.12.137
check software interlocks V
interlocks []
actuate state mode=None-script, software_lock=False
doing actuation None-script open_channel False
Open V ===>> OK
GetIndicatorState V ===>> OK
change switch state (True, True)
update switch state V True args=() kw={} ncanvase=5
16:26:37 -- OPEN   VALVE-V (Felix Ion Pump)
---------------------------------------- open None (Felix Ion Pump) result=[(True, True)], time=0.11 sec
action=open, ok=True, locked=[False]
close () {'description': 'Bone to Minibone'}
closing name=--- desc=Bone to Minibone
checking ownership. requestor=129.138.12.137
check software interlocks E
interlocks []
actuate state mode=None-script, software_lock=False
doing actuation None-script close_channel False
Close E ===>> OK
GetIndicatorState E ===>> False
change switch state (True, True)
update switch state E False args=() kw={} ncanvase=5
16:26:37 -- CLOSE  VALVE-E (Bone to Minibone)
---------------------------------------- close None (Bone to Minibone) result=[(True, True)]
action=close, ok=True, locked=[False]
open () {'description': 'Bone to Getter GP-50'}
opening name=--- desc=Bone to Getter GP-50
checking ownership. requestor=129.138.12.137
check software interlocks N
interlocks []
actuate state mode=None-script, software_lock=False
doing actuation None-script open_channel False
Open N ===>> OK
GetIndicatorState N ===>> OK
change switch state (True, True)
update switch state N True args=() kw={} ncanvase=5
16:26:38 -- OPEN   VALVE-N (Bone to Getter GP-50)
---------------------------------------- open None (Bone to Getter GP-50) result=[(True, True)], time=0.16 sec
action=open, ok=True, locked=[False]
close () {'description': 'Bone to CO2 Laser'}
closing name=--- desc=Bone to CO2 Laser
checking ownership. requestor=129.138.12.137
check software interlocks D
interlocks []
actuate state mode=None-script, software_lock=False
doing actuation None-script close_channel True
Close D ===>> OK
GetIndicatorState D ===>> False
change switch state (True, True)
update switch state D False args=() kw={} ncanvase=5
16:26:38 -- CLOSE  VALVE-D (Bone to CO2 Laser)
---------------------------------------- close None (Bone to CO2 Laser) result=[(True, True)]
action=close, ok=True, locked=[False]
open () {'description': 'Bone to Diode Laser'}
opening name=--- desc=Bone to Diode Laser
checking ownership. requestor=129.138.12.137
check software interlocks B
interlocks []
actuate state mode=None-script, software_lock=False
doing actuation None-script open_channel False
Open B ===>> OK
GetIndicatorState B ===>> OK
change switch state (True, True)
update switch state B True args=() kw={} ncanvase=5
set states for children of U. state=True
handle state [('U', True)]
update switch state U True args=() kw={'refresh': False} ncanvase=5
16:26:39 -- OPEN   VALVE-B (Bone to Diode Laser)
---------------------------------------- open None (Bone to Diode Laser) result=[(True, True)], time=0.17 sec
refresh_canvas_needed fired
action=open, ok=True, locked=[False]
executed snippet estimated_duration=0, duration=3.07137584686
PrepareForDiodeAnalysis.py completed successfully
gosub finished
doing GOSUB
testing...
no interpolation path defined
executed snippet estimated_duration=0, duration=4.50611114502e-05
Isolate coldfinger
close () {'name': 'B', 'description': 'Bone to Diode Laser'}
closing name=B desc=Bone to Diode Laser
checking ownership. requestor=129.138.12.137
check software interlocks B
interlocks []
actuate state mode=None-script, software_lock=False
doing actuation None-script close_channel True
Close B ===>> OK
GetIndicatorState B ===>> False
change switch state (True, True)
update switch state B False args=() kw={} ncanvase=5
16:26:39 -- CLOSE  VALVE-B (Bone to Diode Laser)
---------------------------------------- close B (Bone to Diode Laser) result=[(True, True)]
action=close, ok=True, locked=[False]
executed snippet estimated_duration=0, duration=0.681836128235
IsolateDiodeColdfinger.py completed successfully
gosub finished
open () {'description': 'Bone to Turbo'}
opening name=--- desc=Bone to Turbo
checking ownership. requestor=129.138.12.137
check software interlocks C
interlocks []
actuate state mode=None-script, software_lock=False
doing actuation None-script open_channel False
Open C ===>> OK
set states for children of T. state=True
handle state [('T', True)]
update switch state T True args=() kw={'refresh': False} ncanvase=5
GetIndicatorState C ===>> OK
change switch state (True, True)
update switch state C True args=() kw={} ncanvase=5
refresh_canvas_needed fired
16:26:40 -- OPEN   VALVE-C (Bone to Turbo)
---------------------------------------- open None (Bone to Turbo) result=[(True, True)], time=0.43 sec
action=open, ok=True, locked=[False]
Blank Analyis. No laser heating
sleep (40.0,) {}
SLEEP 40.0
block started
WaitControl setup for 40.0  
set states for children of S. state=True
handle state [('S', True)]
update switch state S True args=() kw={'refresh': False} ncanvase=5
refresh_canvas_needed fired
set states for children of I. state=True
set states for children of L. state=False
handle state [('I', True), ('L', False)]
update switch state I True args=() kw={'refresh': True} ncanvase=5
update switch state L False args=() kw={'refresh': False} ncanvase=5
refresh_canvas_needed fired
set states for children of Q. state=True
set states for children of P. state=True
handle state [('Q', True), ('P', True)]
update switch state Q True args=() kw={'refresh': True} ncanvase=5
update switch state P True args=() kw={'refresh': False} ncanvase=5
refresh_canvas_needed fired
_cancel
Queue cancel. stop timer
Stop timer. self._timer: <pychron.core.helpers.timer.Timer object at 0x12270da28>
Estimated total time= 92989.0, elapsed time= 23.0, deviation= 92966.0
set extraction state False (0.75, 'green', 1.5)
wait dialog stopped
Cancel run state=None do_post_equilibration=True
wait dialog stopped
%%%%%%%%%%%%%%%%%%%%%%%%%%%%%%%%%%% disable
set extraction state False (0.75, 'red', 1.5)
disabling laser
Join finished
block finished. duration 9.84135890007
executed snippet estimated_duration=282.0, duration=14.2969141006
Post Equilibration Started felix_pump_extraction_line.py
Post Measurement Started felix_pump_ms.py
16:26:50 -- ******* Post Equilibration Started felix_pump_extraction_line.py *******
16:26:50 -- ******* Post Measurement Started felix_pump_ms.py *******
testing...
testing...
no interpolation path defined
no interpolation path defined
executed snippet estimated_duration=0, duration=4.48226928711e-05
Pumping spectrometer
calculate duration
open () {'name': 'V'}
testing...
opening name=V desc=---
no interpolation path defined
executed snippet estimated_duration=4.0, duration=0.00026798248291
executed snippet estimated_duration=4.0, duration=0.00373697280884
Pump after analysis
checking ownership. requestor=129.138.12.137
doing GOSUB
check software interlocks V
interlocks []
testing...
actuate state mode=None-script, software_lock=False
no interpolation path defined
doing actuation None-script open_channel False
executed snippet estimated_duration=4.0, duration=0.0002760887146
Pump Bone
close () {'description': 'Felix Inlet'}
closing name=--- desc=Felix Inlet
checking ownership. requestor=129.138.12.137
check software interlocks H
interlocks []
actuate state mode=None-script, software_lock=False
doing actuation None-script close_channel False
Open V ===>> OK
Disable ===>> OK
Close H ===>> OK
GetIndicatorState V ===>> OK
change switch state (True, True)
update switch state V True args=() kw={} ncanvase=5
16:26:50 -- OPEN   VALVE-V (Felix Ion Pump)
---------------------------------------- open V () result=[(True, True)], time=0.16 sec
GetIndicatorState H ===>> False
change switch state (True, True)
update switch state H False args=() kw={} ncanvase=5
16:26:51 -- CLOSE  VALVE-H (Felix Inlet)
---------------------------------------- close None (Felix Inlet) result=[(True, True)]
action=open, ok=True, locked=[False]
executed snippet estimated_duration=0, duration=0.418375015259
felix_pump_ms.py completed successfully
setting _ms_pumptime
Post Measurement Finished
16:26:51 -- ******* Post Measurement Finished *******
----------------- finish -----------------
state changed from extraction to failed
----------------- stop -----------------
Extraction Finished unsuccessfully
16:26:51 -- ******* Extraction Finished unsuccessfully *******
failed execution step Extraction Failed
extraction did not complete successfully
16:26:51 -- Automated run bu-FD-F-560 failed duration: 18.262 s
----------------- finish -----------------
----------------- stop -----------------
finish run. runs completed=1
write rem/ex queues
/Users/obama/PychronDev/experiments/rem/Load1797.rem.txt
/Users/obama/PychronDev/experiments/rem/Load1797.ex.txt
doing event level: 3
